{"total": {"lines":{"total":845,"covered":794,"skipped":0,"pct":93.96},"statements":{"total":869,"covered":815,"skipped":0,"pct":93.78},"functions":{"total":267,"covered":250,"skipped":0,"pct":93.63},"branches":{"total":372,"covered":312,"skipped":0,"pct":83.87},"branchesTrue":{"total":0,"covered":0,"skipped":0,"pct":100}}
,"/Users/benoitlahoz/Documents/Development/assemblerjs/packages/assemblerjs/src/features/assemblage/lib/decorator.ts": {"lines":{"total":8,"covered":8,"skipped":0,"pct":100},"functions":{"total":3,"covered":3,"skipped":0,"pct":100},"statements":{"total":8,"covered":8,"skipped":0,"pct":100},"branches":{"total":2,"covered":2,"skipped":0,"pct":100}}
,"/Users/benoitlahoz/Documents/Development/assemblerjs/packages/assemblerjs/src/features/assemblage/lib/helpers.ts": {"lines":{"total":6,"covered":5,"skipped":0,"pct":83.33},"functions":{"total":3,"covered":2,"skipped":0,"pct":66.66},"statements":{"total":6,"covered":5,"skipped":0,"pct":83.33},"branches":{"total":2,"covered":2,"skipped":0,"pct":100}}
,"/Users/benoitlahoz/Documents/Development/assemblerjs/packages/assemblerjs/src/features/assemblage/lib/definition/inject.ts": {"lines":{"total":21,"covered":20,"skipped":0,"pct":95.23},"functions":{"total":16,"covered":15,"skipped":0,"pct":93.75},"statements":{"total":23,"covered":22,"skipped":0,"pct":95.65},"branches":{"total":4,"covered":4,"skipped":0,"pct":100}}
,"/Users/benoitlahoz/Documents/Development/assemblerjs/packages/assemblerjs/src/features/assemblage/lib/definition/schema.ts": {"lines":{"total":56,"covered":56,"skipped":0,"pct":100},"functions":{"total":33,"covered":33,"skipped":0,"pct":100},"statements":{"total":56,"covered":56,"skipped":0,"pct":100},"branches":{"total":44,"covered":44,"skipped":0,"pct":100}}
,"/Users/benoitlahoz/Documents/Development/assemblerjs/packages/assemblerjs/src/features/assemblage/lib/definition/use.ts": {"lines":{"total":2,"covered":2,"skipped":0,"pct":100},"functions":{"total":1,"covered":1,"skipped":0,"pct":100},"statements":{"total":2,"covered":2,"skipped":0,"pct":100},"branches":{"total":0,"covered":0,"skipped":0,"pct":100}}
,"/Users/benoitlahoz/Documents/Development/assemblerjs/packages/assemblerjs/src/features/assembler/lib/assembler-builder.ts": {"lines":{"total":17,"covered":16,"skipped":0,"pct":94.11},"functions":{"total":3,"covered":3,"skipped":0,"pct":100},"statements":{"total":17,"covered":16,"skipped":0,"pct":94.11},"branches":{"total":4,"covered":3,"skipped":0,"pct":75}}
,"/Users/benoitlahoz/Documents/Development/assemblerjs/packages/assemblerjs/src/features/assembler/lib/assembler.ts": {"lines":{"total":28,"covered":27,"skipped":0,"pct":96.42},"functions":{"total":14,"covered":13,"skipped":0,"pct":92.85},"statements":{"total":28,"covered":27,"skipped":0,"pct":96.42},"branches":{"total":8,"covered":8,"skipped":0,"pct":100}}
,"/Users/benoitlahoz/Documents/Development/assemblerjs/packages/assemblerjs/src/features/assembler/lib/context-provider.ts": {"lines":{"total":3,"covered":3,"skipped":0,"pct":100},"functions":{"total":3,"covered":3,"skipped":0,"pct":100},"statements":{"total":3,"covered":3,"skipped":0,"pct":100},"branches":{"total":0,"covered":0,"skipped":0,"pct":100}}
,"/Users/benoitlahoz/Documents/Development/assemblerjs/packages/assemblerjs/src/features/assembler/lib/hook-manager.ts": {"lines":{"total":29,"covered":26,"skipped":0,"pct":89.65},"functions":{"total":11,"covered":8,"skipped":0,"pct":72.72},"statements":{"total":30,"covered":27,"skipped":0,"pct":90},"branches":{"total":8,"covered":8,"skipped":0,"pct":100}}
,"/Users/benoitlahoz/Documents/Development/assemblerjs/packages/assemblerjs/src/features/assembler/lib/injectable-manager.ts": {"lines":{"total":30,"covered":27,"skipped":0,"pct":90},"functions":{"total":8,"covered":7,"skipped":0,"pct":87.5},"statements":{"total":32,"covered":29,"skipped":0,"pct":90.62},"branches":{"total":13,"covered":10,"skipped":0,"pct":76.92}}
,"/Users/benoitlahoz/Documents/Development/assemblerjs/packages/assemblerjs/src/features/assembler/lib/object-manager.ts": {"lines":{"total":14,"covered":13,"skipped":0,"pct":92.85},"functions":{"total":5,"covered":5,"skipped":0,"pct":100},"statements":{"total":14,"covered":13,"skipped":0,"pct":92.85},"branches":{"total":6,"covered":5,"skipped":0,"pct":83.33}}
,"/Users/benoitlahoz/Documents/Development/assemblerjs/packages/assemblerjs/src/features/assembler/lib/resolution-strategies.ts": {"lines":{"total":13,"covered":13,"skipped":0,"pct":100},"functions":{"total":2,"covered":2,"skipped":0,"pct":100},"statements":{"total":13,"covered":13,"skipped":0,"pct":100},"branches":{"total":4,"covered":4,"skipped":0,"pct":100}}
,"/Users/benoitlahoz/Documents/Development/assemblerjs/packages/assemblerjs/src/features/events/lib/helpers.ts": {"lines":{"total":26,"covered":22,"skipped":0,"pct":84.61},"functions":{"total":3,"covered":3,"skipped":0,"pct":100},"statements":{"total":27,"covered":23,"skipped":0,"pct":85.18},"branches":{"total":12,"covered":6,"skipped":0,"pct":50}}
,"/Users/benoitlahoz/Documents/Development/assemblerjs/packages/assemblerjs/src/features/events/lib/collection/listener-collection.ts": {"lines":{"total":52,"covered":45,"skipped":0,"pct":86.53},"functions":{"total":24,"covered":20,"skipped":0,"pct":83.33},"statements":{"total":53,"covered":46,"skipped":0,"pct":86.79},"branches":{"total":16,"covered":12,"skipped":0,"pct":75}}
,"/Users/benoitlahoz/Documents/Development/assemblerjs/packages/assemblerjs/src/features/events/lib/manager/event-manager.ts": {"lines":{"total":55,"covered":48,"skipped":0,"pct":87.27},"functions":{"total":17,"covered":15,"skipped":0,"pct":88.23},"statements":{"total":56,"covered":49,"skipped":0,"pct":87.5},"branches":{"total":22,"covered":19,"skipped":0,"pct":86.36}}
,"/Users/benoitlahoz/Documents/Development/assemblerjs/packages/assemblerjs/src/features/injectable/lib/dependencies.ts": {"lines":{"total":40,"covered":39,"skipped":0,"pct":97.5},"functions":{"total":4,"covered":4,"skipped":0,"pct":100},"statements":{"total":42,"covered":41,"skipped":0,"pct":97.61},"branches":{"total":12,"covered":11,"skipped":0,"pct":91.66}}
,"/Users/benoitlahoz/Documents/Development/assemblerjs/packages/assemblerjs/src/features/injectable/lib/injectable-builder.ts": {"lines":{"total":11,"covered":11,"skipped":0,"pct":100},"functions":{"total":3,"covered":3,"skipped":0,"pct":100},"statements":{"total":11,"covered":11,"skipped":0,"pct":100},"branches":{"total":4,"covered":3,"skipped":0,"pct":75}}
,"/Users/benoitlahoz/Documents/Development/assemblerjs/packages/assemblerjs/src/features/injectable/lib/injectable.ts": {"lines":{"total":81,"covered":74,"skipped":0,"pct":91.35},"functions":{"total":16,"covered":14,"skipped":0,"pct":87.5},"statements":{"total":81,"covered":74,"skipped":0,"pct":91.35},"branches":{"total":62,"covered":48,"skipped":0,"pct":77.41}}
,"/Users/benoitlahoz/Documents/Development/assemblerjs/packages/assemblerjs/src/features/transversals/decorators/affect.ts": {"lines":{"total":7,"covered":7,"skipped":0,"pct":100},"functions":{"total":3,"covered":3,"skipped":0,"pct":100},"statements":{"total":7,"covered":7,"skipped":0,"pct":100},"branches":{"total":4,"covered":4,"skipped":0,"pct":100}}
,"/Users/benoitlahoz/Documents/Development/assemblerjs/packages/assemblerjs/src/features/transversals/lib/decorators.ts": {"lines":{"total":25,"covered":25,"skipped":0,"pct":100},"functions":{"total":10,"covered":10,"skipped":0,"pct":100},"statements":{"total":25,"covered":25,"skipped":0,"pct":100},"branches":{"total":17,"covered":17,"skipped":0,"pct":100}}
,"/Users/benoitlahoz/Documents/Development/assemblerjs/packages/assemblerjs/src/features/transversals/lib/pointcut-matcher.ts": {"lines":{"total":15,"covered":14,"skipped":0,"pct":93.33},"functions":{"total":4,"covered":4,"skipped":0,"pct":100},"statements":{"total":15,"covered":14,"skipped":0,"pct":93.33},"branches":{"total":6,"covered":5,"skipped":0,"pct":83.33}}
,"/Users/benoitlahoz/Documents/Development/assemblerjs/packages/assemblerjs/src/features/transversals/lib/transversal-manager.ts": {"lines":{"total":93,"covered":83,"skipped":0,"pct":89.24},"functions":{"total":12,"covered":12,"skipped":0,"pct":100},"statements":{"total":99,"covered":86,"skipped":0,"pct":86.86},"branches":{"total":58,"covered":38,"skipped":0,"pct":65.51}}
,"/Users/benoitlahoz/Documents/Development/assemblerjs/packages/assemblerjs/src/features/transversals/lib/transversal-weaver.ts": {"lines":{"total":50,"covered":50,"skipped":0,"pct":100},"functions":{"total":12,"covered":12,"skipped":0,"pct":100},"statements":{"total":54,"covered":54,"skipped":0,"pct":100},"branches":{"total":16,"covered":16,"skipped":0,"pct":100}}
,"/Users/benoitlahoz/Documents/Development/assemblerjs/packages/assemblerjs/src/shared/common/constants.ts": {"lines":{"total":5,"covered":5,"skipped":0,"pct":100},"functions":{"total":2,"covered":2,"skipped":0,"pct":100},"statements":{"total":5,"covered":5,"skipped":0,"pct":100},"branches":{"total":4,"covered":4,"skipped":0,"pct":100}}
,"/Users/benoitlahoz/Documents/Development/assemblerjs/packages/assemblerjs/src/shared/common/reflection.ts": {"lines":{"total":8,"covered":8,"skipped":0,"pct":100},"functions":{"total":4,"covered":4,"skipped":0,"pct":100},"statements":{"total":8,"covered":8,"skipped":0,"pct":100},"branches":{"total":2,"covered":2,"skipped":0,"pct":100}}
,"/Users/benoitlahoz/Documents/Development/assemblerjs/packages/assemblerjs/src/shared/decorators/class/constructor-decorator.ts": {"lines":{"total":28,"covered":27,"skipped":0,"pct":96.42},"functions":{"total":5,"covered":5,"skipped":0,"pct":100},"statements":{"total":31,"covered":30,"skipped":0,"pct":96.77},"branches":{"total":14,"covered":10,"skipped":0,"pct":71.42}}
,"/Users/benoitlahoz/Documents/Development/assemblerjs/packages/assemblerjs/src/shared/decorators/parameters/configuration.ts": {"lines":{"total":5,"covered":5,"skipped":0,"pct":100},"functions":{"total":2,"covered":2,"skipped":0,"pct":100},"statements":{"total":5,"covered":5,"skipped":0,"pct":100},"branches":{"total":2,"covered":1,"skipped":0,"pct":50}}
,"/Users/benoitlahoz/Documents/Development/assemblerjs/packages/assemblerjs/src/shared/decorators/parameters/context.ts": {"lines":{"total":5,"covered":5,"skipped":0,"pct":100},"functions":{"total":2,"covered":2,"skipped":0,"pct":100},"statements":{"total":5,"covered":5,"skipped":0,"pct":100},"branches":{"total":0,"covered":0,"skipped":0,"pct":100}}
,"/Users/benoitlahoz/Documents/Development/assemblerjs/packages/assemblerjs/src/shared/decorators/parameters/definition.ts": {"lines":{"total":5,"covered":5,"skipped":0,"pct":100},"functions":{"total":2,"covered":2,"skipped":0,"pct":100},"statements":{"total":5,"covered":5,"skipped":0,"pct":100},"branches":{"total":0,"covered":0,"skipped":0,"pct":100}}
,"/Users/benoitlahoz/Documents/Development/assemblerjs/packages/assemblerjs/src/shared/decorators/parameters/dispose.ts": {"lines":{"total":5,"covered":5,"skipped":0,"pct":100},"functions":{"total":2,"covered":2,"skipped":0,"pct":100},"statements":{"total":5,"covered":5,"skipped":0,"pct":100},"branches":{"total":0,"covered":0,"skipped":0,"pct":100}}
,"/Users/benoitlahoz/Documents/Development/assemblerjs/packages/assemblerjs/src/shared/decorators/parameters/global.ts": {"lines":{"total":9,"covered":8,"skipped":0,"pct":88.88},"functions":{"total":3,"covered":2,"skipped":0,"pct":66.66},"statements":{"total":9,"covered":8,"skipped":0,"pct":88.88},"branches":{"total":0,"covered":0,"skipped":0,"pct":100}}
,"/Users/benoitlahoz/Documents/Development/assemblerjs/packages/assemblerjs/src/shared/decorators/parameters/helpers.ts": {"lines":{"total":14,"covered":13,"skipped":0,"pct":92.85},"functions":{"total":5,"covered":4,"skipped":0,"pct":80},"statements":{"total":14,"covered":13,"skipped":0,"pct":92.85},"branches":{"total":2,"covered":2,"skipped":0,"pct":100}}
,"/Users/benoitlahoz/Documents/Development/assemblerjs/packages/assemblerjs/src/shared/decorators/parameters/index-factory.ts": {"lines":{"total":6,"covered":6,"skipped":0,"pct":100},"functions":{"total":3,"covered":3,"skipped":0,"pct":100},"statements":{"total":7,"covered":7,"skipped":0,"pct":100},"branches":{"total":2,"covered":2,"skipped":0,"pct":100}}
,"/Users/benoitlahoz/Documents/Development/assemblerjs/packages/assemblerjs/src/shared/decorators/parameters/optional.ts": {"lines":{"total":10,"covered":10,"skipped":0,"pct":100},"functions":{"total":2,"covered":2,"skipped":0,"pct":100},"statements":{"total":10,"covered":10,"skipped":0,"pct":100},"branches":{"total":0,"covered":0,"skipped":0,"pct":100}}
,"/Users/benoitlahoz/Documents/Development/assemblerjs/packages/assemblerjs/src/shared/decorators/parameters/parameter-decorator-factory.ts": {"lines":{"total":42,"covered":42,"skipped":0,"pct":100},"functions":{"total":14,"covered":14,"skipped":0,"pct":100},"statements":{"total":42,"covered":42,"skipped":0,"pct":100},"branches":{"total":20,"covered":20,"skipped":0,"pct":100}}
,"/Users/benoitlahoz/Documents/Development/assemblerjs/packages/assemblerjs/src/shared/decorators/parameters/use.ts": {"lines":{"total":9,"covered":9,"skipped":0,"pct":100},"functions":{"total":3,"covered":3,"skipped":0,"pct":100},"statements":{"total":9,"covered":9,"skipped":0,"pct":100},"branches":{"total":0,"covered":0,"skipped":0,"pct":100}}
,"/Users/benoitlahoz/Documents/Development/assemblerjs/packages/assemblerjs/src/shared/decorators/resolvers/parameter-resolver.factory.ts": {"lines":{"total":3,"covered":3,"skipped":0,"pct":100},"functions":{"total":3,"covered":3,"skipped":0,"pct":100},"statements":{"total":3,"covered":3,"skipped":0,"pct":100},"branches":{"total":0,"covered":0,"skipped":0,"pct":100}}
,"/Users/benoitlahoz/Documents/Development/assemblerjs/packages/assemblerjs/src/shared/decorators/resolvers/resolver-store.ts": {"lines":{"total":9,"covered":9,"skipped":0,"pct":100},"functions":{"total":5,"covered":5,"skipped":0,"pct":100},"statements":{"total":9,"covered":9,"skipped":0,"pct":100},"branches":{"total":2,"covered":2,"skipped":0,"pct":100}}
}
