{"/Users/benoitlahoz/Documents/oz/assemblerjs/packages/assemblerjs/src/assemblage/abstract.ts": {"path":"/Users/benoitlahoz/Documents/oz/assemblerjs/packages/assemblerjs/src/assemblage/abstract.ts","statementMap":{},"fnMap":{"0":{"name":"(anonymous_0)","decl":{"start":{"line":15,"column":2},"end":{"line":15,"column":16}},"loc":{"start":{"line":21,"column":10},"end":{"line":21,"column":null}}}},"branchMap":{},"s":{},"f":{"0":0},"b":{}}
,"/Users/benoitlahoz/Documents/oz/assemblerjs/packages/assemblerjs/src/assemblage/decorator.ts": {"path":"/Users/benoitlahoz/Documents/oz/assemblerjs/packages/assemblerjs/src/assemblage/decorator.ts","statementMap":{"0":{"start":{"line":12,"column":26},"end":{"line":18,"column":2}},"1":{"start":{"line":15,"column":2},"end":{"line":17,"column":null}},"2":{"start":{"line":16,"column":4},"end":{"line":16,"column":null}},"3":{"start":{"line":27,"column":34},"end":{"line":44,"column":2}},"4":{"start":{"line":31,"column":30},"end":{"line":31,"column":null}},"5":{"start":{"line":34,"column":2},"end":{"line":34,"column":null}},"6":{"start":{"line":37,"column":2},"end":{"line":40,"column":null}},"7":{"start":{"line":43,"column":2},"end":{"line":43,"column":null}}},"fnMap":{"0":{"name":"(anonymous_0)","decl":{"start":{"line":12,"column":26},"end":{"line":12,"column":null}},"loc":{"start":{"line":13,"column":2},"end":{"line":18,"column":2}}},"1":{"name":"(anonymous_1)","decl":{"start":{"line":15,"column":10},"end":{"line":15,"column":11}},"loc":{"start":{"line":15,"column":11},"end":{"line":17,"column":null}}},"2":{"name":"(anonymous_2)","decl":{"start":{"line":27,"column":34},"end":{"line":27,"column":null}},"loc":{"start":{"line":29,"column":2},"end":{"line":44,"column":2}}}},"branchMap":{"0":{"loc":{"start":{"line":31,"column":49},"end":{"line":31,"column":null}},"type":"binary-expr","locations":[{"start":{"line":31,"column":49},"end":{"line":31,"column":63}},{"start":{"line":31,"column":63},"end":{"line":31,"column":null}}]}},"s":{"0":1,"1":1,"2":1,"3":1,"4":2,"5":2,"6":2,"7":2},"f":{"0":1,"1":1,"2":2},"b":{"0":[2,0]}}
,"/Users/benoitlahoz/Documents/oz/assemblerjs/packages/assemblerjs/src/assemblage/helpers.ts": {"path":"/Users/benoitlahoz/Documents/oz/assemblerjs/packages/assemblerjs/src/assemblage/helpers.ts","statementMap":{"0":{"start":{"line":10,"column":28},"end":{"line":12,"column":2}},"1":{"start":{"line":11,"column":2},"end":{"line":11,"column":null}}},"fnMap":{"0":{"name":"(anonymous_0)","decl":{"start":{"line":10,"column":28},"end":{"line":10,"column":32}},"loc":{"start":{"line":10,"column":32},"end":{"line":12,"column":2}}}},"branchMap":{"0":{"loc":{"start":{"line":11,"column":9},"end":{"line":11,"column":null}},"type":"binary-expr","locations":[{"start":{"line":11,"column":9},"end":{"line":11,"column":68}},{"start":{"line":11,"column":68},"end":{"line":11,"column":null}}]}},"s":{"0":1,"1":7},"f":{"0":7},"b":{"0":[7,0]}}
,"/Users/benoitlahoz/Documents/oz/assemblerjs/packages/assemblerjs/src/assemblage/definition/helpers.ts": {"path":"/Users/benoitlahoz/Documents/oz/assemblerjs/packages/assemblerjs/src/assemblage/definition/helpers.ts","statementMap":{"0":{"start":{"line":13,"column":36},"end":{"line":91,"column":null}},"1":{"start":{"line":16,"column":6},"end":{"line":16,"column":null}},"2":{"start":{"line":18,"column":6},"end":{"line":19,"column":null}},"3":{"start":{"line":24,"column":6},"end":{"line":24,"column":null}},"4":{"start":{"line":29,"column":6},"end":{"line":31,"column":null}},"5":{"start":{"line":31,"column":39},"end":{"line":31,"column":null}},"6":{"start":{"line":33,"column":6},"end":{"line":34,"column":null}},"7":{"start":{"line":37,"column":37},"end":{"line":37,"column":null}},"8":{"start":{"line":41,"column":6},"end":{"line":45,"column":null}},"9":{"start":{"line":45,"column":12},"end":{"line":45,"column":null}},"10":{"start":{"line":48,"column":6},"end":{"line":49,"column":null}},"11":{"start":{"line":52,"column":51},"end":{"line":52,"column":null}},"12":{"start":{"line":56,"column":6},"end":{"line":59,"column":null}},"13":{"start":{"line":59,"column":29},"end":{"line":59,"column":null}},"14":{"start":{"line":62,"column":6},"end":{"line":62,"column":null}},"15":{"start":{"line":64,"column":59},"end":{"line":64,"column":null}},"16":{"start":{"line":68,"column":6},"end":{"line":71,"column":null}},"17":{"start":{"line":71,"column":39},"end":{"line":71,"column":null}},"18":{"start":{"line":73,"column":6},"end":{"line":74,"column":null}},"19":{"start":{"line":78,"column":6},"end":{"line":78,"column":null}},"20":{"start":{"line":82,"column":6},"end":{"line":83,"column":null}},"21":{"start":{"line":85,"column":6},"end":{"line":86,"column":null}},"22":{"start":{"line":89,"column":48},"end":{"line":89,"column":null}},"23":{"start":{"line":99,"column":34},"end":{"line":123,"column":2}},"24":{"start":{"line":100,"column":14},"end":{"line":100,"column":null}},"25":{"start":{"line":102,"column":2},"end":{"line":108,"column":null}},"26":{"start":{"line":103,"column":4},"end":{"line":107,"column":null}},"27":{"start":{"line":104,"column":6},"end":{"line":105,"column":null}},"28":{"start":{"line":110,"column":2},"end":{"line":120,"column":null}},"29":{"start":{"line":111,"column":17},"end":{"line":111,"column":38}},"30":{"start":{"line":112,"column":18},"end":{"line":112,"column":40}},"31":{"start":{"line":113,"column":22},"end":{"line":113,"column":48}},"32":{"start":{"line":115,"column":4},"end":{"line":117,"column":null}},"33":{"start":{"line":116,"column":6},"end":{"line":116,"column":null}},"34":{"start":{"line":119,"column":4},"end":{"line":119,"column":null}},"35":{"start":{"line":122,"column":2},"end":{"line":122,"column":null}},"36":{"start":{"line":131,"column":29},"end":{"line":138,"column":2}},"37":{"start":{"line":134,"column":2},"end":{"line":136,"column":null}},"38":{"start":{"line":135,"column":4},"end":{"line":135,"column":null}},"39":{"start":{"line":137,"column":2},"end":{"line":137,"column":null}},"40":{"start":{"line":147,"column":34},"end":{"line":153,"column":2}},"41":{"start":{"line":151,"column":42},"end":{"line":151,"column":null}},"42":{"start":{"line":152,"column":2},"end":{"line":152,"column":null}},"43":{"start":{"line":163,"column":34},"end":{"line":180,"column":2}},"44":{"start":{"line":168,"column":42},"end":{"line":168,"column":null}},"45":{"start":{"line":169,"column":2},"end":{"line":169,"column":null}},"46":{"start":{"line":170,"column":25},"end":{"line":170,"column":null}},"47":{"start":{"line":173,"column":2},"end":{"line":176,"column":null}},"48":{"start":{"line":179,"column":2},"end":{"line":179,"column":null}}},"fnMap":{"0":{"name":"(anonymous_0)","decl":{"start":{"line":15,"column":10},"end":{"line":15,"column":11}},"loc":{"start":{"line":16,"column":6},"end":{"line":16,"column":null}}},"1":{"name":"(anonymous_1)","decl":{"start":{"line":17,"column":11},"end":{"line":17,"column":null}},"loc":{"start":{"line":17,"column":11},"end":{"line":21,"column":null}}},"2":{"name":"(anonymous_2)","decl":{"start":{"line":23,"column":15},"end":{"line":23,"column":16}},"loc":{"start":{"line":23,"column":16},"end":{"line":25,"column":null}}},"3":{"name":"(anonymous_3)","decl":{"start":{"line":28,"column":10},"end":{"line":28,"column":11}},"loc":{"start":{"line":29,"column":6},"end":{"line":31,"column":null}}},"4":{"name":"(anonymous_4)","decl":{"start":{"line":31,"column":20},"end":{"line":31,"column":21}},"loc":{"start":{"line":31,"column":39},"end":{"line":31,"column":null}}},"5":{"name":"(anonymous_5)","decl":{"start":{"line":32,"column":11},"end":{"line":32,"column":null}},"loc":{"start":{"line":32,"column":11},"end":{"line":36,"column":null}}},"6":{"name":"(anonymous_6)","decl":{"start":{"line":37,"column":15},"end":{"line":37,"column":16}},"loc":{"start":{"line":37,"column":37},"end":{"line":37,"column":null}}},"7":{"name":"(anonymous_7)","decl":{"start":{"line":40,"column":10},"end":{"line":40,"column":11}},"loc":{"start":{"line":41,"column":6},"end":{"line":45,"column":null}}},"8":{"name":"(anonymous_8)","decl":{"start":{"line":44,"column":10},"end":{"line":44,"column":11}},"loc":{"start":{"line":45,"column":12},"end":{"line":45,"column":null}}},"9":{"name":"(anonymous_9)","decl":{"start":{"line":47,"column":11},"end":{"line":47,"column":null}},"loc":{"start":{"line":47,"column":11},"end":{"line":51,"column":null}}},"10":{"name":"(anonymous_10)","decl":{"start":{"line":52,"column":15},"end":{"line":52,"column":16}},"loc":{"start":{"line":52,"column":51},"end":{"line":52,"column":null}}},"11":{"name":"(anonymous_11)","decl":{"start":{"line":55,"column":10},"end":{"line":55,"column":11}},"loc":{"start":{"line":56,"column":6},"end":{"line":59,"column":null}}},"12":{"name":"(anonymous_12)","decl":{"start":{"line":59,"column":10},"end":{"line":59,"column":11}},"loc":{"start":{"line":59,"column":29},"end":{"line":59,"column":null}}},"13":{"name":"(anonymous_13)","decl":{"start":{"line":61,"column":11},"end":{"line":61,"column":null}},"loc":{"start":{"line":61,"column":11},"end":{"line":63,"column":null}}},"14":{"name":"(anonymous_14)","decl":{"start":{"line":64,"column":15},"end":{"line":64,"column":16}},"loc":{"start":{"line":64,"column":59},"end":{"line":64,"column":null}}},"15":{"name":"(anonymous_15)","decl":{"start":{"line":67,"column":10},"end":{"line":67,"column":11}},"loc":{"start":{"line":68,"column":6},"end":{"line":71,"column":null}}},"16":{"name":"(anonymous_16)","decl":{"start":{"line":71,"column":20},"end":{"line":71,"column":21}},"loc":{"start":{"line":71,"column":39},"end":{"line":71,"column":null}}},"17":{"name":"(anonymous_17)","decl":{"start":{"line":72,"column":11},"end":{"line":72,"column":null}},"loc":{"start":{"line":72,"column":11},"end":{"line":76,"column":null}}},"18":{"name":"(anonymous_18)","decl":{"start":{"line":77,"column":15},"end":{"line":77,"column":16}},"loc":{"start":{"line":78,"column":6},"end":{"line":78,"column":null}}},"19":{"name":"(anonymous_19)","decl":{"start":{"line":81,"column":10},"end":{"line":81,"column":11}},"loc":{"start":{"line":82,"column":6},"end":{"line":83,"column":null}}},"20":{"name":"(anonymous_20)","decl":{"start":{"line":84,"column":11},"end":{"line":84,"column":null}},"loc":{"start":{"line":84,"column":11},"end":{"line":88,"column":null}}},"21":{"name":"(anonymous_21)","decl":{"start":{"line":89,"column":15},"end":{"line":89,"column":16}},"loc":{"start":{"line":89,"column":48},"end":{"line":89,"column":null}}},"22":{"name":"(anonymous_22)","decl":{"start":{"line":99,"column":34},"end":{"line":99,"column":35}},"loc":{"start":{"line":99,"column":35},"end":{"line":123,"column":2}}},"23":{"name":"(anonymous_23)","decl":{"start":{"line":131,"column":29},"end":{"line":131,"column":null}},"loc":{"start":{"line":132,"column":2},"end":{"line":138,"column":2}}},"24":{"name":"(anonymous_24)","decl":{"start":{"line":147,"column":34},"end":{"line":147,"column":null}},"loc":{"start":{"line":149,"column":2},"end":{"line":153,"column":2}}},"25":{"name":"(anonymous_25)","decl":{"start":{"line":163,"column":34},"end":{"line":163,"column":null}},"loc":{"start":{"line":166,"column":2},"end":{"line":180,"column":2}}}},"branchMap":{"0":{"loc":{"start":{"line":16,"column":6},"end":{"line":16,"column":null}},"type":"binary-expr","locations":[{"start":{"line":16,"column":6},"end":{"line":16,"column":36}},{"start":{"line":16,"column":36},"end":{"line":16,"column":null}}]},"1":{"loc":{"start":{"line":24,"column":13},"end":{"line":24,"column":null}},"type":"cond-expr","locations":[{"start":{"line":24,"column":44},"end":{"line":24,"column":51}},{"start":{"line":24,"column":51},"end":{"line":24,"column":null}}]},"2":{"loc":{"start":{"line":24,"column":51},"end":{"line":24,"column":null}},"type":"cond-expr","locations":[{"start":{"line":24,"column":59},"end":{"line":24,"column":66}},{"start":{"line":24,"column":66},"end":{"line":24,"column":null}}]},"3":{"loc":{"start":{"line":29,"column":6},"end":{"line":31,"column":null}},"type":"binary-expr","locations":[{"start":{"line":29,"column":6},"end":{"line":29,"column":null}},{"start":{"line":30,"column":7},"end":{"line":30,"column":null}},{"start":{"line":31,"column":8},"end":{"line":31,"column":null}}]},"4":{"loc":{"start":{"line":41,"column":6},"end":{"line":45,"column":null}},"type":"binary-expr","locations":[{"start":{"line":41,"column":6},"end":{"line":41,"column":null}},{"start":{"line":42,"column":7},"end":{"line":42,"column":null}},{"start":{"line":43,"column":8},"end":{"line":45,"column":null}}]},"5":{"loc":{"start":{"line":45,"column":12},"end":{"line":45,"column":null}},"type":"binary-expr","locations":[{"start":{"line":45,"column":12},"end":{"line":45,"column":35}},{"start":{"line":45,"column":35},"end":{"line":45,"column":55}},{"start":{"line":45,"column":55},"end":{"line":45,"column":null}}]},"6":{"loc":{"start":{"line":56,"column":6},"end":{"line":59,"column":null}},"type":"binary-expr","locations":[{"start":{"line":56,"column":6},"end":{"line":56,"column":null}},{"start":{"line":57,"column":7},"end":{"line":57,"column":null}},{"start":{"line":58,"column":8},"end":{"line":59,"column":null}}]},"7":{"loc":{"start":{"line":59,"column":29},"end":{"line":59,"column":null}},"type":"binary-expr","locations":[{"start":{"line":59,"column":29},"end":{"line":59,"column":52}},{"start":{"line":59,"column":52},"end":{"line":59,"column":null}}]},"8":{"loc":{"start":{"line":68,"column":6},"end":{"line":71,"column":null}},"type":"binary-expr","locations":[{"start":{"line":68,"column":6},"end":{"line":68,"column":null}},{"start":{"line":69,"column":6},"end":{"line":69,"column":null}},{"start":{"line":70,"column":7},"end":{"line":70,"column":null}},{"start":{"line":71,"column":8},"end":{"line":71,"column":null}}]},"9":{"loc":{"start":{"line":78,"column":6},"end":{"line":78,"column":null}},"type":"cond-expr","locations":[{"start":{"line":78,"column":34},"end":{"line":78,"column":44}},{"start":{"line":78,"column":44},"end":{"line":78,"column":null}}]},"10":{"loc":{"start":{"line":82,"column":6},"end":{"line":83,"column":null}},"type":"binary-expr","locations":[{"start":{"line":82,"column":7},"end":{"line":82,"column":36}},{"start":{"line":82,"column":36},"end":{"line":82,"column":63}},{"start":{"line":83,"column":6},"end":{"line":83,"column":null}}]},"11":{"loc":{"start":{"line":103,"column":4},"end":{"line":107,"column":null}},"type":"if","locations":[{"start":{"line":103,"column":4},"end":{"line":107,"column":null}},{"start":{},"end":{}}]},"12":{"loc":{"start":{"line":115,"column":4},"end":{"line":117,"column":null}},"type":"if","locations":[{"start":{"line":115,"column":4},"end":{"line":117,"column":null}},{"start":{},"end":{}}]},"13":{"loc":{"start":{"line":134,"column":2},"end":{"line":136,"column":null}},"type":"if","locations":[{"start":{"line":134,"column":2},"end":{"line":136,"column":null}},{"start":{},"end":{}}]}},"s":{"0":1,"1":3,"2":0,"3":3,"4":3,"5":0,"6":0,"7":3,"8":3,"9":0,"10":0,"11":3,"12":3,"13":6,"14":0,"15":3,"16":3,"17":0,"18":0,"19":3,"20":3,"21":0,"22":3,"23":1,"24":3,"25":3,"26":13,"27":0,"28":3,"29":18,"30":18,"31":18,"32":18,"33":0,"34":18,"35":3,"36":1,"37":6,"38":0,"39":6,"40":1,"41":4,"42":4,"43":1,"44":1,"45":1,"46":1,"47":1,"48":1},"f":{"0":3,"1":0,"2":3,"3":3,"4":0,"5":0,"6":3,"7":3,"8":0,"9":0,"10":3,"11":3,"12":6,"13":0,"14":3,"15":3,"16":0,"17":0,"18":3,"19":3,"20":0,"21":3,"22":3,"23":6,"24":4,"25":1},"b":{"0":[3,1],"1":[1,2],"2":[2,0],"3":[3,0,0],"4":[3,0,0],"5":[0,0,0],"6":[3,3,3],"7":[6,6],"8":[3,0,0,0],"9":[0,3],"10":[3,3,3],"11":[0,13],"12":[0,18],"13":[0,6]}}
,"/Users/benoitlahoz/Documents/oz/assemblerjs/packages/assemblerjs/src/assemblage/definition/inject.ts": {"path":"/Users/benoitlahoz/Documents/oz/assemblerjs/packages/assemblerjs/src/assemblage/definition/inject.ts","statementMap":{"0":{"start":{"line":62,"column":33},"end":{"line":68,"column":null}},"1":{"start":{"line":63,"column":2},"end":{"line":67,"column":null}},"2":{"start":{"line":76,"column":34},"end":{"line":113,"column":null}},"3":{"start":{"line":79,"column":26},"end":{"line":79,"column":null}},"4":{"start":{"line":79,"column":32},"end":{"line":79,"column":null}},"5":{"start":{"line":80,"column":32},"end":{"line":80,"column":null}},"6":{"start":{"line":80,"column":38},"end":{"line":80,"column":null}},"7":{"start":{"line":82,"column":15},"end":{"line":109,"column":null}},"8":{"start":{"line":83,"column":4},"end":{"line":109,"column":null}},"9":{"start":{"line":87,"column":18},"end":{"line":87,"column":null}},"10":{"start":{"line":89,"column":10},"end":{"line":93,"column":null}},"11":{"start":{"line":100,"column":18},"end":{"line":100,"column":null}},"12":{"start":{"line":102,"column":10},"end":{"line":106,"column":null}},"13":{"start":{"line":108,"column":37},"end":{"line":108,"column":null}},"14":{"start":{"line":112,"column":2},"end":{"line":112,"column":null}},"15":{"start":{"line":121,"column":35},"end":{"line":127,"column":null}},"16":{"start":{"line":122,"column":2},"end":{"line":126,"column":null}},"17":{"start":{"line":135,"column":37},"end":{"line":148,"column":18}},"18":{"start":{"line":136,"column":2},"end":{"line":148,"column":18}},"19":{"start":{"line":138,"column":15},"end":{"line":138,"column":null}},"20":{"start":{"line":140,"column":8},"end":{"line":141,"column":null}},"21":{"start":{"line":143,"column":15},"end":{"line":143,"column":null}},"22":{"start":{"line":146,"column":6},"end":{"line":146,"column":null}}},"fnMap":{"0":{"name":"(anonymous_0)","decl":{"start":{"line":62,"column":33},"end":{"line":62,"column":37}},"loc":{"start":{"line":62,"column":37},"end":{"line":68,"column":null}}},"1":{"name":"(anonymous_1)","decl":{"start":{"line":76,"column":34},"end":{"line":76,"column":null}},"loc":{"start":{"line":77,"column":2},"end":{"line":113,"column":null}}},"2":{"name":"(anonymous_2)","decl":{"start":{"line":79,"column":26},"end":{"line":79,"column":32}},"loc":{"start":{"line":79,"column":32},"end":{"line":79,"column":null}}},"3":{"name":"(anonymous_3)","decl":{"start":{"line":80,"column":32},"end":{"line":80,"column":38}},"loc":{"start":{"line":80,"column":38},"end":{"line":80,"column":null}}},"4":{"name":"(anonymous_4)","decl":{"start":{"line":82,"column":15},"end":{"line":82,"column":null}},"loc":{"start":{"line":83,"column":4},"end":{"line":109,"column":null}}},"5":{"name":"(anonymous_5)","decl":{"start":{"line":87,"column":12},"end":{"line":87,"column":18}},"loc":{"start":{"line":87,"column":18},"end":{"line":87,"column":null}}},"6":{"name":"(anonymous_6)","decl":{"start":{"line":88,"column":14},"end":{"line":88,"column":null}},"loc":{"start":{"line":88,"column":14},"end":{"line":94,"column":null}}},"7":{"name":"(anonymous_7)","decl":{"start":{"line":100,"column":12},"end":{"line":100,"column":18}},"loc":{"start":{"line":100,"column":18},"end":{"line":100,"column":null}}},"8":{"name":"(anonymous_8)","decl":{"start":{"line":101,"column":14},"end":{"line":101,"column":null}},"loc":{"start":{"line":101,"column":14},"end":{"line":107,"column":null}}},"9":{"name":"(anonymous_9)","decl":{"start":{"line":108,"column":14},"end":{"line":108,"column":15}},"loc":{"start":{"line":108,"column":37},"end":{"line":108,"column":null}}},"10":{"name":"(anonymous_10)","decl":{"start":{"line":121,"column":35},"end":{"line":121,"column":39}},"loc":{"start":{"line":121,"column":39},"end":{"line":127,"column":null}}},"11":{"name":"(anonymous_11)","decl":{"start":{"line":135,"column":37},"end":{"line":135,"column":41}},"loc":{"start":{"line":136,"column":2},"end":{"line":148,"column":18}}},"12":{"name":"(anonymous_12)","decl":{"start":{"line":138,"column":9},"end":{"line":138,"column":15}},"loc":{"start":{"line":138,"column":15},"end":{"line":138,"column":null}}},"13":{"name":"(anonymous_13)","decl":{"start":{"line":139,"column":9},"end":{"line":139,"column":null}},"loc":{"start":{"line":140,"column":8},"end":{"line":141,"column":null}}},"14":{"name":"(anonymous_14)","decl":{"start":{"line":143,"column":9},"end":{"line":143,"column":15}},"loc":{"start":{"line":143,"column":15},"end":{"line":143,"column":null}}},"15":{"name":"(anonymous_15)","decl":{"start":{"line":145,"column":4},"end":{"line":145,"column":null}},"loc":{"start":{"line":145,"column":4},"end":{"line":147,"column":null}}}},"branchMap":{"0":{"loc":{"start":{"line":79,"column":32},"end":{"line":79,"column":null}},"type":"binary-expr","locations":[{"start":{"line":79,"column":32},"end":{"line":79,"column":53}},{"start":{"line":79,"column":53},"end":{"line":79,"column":null}}]},"1":{"loc":{"start":{"line":80,"column":38},"end":{"line":80,"column":null}},"type":"binary-expr","locations":[{"start":{"line":80,"column":38},"end":{"line":80,"column":59}},{"start":{"line":80,"column":59},"end":{"line":80,"column":null}}]}},"s":{"0":1,"1":1,"2":1,"3":0,"4":0,"5":0,"6":0,"7":0,"8":0,"9":0,"10":0,"11":0,"12":0,"13":0,"14":0,"15":1,"16":0,"17":1,"18":1,"19":1,"20":0,"21":0,"22":0},"f":{"0":1,"1":0,"2":0,"3":0,"4":0,"5":0,"6":0,"7":0,"8":0,"9":0,"10":0,"11":1,"12":1,"13":0,"14":0,"15":0},"b":{"0":[0,0],"1":[0,0]}}
,"/Users/benoitlahoz/Documents/oz/assemblerjs/packages/assemblerjs/src/assemblage/definition/use.ts": {"path":"/Users/benoitlahoz/Documents/oz/assemblerjs/packages/assemblerjs/src/assemblage/definition/use.ts","statementMap":{"0":{"start":{"line":15,"column":45},"end":{"line":24,"column":2}},"1":{"start":{"line":18,"column":2},"end":{"line":23,"column":null}}},"fnMap":{"0":{"name":"(anonymous_0)","decl":{"start":{"line":15,"column":45},"end":{"line":15,"column":null}},"loc":{"start":{"line":16,"column":2},"end":{"line":24,"column":2}}}},"branchMap":{},"s":{"0":1,"1":0},"f":{"0":0},"b":{}}
,"/Users/benoitlahoz/Documents/oz/assemblerjs/packages/assemblerjs/src/assembler/assembler.ts": {"path":"/Users/benoitlahoz/Documents/oz/assemblerjs/packages/assemblerjs/src/assembler/assembler.ts","statementMap":{"0":{"start":{"line":28,"column":22},"end":{"line":28,"column":null}},"1":{"start":{"line":31,"column":4},"end":{"line":31,"column":null}},"2":{"start":{"line":34,"column":23},"end":{"line":34,"column":null}},"3":{"start":{"line":37,"column":21},"end":{"line":37,"column":null}},"4":{"start":{"line":40,"column":17},"end":{"line":42,"column":null}},"5":{"start":{"line":42,"column":8},"end":{"line":42,"column":null}},"6":{"start":{"line":44,"column":4},"end":{"line":46,"column":null}},"7":{"start":{"line":45,"column":6},"end":{"line":45,"column":null}},"8":{"start":{"line":48,"column":18},"end":{"line":48,"column":null}},"9":{"start":{"line":49,"column":4},"end":{"line":49,"column":null}},"10":{"start":{"line":51,"column":4},"end":{"line":58,"column":null}},"11":{"start":{"line":52,"column":6},"end":{"line":56,"column":null}},"12":{"start":{"line":61,"column":4},"end":{"line":65,"column":null}},"13":{"start":{"line":69,"column":4},"end":{"line":69,"column":null}},"14":{"start":{"line":71,"column":4},"end":{"line":71,"column":null}},"15":{"start":{"line":127,"column":4},"end":{"line":129,"column":null}},"16":{"start":{"line":128,"column":6},"end":{"line":128,"column":null}},"17":{"start":{"line":130,"column":4},"end":{"line":130,"column":null}},"18":{"start":{"line":143,"column":6},"end":{"line":145,"column":null}},"19":{"start":{"line":147,"column":4},"end":{"line":151,"column":null}},"20":{"start":{"line":148,"column":6},"end":{"line":149,"column":null}},"21":{"start":{"line":154,"column":23},"end":{"line":157,"column":null}},"22":{"start":{"line":161,"column":4},"end":{"line":161,"column":null}},"23":{"start":{"line":164,"column":4},"end":{"line":168,"column":null}},"24":{"start":{"line":171,"column":4},"end":{"line":171,"column":null}},"25":{"start":{"line":198,"column":4},"end":{"line":202,"column":null}},"26":{"start":{"line":199,"column":6},"end":{"line":200,"column":null}},"27":{"start":{"line":203,"column":4},"end":{"line":203,"column":null}},"28":{"start":{"line":204,"column":4},"end":{"line":204,"column":null}},"29":{"start":{"line":219,"column":4},"end":{"line":222,"column":null}},"30":{"start":{"line":223,"column":4},"end":{"line":223,"column":null}},"31":{"start":{"line":234,"column":4},"end":{"line":236,"column":null}},"32":{"start":{"line":235,"column":6},"end":{"line":235,"column":null}},"33":{"start":{"line":237,"column":4},"end":{"line":237,"column":null}},"34":{"start":{"line":247,"column":4},"end":{"line":274,"column":null}},"35":{"start":{"line":250,"column":8},"end":{"line":256,"column":null}},"36":{"start":{"line":251,"column":10},"end":{"line":254,"column":null}},"37":{"start":{"line":257,"column":8},"end":{"line":257,"column":null}},"38":{"start":{"line":261,"column":8},"end":{"line":267,"column":null}},"39":{"start":{"line":262,"column":10},"end":{"line":265,"column":null}},"40":{"start":{"line":269,"column":27},"end":{"line":270,"column":null}},"41":{"start":{"line":272,"column":8},"end":{"line":272,"column":null}},"42":{"start":{"line":284,"column":23},"end":{"line":284,"column":null}},"43":{"start":{"line":286,"column":4},"end":{"line":286,"column":null}},"44":{"start":{"line":286,"column":20},"end":{"line":286,"column":null}},"45":{"start":{"line":288,"column":4},"end":{"line":288,"column":null}},"46":{"start":{"line":299,"column":23},"end":{"line":299,"column":25}},"47":{"start":{"line":300,"column":4},"end":{"line":304,"column":null}},"48":{"start":{"line":301,"column":6},"end":{"line":303,"column":null}},"49":{"start":{"line":302,"column":8},"end":{"line":302,"column":null}},"50":{"start":{"line":302,"column":43},"end":{"line":302,"column":null}},"51":{"start":{"line":305,"column":4},"end":{"line":305,"column":null}},"52":{"start":{"line":312,"column":4},"end":{"line":312,"column":null}},"53":{"start":{"line":92,"column":4},"end":{"line":92,"column":null}},"54":{"start":{"line":74,"column":12},"end":{"line":75,"column":null}},"55":{"start":{"line":76,"column":12},"end":{"line":76,"column":null}},"56":{"start":{"line":77,"column":10},"end":{"line":78,"column":null}},"57":{"start":{"line":96,"column":4},"end":{"line":106,"column":null}},"58":{"start":{"line":108,"column":4},"end":{"line":116,"column":null}}},"fnMap":{"0":{"name":"(anonymous_0)","decl":{"start":{"line":27,"column":2},"end":{"line":27,"column":16}},"loc":{"start":{"line":27,"column":48},"end":{"line":72,"column":null}}},"1":{"name":"(anonymous_1)","decl":{"start":{"line":41,"column":6},"end":{"line":41,"column":7}},"loc":{"start":{"line":42,"column":8},"end":{"line":42,"column":null}}},"2":{"name":"(anonymous_2)","decl":{"start":{"line":126,"column":18},"end":{"line":126,"column":34}},"loc":{"start":{"line":126,"column":34},"end":{"line":131,"column":null}}},"3":{"name":"(anonymous_3)","decl":{"start":{"line":141,"column":9},"end":{"line":141,"column":21}},"loc":{"start":{"line":141,"column":79},"end":{"line":172,"column":null}}},"4":{"name":"(anonymous_4)","decl":{"start":{"line":197,"column":9},"end":{"line":197,"column":16}},"loc":{"start":{"line":197,"column":59},"end":{"line":205,"column":null}}},"5":{"name":"(anonymous_5)","decl":{"start":{"line":215,"column":9},"end":{"line":215,"column":null}},"loc":{"start":{"line":218,"column":15},"end":{"line":224,"column":null}}},"6":{"name":"(anonymous_6)","decl":{"start":{"line":233,"column":9},"end":{"line":233,"column":16}},"loc":{"start":{"line":233,"column":70},"end":{"line":238,"column":null}}},"7":{"name":"(anonymous_7)","decl":{"start":{"line":246,"column":9},"end":{"line":246,"column":20}},"loc":{"start":{"line":246,"column":68},"end":{"line":275,"column":null}}},"8":{"name":"(anonymous_8)","decl":{"start":{"line":283,"column":9},"end":{"line":283,"column":21}},"loc":{"start":{"line":283,"column":73},"end":{"line":289,"column":null}}},"9":{"name":"(anonymous_9)","decl":{"start":{"line":298,"column":9},"end":{"line":298,"column":16}},"loc":{"start":{"line":298,"column":46},"end":{"line":306,"column":null}}},"10":{"name":"(anonymous_10)","decl":{"start":{"line":311,"column":2},"end":{"line":311,"column":13}},"loc":{"start":{"line":311,"column":28},"end":{"line":313,"column":null}}},"11":{"name":"(anonymous_11)","decl":{"start":{"line":90,"column":2},"end":{"line":90,"column":24}},"loc":{"start":{"line":90,"column":24},"end":{"line":117,"column":null}}}},"branchMap":{"0":{"loc":{"start":{"line":44,"column":4},"end":{"line":46,"column":null}},"type":"if","locations":[{"start":{"line":44,"column":4},"end":{"line":46,"column":null}},{"start":{},"end":{}}]},"1":{"loc":{"start":{"line":141,"column":46},"end":{"line":141,"column":62}},"type":"default-arg","locations":[{"start":{"line":141,"column":57},"end":{"line":141,"column":62}}]},"2":{"loc":{"start":{"line":143,"column":6},"end":{"line":145,"column":null}},"type":"cond-expr","locations":[{"start":{"line":144,"column":10},"end":{"line":144,"column":null}},{"start":{"line":145,"column":10},"end":{"line":145,"column":null}}]},"3":{"loc":{"start":{"line":147,"column":4},"end":{"line":151,"column":null}},"type":"if","locations":[{"start":{"line":147,"column":4},"end":{"line":151,"column":null}},{"start":{},"end":{}}]},"4":{"loc":{"start":{"line":198,"column":4},"end":{"line":202,"column":null}},"type":"if","locations":[{"start":{"line":198,"column":4},"end":{"line":202,"column":null}},{"start":{},"end":{}}]},"5":{"loc":{"start":{"line":234,"column":4},"end":{"line":236,"column":null}},"type":"if","locations":[{"start":{"line":234,"column":4},"end":{"line":236,"column":null}},{"start":{},"end":{}}]},"6":{"loc":{"start":{"line":234,"column":8},"end":{"line":234,"column":74}},"type":"binary-expr","locations":[{"start":{"line":234,"column":8},"end":{"line":234,"column":42}},{"start":{"line":234,"column":42},"end":{"line":234,"column":74}}]},"7":{"loc":{"start":{"line":247,"column":4},"end":{"line":274,"column":null}},"type":"switch","locations":[{"start":{"line":248,"column":6},"end":{"line":248,"column":null}},{"start":{"line":249,"column":6},"end":{"line":258,"column":null}},{"start":{"line":260,"column":6},"end":{"line":273,"column":null}}]},"8":{"loc":{"start":{"line":250,"column":8},"end":{"line":256,"column":null}},"type":"if","locations":[{"start":{"line":250,"column":8},"end":{"line":256,"column":null}},{"start":{},"end":{}}]},"9":{"loc":{"start":{"line":261,"column":8},"end":{"line":267,"column":null}},"type":"if","locations":[{"start":{"line":261,"column":8},"end":{"line":267,"column":null}},{"start":{},"end":{}}]},"10":{"loc":{"start":{"line":286,"column":4},"end":{"line":286,"column":null}},"type":"if","locations":[{"start":{"line":286,"column":4},"end":{"line":286,"column":null}},{"start":{},"end":{}}]},"11":{"loc":{"start":{"line":302,"column":8},"end":{"line":302,"column":null}},"type":"if","locations":[{"start":{"line":302,"column":8},"end":{"line":302,"column":null}},{"start":{},"end":{}}]}},"s":{"0":1,"1":1,"2":1,"3":1,"4":1,"5":1,"6":1,"7":0,"8":1,"9":1,"10":1,"11":0,"12":1,"13":1,"14":1,"15":0,"16":0,"17":0,"18":1,"19":1,"20":0,"21":1,"22":1,"23":1,"24":1,"25":2,"26":0,"27":2,"28":2,"29":1,"30":1,"31":3,"32":2,"33":1,"34":3,"35":2,"36":0,"37":2,"38":1,"39":0,"40":1,"41":1,"42":0,"43":0,"44":0,"45":0,"46":0,"47":0,"48":0,"49":0,"50":0,"51":0,"52":0,"53":1,"54":1,"55":1,"56":1,"57":1,"58":1},"f":{"0":1,"1":1,"2":0,"3":1,"4":2,"5":1,"6":3,"7":3,"8":0,"9":0,"10":0,"11":1},"b":{"0":[0,1],"1":[1],"2":[0,1],"3":[0,1],"4":[0,2],"5":[2,1],"6":[3,1],"7":[2,2,1],"8":[0,2],"9":[0,1],"10":[0,0],"11":[0,0]}}
,"/Users/benoitlahoz/Documents/oz/assemblerjs/packages/assemblerjs/src/assembler/hooks.ts": {"path":"/Users/benoitlahoz/Documents/oz/assemblerjs/packages/assemblerjs/src/assembler/hooks.ts","statementMap":{"0":{"start":{"line":14,"column":24},"end":{"line":35,"column":2}},"1":{"start":{"line":20,"column":2},"end":{"line":34,"column":null}},"2":{"start":{"line":21,"column":39},"end":{"line":21,"column":79}},"3":{"start":{"line":23,"column":4},"end":{"line":33,"column":null}},"4":{"start":{"line":24,"column":6},"end":{"line":31,"column":null}},"5":{"start":{"line":25,"column":8},"end":{"line":29,"column":null}},"6":{"start":{"line":28,"column":12},"end":{"line":28,"column":null}},"7":{"start":{"line":30,"column":8},"end":{"line":30,"column":null}},"8":{"start":{"line":32,"column":6},"end":{"line":32,"column":null}}},"fnMap":{"0":{"name":"(anonymous_0)","decl":{"start":{"line":14,"column":24},"end":{"line":14,"column":null}},"loc":{"start":{"line":18,"column":2},"end":{"line":35,"column":2}}},"1":{"name":"(anonymous_1)","decl":{"start":{"line":20,"column":21},"end":{"line":20,"column":22}},"loc":{"start":{"line":20,"column":22},"end":{"line":34,"column":null}}},"2":{"name":"(anonymous_2)","decl":{"start":{"line":27,"column":16},"end":{"line":27,"column":null}},"loc":{"start":{"line":27,"column":16},"end":{"line":29,"column":null}}}},"branchMap":{"0":{"loc":{"start":{"line":23,"column":4},"end":{"line":33,"column":null}},"type":"if","locations":[{"start":{"line":23,"column":4},"end":{"line":33,"column":null}},{"start":{},"end":{}}]},"1":{"loc":{"start":{"line":24,"column":6},"end":{"line":31,"column":null}},"type":"if","locations":[{"start":{"line":24,"column":6},"end":{"line":31,"column":null}},{"start":{},"end":{}}]}},"s":{"0":1,"1":2,"2":2,"3":2,"4":1,"5":0,"6":0,"7":0,"8":1},"f":{"0":2,"1":2,"2":0},"b":{"0":[1,1],"1":[0,1]}}
,"/Users/benoitlahoz/Documents/oz/assemblerjs/packages/assemblerjs/src/common/constants.ts": {"path":"/Users/benoitlahoz/Documents/oz/assemblerjs/packages/assemblerjs/src/common/constants.ts","statementMap":{"0":{"start":{"line":4,"column":33},"end":{"line":4,"column":53}},"1":{"start":{"line":8,"column":29},"end":{"line":8,"column":34}},"2":{"start":{"line":12,"column":29},"end":{"line":12,"column":34}},"3":{"start":{"line":16,"column":12},"end":{"line":16,"column":null}},"4":{"start":{"line":22,"column":12},"end":{"line":22,"column":null}}},"fnMap":{"0":{"name":"(anonymous_0)","decl":{"start":{"line":16,"column":12},"end":{"line":16,"column":null}},"loc":{"start":{"line":16,"column":12},"end":{"line":16,"column":null}}},"1":{"name":"(anonymous_1)","decl":{"start":{"line":22,"column":12},"end":{"line":22,"column":null}},"loc":{"start":{"line":22,"column":12},"end":{"line":22,"column":null}}}},"branchMap":{"0":{"loc":{"start":{"line":16,"column":12},"end":{"line":16,"column":null}},"type":"binary-expr","locations":[{"start":{"line":16,"column":12},"end":{"line":16,"column":null}},{"start":{"line":16,"column":12},"end":{"line":16,"column":null}}]},"1":{"loc":{"start":{"line":22,"column":12},"end":{"line":22,"column":null}},"type":"binary-expr","locations":[{"start":{"line":22,"column":12},"end":{"line":22,"column":null}},{"start":{"line":22,"column":12},"end":{"line":22,"column":null}}]}},"s":{"0":1,"1":1,"2":1,"3":1,"4":1},"f":{"0":1,"1":1},"b":{"0":[1,1],"1":[1,1]}}
,"/Users/benoitlahoz/Documents/oz/assemblerjs/packages/assemblerjs/src/common/reflection.ts": {"path":"/Users/benoitlahoz/Documents/oz/assemblerjs/packages/assemblerjs/src/common/reflection.ts","statementMap":{"0":{"start":{"line":11,"column":36},"end":{"line":21,"column":2}},"1":{"start":{"line":16,"column":2},"end":{"line":19,"column":null}},"2":{"start":{"line":31,"column":33},"end":{"line":33,"column":2}},"3":{"start":{"line":32,"column":2},"end":{"line":32,"column":null}},"4":{"start":{"line":43,"column":36},"end":{"line":48,"column":2}},"5":{"start":{"line":44,"column":2},"end":{"line":46,"column":null}},"6":{"start":{"line":50,"column":29},"end":{"line":52,"column":2}},"7":{"start":{"line":51,"column":2},"end":{"line":51,"column":null}}},"fnMap":{"0":{"name":"(anonymous_0)","decl":{"start":{"line":11,"column":36},"end":{"line":11,"column":null}},"loc":{"start":{"line":14,"column":2},"end":{"line":21,"column":2}}},"1":{"name":"(anonymous_1)","decl":{"start":{"line":31,"column":33},"end":{"line":31,"column":34}},"loc":{"start":{"line":31,"column":48},"end":{"line":33,"column":2}}},"2":{"name":"(anonymous_2)","decl":{"start":{"line":43,"column":36},"end":{"line":43,"column":37}},"loc":{"start":{"line":43,"column":51},"end":{"line":48,"column":2}}},"3":{"name":"(anonymous_3)","decl":{"start":{"line":50,"column":29},"end":{"line":50,"column":30}},"loc":{"start":{"line":50,"column":30},"end":{"line":52,"column":2}}}},"branchMap":{"0":{"loc":{"start":{"line":51,"column":9},"end":{"line":51,"column":61}},"type":"binary-expr","locations":[{"start":{"line":51,"column":9},"end":{"line":51,"column":59}},{"start":{"line":51,"column":59},"end":{"line":51,"column":61}}]}},"s":{"0":1,"1":21,"2":1,"3":0,"4":1,"5":49,"6":1,"7":2},"f":{"0":21,"1":0,"2":49,"3":2},"b":{"0":[2,0]}}
,"/Users/benoitlahoz/Documents/oz/assemblerjs/packages/assemblerjs/src/decorators/await.ts": {"path":"/Users/benoitlahoz/Documents/oz/assemblerjs/packages/assemblerjs/src/decorators/await.ts","statementMap":{"0":{"start":{"line":10,"column":21},"end":{"line":35,"column":2}},"1":{"start":{"line":11,"column":2},"end":{"line":34,"column":null}},"2":{"start":{"line":16,"column":23},"end":{"line":16,"column":39}},"3":{"start":{"line":18,"column":4},"end":{"line":33,"column":null}},"4":{"start":{"line":19,"column":6},"end":{"line":32,"column":null}},"5":{"start":{"line":20,"column":8},"end":{"line":31,"column":null}},"6":{"start":{"line":21,"column":10},"end":{"line":21,"column":null}},"7":{"start":{"line":22,"column":10},"end":{"line":22,"column":null}},"8":{"start":{"line":24,"column":31},"end":{"line":30,"column":null}},"9":{"start":{"line":25,"column":12},"end":{"line":29,"column":null}},"10":{"start":{"line":26,"column":14},"end":{"line":26,"column":null}},"11":{"start":{"line":27,"column":14},"end":{"line":27,"column":null}},"12":{"start":{"line":28,"column":14},"end":{"line":28,"column":null}}},"fnMap":{"0":{"name":"(anonymous_0)","decl":{"start":{"line":10,"column":21},"end":{"line":10,"column":22}},"loc":{"start":{"line":10,"column":53},"end":{"line":35,"column":2}}},"1":{"name":"(anonymous_1)","decl":{"start":{"line":11,"column":10},"end":{"line":11,"column":null}},"loc":{"start":{"line":14,"column":4},"end":{"line":34,"column":null}}},"2":{"name":"(anonymous_2)","decl":{"start":{"line":18,"column":23},"end":{"line":18,"column":null}},"loc":{"start":{"line":18,"column":23},"end":{"line":33,"column":null}}},"3":{"name":"(anonymous_3)","decl":{"start":{"line":19,"column":25},"end":{"line":19,"column":26}},"loc":{"start":{"line":19,"column":26},"end":{"line":32,"column":null}}},"4":{"name":"(anonymous_4)","decl":{"start":{"line":24,"column":43},"end":{"line":24,"column":null}},"loc":{"start":{"line":24,"column":43},"end":{"line":30,"column":13}}}},"branchMap":{"0":{"loc":{"start":{"line":10,"column":40},"end":{"line":10,"column":53}},"type":"default-arg","locations":[{"start":{"line":10,"column":51},"end":{"line":10,"column":53}}]},"1":{"loc":{"start":{"line":20,"column":8},"end":{"line":31,"column":null}},"type":"if","locations":[{"start":{"line":20,"column":8},"end":{"line":31,"column":null}},{"start":{"line":23,"column":15},"end":{"line":31,"column":null}}]},"2":{"loc":{"start":{"line":25,"column":12},"end":{"line":29,"column":null}},"type":"if","locations":[{"start":{"line":25,"column":12},"end":{"line":29,"column":null}},{"start":{},"end":{}}]}},"s":{"0":1,"1":0,"2":0,"3":0,"4":0,"5":0,"6":0,"7":0,"8":0,"9":0,"10":0,"11":0,"12":0},"f":{"0":0,"1":0,"2":0,"3":0,"4":0},"b":{"0":[0],"1":[0,0],"2":[0,0]}}
,"/Users/benoitlahoz/Documents/oz/assemblerjs/packages/assemblerjs/src/decorators/class/constructor-decorator.ts": {"path":"/Users/benoitlahoz/Documents/oz/assemblerjs/packages/assemblerjs/src/decorators/class/constructor-decorator.ts","statementMap":{"0":{"start":{"line":22,"column":42},"end":{"line":27,"column":2}},"1":{"start":{"line":25,"column":2},"end":{"line":26,"column":null}},"2":{"start":{"line":26,"column":4},"end":{"line":26,"column":null}},"3":{"start":{"line":41,"column":2},"end":{"line":116,"column":4}},"4":{"start":{"line":46,"column":2},"end":{"line":116,"column":4}},"5":{"start":{"line":47,"column":18},"end":{"line":52,"column":null}},"6":{"start":{"line":49,"column":8},"end":{"line":49,"column":null}},"7":{"start":{"line":50,"column":8},"end":{"line":50,"column":null}},"8":{"start":{"line":50,"column":16},"end":{"line":50,"column":null}},"9":{"start":{"line":55,"column":4},"end":{"line":55,"column":null}},"10":{"start":{"line":58,"column":6},"end":{"line":58,"column":59}},"11":{"start":{"line":59,"column":34},"end":{"line":59,"column":null}},"12":{"start":{"line":60,"column":26},"end":{"line":60,"column":28}},"13":{"start":{"line":62,"column":4},"end":{"line":109,"column":null}},"14":{"start":{"line":62,"column":17},"end":{"line":62,"column":20}},"15":{"start":{"line":63,"column":6},"end":{"line":69,"column":null}},"16":{"start":{"line":65,"column":10},"end":{"line":65,"column":69}},"17":{"start":{"line":66,"column":8},"end":{"line":66,"column":null}},"18":{"start":{"line":67,"column":8},"end":{"line":67,"column":null}},"19":{"start":{"line":68,"column":8},"end":{"line":68,"column":null}},"20":{"start":{"line":71,"column":6},"end":{"line":77,"column":null}},"21":{"start":{"line":73,"column":10},"end":{"line":73,"column":72}},"22":{"start":{"line":74,"column":8},"end":{"line":74,"column":null}},"23":{"start":{"line":75,"column":8},"end":{"line":75,"column":null}},"24":{"start":{"line":76,"column":8},"end":{"line":76,"column":null}},"25":{"start":{"line":79,"column":6},"end":{"line":89,"column":null}},"26":{"start":{"line":81,"column":10},"end":{"line":81,"column":75}},"27":{"start":{"line":82,"column":8},"end":{"line":82,"column":null}},"28":{"start":{"line":83,"column":8},"end":{"line":86,"column":null}},"29":{"start":{"line":88,"column":8},"end":{"line":88,"column":null}},"30":{"start":{"line":91,"column":6},"end":{"line":98,"column":null}},"31":{"start":{"line":93,"column":10},"end":{"line":93,"column":69}},"32":{"start":{"line":94,"column":8},"end":{"line":94,"column":null}},"33":{"start":{"line":95,"column":8},"end":{"line":95,"column":null}},"34":{"start":{"line":96,"column":8},"end":{"line":96,"column":null}},"35":{"start":{"line":97,"column":8},"end":{"line":97,"column":null}},"36":{"start":{"line":100,"column":6},"end":{"line":108,"column":null}},"37":{"start":{"line":102,"column":28},"end":{"line":104,"column":null}},"38":{"start":{"line":106,"column":8},"end":{"line":106,"column":null}},"39":{"start":{"line":107,"column":8},"end":{"line":107,"column":null}},"40":{"start":{"line":112,"column":4},"end":{"line":114,"column":null}}},"fnMap":{"0":{"name":"(anonymous_0)","decl":{"start":{"line":22,"column":42},"end":{"line":22,"column":null}},"loc":{"start":{"line":23,"column":2},"end":{"line":27,"column":2}}},"1":{"name":"(anonymous_1)","decl":{"start":{"line":25,"column":9},"end":{"line":25,"column":10}},"loc":{"start":{"line":26,"column":4},"end":{"line":26,"column":null}}},"2":{"name":"(anonymous_2)","decl":{"start":{"line":41,"column":2},"end":{"line":41,"column":null}},"loc":{"start":{"line":46,"column":2},"end":{"line":116,"column":4}}},"3":{"name":"(anonymous_3)","decl":{"start":{"line":46,"column":2},"end":{"line":46,"column":43}},"loc":{"start":{"line":46,"column":43},"end":{"line":116,"column":4}}},"4":{"name":"(anonymous_4)","decl":{"start":{"line":48,"column":6},"end":{"line":48,"column":18}},"loc":{"start":{"line":48,"column":34},"end":{"line":51,"column":null}}}},"branchMap":{"0":{"loc":{"start":{"line":50,"column":8},"end":{"line":50,"column":null}},"type":"if","locations":[{"start":{"line":50,"column":8},"end":{"line":50,"column":null}},{"start":{},"end":{}}]},"1":{"loc":{"start":{"line":58,"column":6},"end":{"line":58,"column":59}},"type":"binary-expr","locations":[{"start":{"line":58,"column":6},"end":{"line":58,"column":57}},{"start":{"line":58,"column":57},"end":{"line":58,"column":59}}]},"2":{"loc":{"start":{"line":63,"column":6},"end":{"line":69,"column":null}},"type":"if","locations":[{"start":{"line":63,"column":6},"end":{"line":69,"column":null}},{"start":{},"end":{}}]},"3":{"loc":{"start":{"line":65,"column":10},"end":{"line":65,"column":69}},"type":"binary-expr","locations":[{"start":{"line":65,"column":10},"end":{"line":65,"column":67}},{"start":{"line":65,"column":67},"end":{"line":65,"column":69}}]},"4":{"loc":{"start":{"line":71,"column":6},"end":{"line":77,"column":null}},"type":"if","locations":[{"start":{"line":71,"column":6},"end":{"line":77,"column":null}},{"start":{},"end":{}}]},"5":{"loc":{"start":{"line":73,"column":10},"end":{"line":73,"column":72}},"type":"binary-expr","locations":[{"start":{"line":73,"column":10},"end":{"line":73,"column":70}},{"start":{"line":73,"column":70},"end":{"line":73,"column":72}}]},"6":{"loc":{"start":{"line":79,"column":6},"end":{"line":89,"column":null}},"type":"if","locations":[{"start":{"line":79,"column":6},"end":{"line":89,"column":null}},{"start":{},"end":{}}]},"7":{"loc":{"start":{"line":81,"column":10},"end":{"line":81,"column":75}},"type":"binary-expr","locations":[{"start":{"line":81,"column":10},"end":{"line":81,"column":73}},{"start":{"line":81,"column":73},"end":{"line":81,"column":75}}]},"8":{"loc":{"start":{"line":91,"column":6},"end":{"line":98,"column":null}},"type":"if","locations":[{"start":{"line":91,"column":6},"end":{"line":98,"column":null}},{"start":{},"end":{}}]},"9":{"loc":{"start":{"line":93,"column":10},"end":{"line":93,"column":69}},"type":"binary-expr","locations":[{"start":{"line":93,"column":10},"end":{"line":93,"column":67}},{"start":{"line":93,"column":67},"end":{"line":93,"column":69}}]},"10":{"loc":{"start":{"line":100,"column":6},"end":{"line":108,"column":null}},"type":"if","locations":[{"start":{"line":100,"column":6},"end":{"line":108,"column":null}},{"start":{},"end":{}}]}},"s":{"0":1,"1":1,"2":1,"3":1,"4":1,"5":1,"6":1,"7":1,"8":1,"9":1,"10":1,"11":1,"12":1,"13":1,"14":1,"15":6,"16":1,"17":1,"18":1,"19":1,"20":5,"21":1,"22":1,"23":1,"24":1,"25":4,"26":1,"27":1,"28":1,"29":1,"30":3,"31":1,"32":1,"33":1,"34":1,"35":1,"36":2,"37":2,"38":2,"39":2,"40":1},"f":{"0":1,"1":1,"2":1,"3":1,"4":1},"b":{"0":[1,0],"1":[1,0],"2":[1,5],"3":[1,0],"4":[1,4],"5":[1,0],"6":[1,3],"7":[1,0],"8":[1,2],"9":[1,0],"10":[2,0]}}
,"/Users/benoitlahoz/Documents/oz/assemblerjs/packages/assemblerjs/src/decorators/parameters/constants.ts": {"path":"/Users/benoitlahoz/Documents/oz/assemblerjs/packages/assemblerjs/src/decorators/parameters/constants.ts","statementMap":{"0":{"start":{"line":4,"column":12},"end":{"line":4,"column":null}},"1":{"start":{"line":10,"column":12},"end":{"line":10,"column":null}}},"fnMap":{"0":{"name":"(anonymous_0)","decl":{"start":{"line":4,"column":12},"end":{"line":4,"column":null}},"loc":{"start":{"line":4,"column":12},"end":{"line":4,"column":null}}},"1":{"name":"(anonymous_1)","decl":{"start":{"line":10,"column":12},"end":{"line":10,"column":null}},"loc":{"start":{"line":10,"column":12},"end":{"line":10,"column":null}}}},"branchMap":{"0":{"loc":{"start":{"line":4,"column":12},"end":{"line":4,"column":null}},"type":"binary-expr","locations":[{"start":{"line":4,"column":12},"end":{"line":4,"column":null}},{"start":{"line":4,"column":12},"end":{"line":4,"column":null}}]},"1":{"loc":{"start":{"line":10,"column":12},"end":{"line":10,"column":null}},"type":"binary-expr","locations":[{"start":{"line":10,"column":12},"end":{"line":10,"column":null}},{"start":{"line":10,"column":12},"end":{"line":10,"column":null}}]}},"s":{"0":1,"1":1},"f":{"0":1,"1":1},"b":{"0":[1,1],"1":[1,1]}}
,"/Users/benoitlahoz/Documents/oz/assemblerjs/packages/assemblerjs/src/decorators/parameters/helpers.ts": {"path":"/Users/benoitlahoz/Documents/oz/assemblerjs/packages/assemblerjs/src/decorators/parameters/helpers.ts","statementMap":{"0":{"start":{"line":6,"column":24},"end":{"line":8,"column":null}},"1":{"start":{"line":7,"column":2},"end":{"line":7,"column":null}},"2":{"start":{"line":10,"column":30},"end":{"line":12,"column":null}},"3":{"start":{"line":11,"column":2},"end":{"line":11,"column":null}},"4":{"start":{"line":14,"column":27},"end":{"line":16,"column":null}},"5":{"start":{"line":15,"column":2},"end":{"line":15,"column":null}},"6":{"start":{"line":18,"column":24},"end":{"line":20,"column":null}},"7":{"start":{"line":19,"column":2},"end":{"line":19,"column":null}},"8":{"start":{"line":22,"column":20},"end":{"line":24,"column":null}},"9":{"start":{"line":23,"column":2},"end":{"line":23,"column":null}},"10":{"start":{"line":26,"column":45},"end":{"line":43,"column":2}},"11":{"start":{"line":30,"column":28},"end":{"line":30,"column":57}},"12":{"start":{"line":31,"column":31},"end":{"line":31,"column":63}},"13":{"start":{"line":32,"column":34},"end":{"line":32,"column":69}},"14":{"start":{"line":33,"column":28},"end":{"line":33,"column":57}},"15":{"start":{"line":34,"column":24},"end":{"line":34,"column":49}},"16":{"start":{"line":36,"column":2},"end":{"line":42,"column":null}}},"fnMap":{"0":{"name":"(anonymous_0)","decl":{"start":{"line":6,"column":24},"end":{"line":6,"column":28}},"loc":{"start":{"line":6,"column":28},"end":{"line":8,"column":null}}},"1":{"name":"(anonymous_1)","decl":{"start":{"line":10,"column":30},"end":{"line":10,"column":34}},"loc":{"start":{"line":10,"column":34},"end":{"line":12,"column":null}}},"2":{"name":"(anonymous_2)","decl":{"start":{"line":14,"column":27},"end":{"line":14,"column":31}},"loc":{"start":{"line":14,"column":31},"end":{"line":16,"column":null}}},"3":{"name":"(anonymous_3)","decl":{"start":{"line":18,"column":24},"end":{"line":18,"column":28}},"loc":{"start":{"line":18,"column":28},"end":{"line":20,"column":null}}},"4":{"name":"(anonymous_4)","decl":{"start":{"line":22,"column":20},"end":{"line":22,"column":24}},"loc":{"start":{"line":22,"column":24},"end":{"line":24,"column":null}}},"5":{"name":"(anonymous_5)","decl":{"start":{"line":26,"column":45},"end":{"line":26,"column":null}},"loc":{"start":{"line":27,"column":2},"end":{"line":43,"column":2}}}},"branchMap":{"0":{"loc":{"start":{"line":7,"column":9},"end":{"line":7,"column":72}},"type":"binary-expr","locations":[{"start":{"line":7,"column":9},"end":{"line":7,"column":70}},{"start":{"line":7,"column":70},"end":{"line":7,"column":72}}]},"1":{"loc":{"start":{"line":11,"column":9},"end":{"line":11,"column":78}},"type":"binary-expr","locations":[{"start":{"line":11,"column":9},"end":{"line":11,"column":76}},{"start":{"line":11,"column":76},"end":{"line":11,"column":78}}]},"2":{"loc":{"start":{"line":15,"column":9},"end":{"line":15,"column":75}},"type":"binary-expr","locations":[{"start":{"line":15,"column":9},"end":{"line":15,"column":73}},{"start":{"line":15,"column":73},"end":{"line":15,"column":75}}]},"3":{"loc":{"start":{"line":19,"column":9},"end":{"line":19,"column":72}},"type":"binary-expr","locations":[{"start":{"line":19,"column":9},"end":{"line":19,"column":70}},{"start":{"line":19,"column":70},"end":{"line":19,"column":72}}]},"4":{"loc":{"start":{"line":23,"column":9},"end":{"line":23,"column":68}},"type":"binary-expr","locations":[{"start":{"line":23,"column":9},"end":{"line":23,"column":66}},{"start":{"line":23,"column":66},"end":{"line":23,"column":68}}]},"5":{"loc":{"start":{"line":30,"column":28},"end":{"line":30,"column":57}},"type":"binary-expr","locations":[{"start":{"line":30,"column":28},"end":{"line":30,"column":55}},{"start":{"line":30,"column":55},"end":{"line":30,"column":57}}]},"6":{"loc":{"start":{"line":31,"column":31},"end":{"line":31,"column":63}},"type":"binary-expr","locations":[{"start":{"line":31,"column":31},"end":{"line":31,"column":61}},{"start":{"line":31,"column":61},"end":{"line":31,"column":63}}]},"7":{"loc":{"start":{"line":32,"column":34},"end":{"line":32,"column":69}},"type":"binary-expr","locations":[{"start":{"line":32,"column":34},"end":{"line":32,"column":67}},{"start":{"line":32,"column":67},"end":{"line":32,"column":69}}]},"8":{"loc":{"start":{"line":33,"column":28},"end":{"line":33,"column":57}},"type":"binary-expr","locations":[{"start":{"line":33,"column":28},"end":{"line":33,"column":55}},{"start":{"line":33,"column":55},"end":{"line":33,"column":57}}]},"9":{"loc":{"start":{"line":34,"column":24},"end":{"line":34,"column":49}},"type":"binary-expr","locations":[{"start":{"line":34,"column":24},"end":{"line":34,"column":47}},{"start":{"line":34,"column":47},"end":{"line":34,"column":49}}]}},"s":{"0":1,"1":3,"2":1,"3":3,"4":1,"5":3,"6":1,"7":3,"8":1,"9":3,"10":1,"11":3,"12":3,"13":3,"14":3,"15":3,"16":3},"f":{"0":3,"1":3,"2":3,"3":3,"4":3,"5":3},"b":{"0":[3,0],"1":[3,0],"2":[3,0],"3":[3,0],"4":[3,0],"5":[3,0],"6":[3,0],"7":[3,0],"8":[3,0],"9":[3,0]}}
,"/Users/benoitlahoz/Documents/oz/assemblerjs/packages/assemblerjs/src/decorators/parameters/index-factory.ts": {"path":"/Users/benoitlahoz/Documents/oz/assemblerjs/packages/assemblerjs/src/decorators/parameters/index-factory.ts","statementMap":{"0":{"start":{"line":7,"column":35},"end":{"line":16,"column":null}},"1":{"start":{"line":7,"column":52},"end":{"line":16,"column":null}},"2":{"start":{"line":8,"column":2},"end":{"line":15,"column":null}},"3":{"start":{"line":9,"column":35},"end":{"line":9,"column":74}},"4":{"start":{"line":10,"column":4},"end":{"line":10,"column":null}},"5":{"start":{"line":14,"column":4},"end":{"line":14,"column":null}},"6":{"start":{"line":21,"column":16},"end":{"line":21,"column":null}},"7":{"start":{"line":26,"column":22},"end":{"line":27,"column":null}},"8":{"start":{"line":33,"column":19},"end":{"line":33,"column":null}},"9":{"start":{"line":38,"column":16},"end":{"line":38,"column":null}}},"fnMap":{"0":{"name":"(anonymous_0)","decl":{"start":{"line":7,"column":35},"end":{"line":7,"column":36}},"loc":{"start":{"line":7,"column":52},"end":{"line":16,"column":null}}},"1":{"name":"(anonymous_1)","decl":{"start":{"line":7,"column":52},"end":{"line":7,"column":null}},"loc":{"start":{"line":7,"column":52},"end":{"line":16,"column":null}}},"2":{"name":"(anonymous_2)","decl":{"start":{"line":8,"column":9},"end":{"line":8,"column":10}},"loc":{"start":{"line":8,"column":55},"end":{"line":15,"column":null}}}},"branchMap":{"0":{"loc":{"start":{"line":9,"column":35},"end":{"line":9,"column":74}},"type":"binary-expr","locations":[{"start":{"line":9,"column":35},"end":{"line":9,"column":72}},{"start":{"line":9,"column":72},"end":{"line":9,"column":74}}]}},"s":{"0":1,"1":4,"2":4,"3":4,"4":4,"5":4,"6":1,"7":1,"8":1,"9":1},"f":{"0":4,"1":4,"2":4},"b":{"0":[4,4]}}
,"/Users/benoitlahoz/Documents/oz/assemblerjs/packages/assemblerjs/src/decorators/parameters/use.ts": {"path":"/Users/benoitlahoz/Documents/oz/assemblerjs/packages/assemblerjs/src/decorators/parameters/use.ts","statementMap":{"0":{"start":{"line":7,"column":19},"end":{"line":11,"column":2}},"1":{"start":{"line":8,"column":2},"end":{"line":10,"column":null}},"2":{"start":{"line":9,"column":4},"end":{"line":9,"column":null}},"3":{"start":{"line":16,"column":27},"end":{"line":35,"column":2}},"4":{"start":{"line":23,"column":4},"end":{"line":23,"column":61}},"5":{"start":{"line":24,"column":2},"end":{"line":24,"column":null}},"6":{"start":{"line":26,"column":2},"end":{"line":26,"column":null}},"7":{"start":{"line":30,"column":4},"end":{"line":30,"column":null}},"8":{"start":{"line":31,"column":2},"end":{"line":31,"column":null}},"9":{"start":{"line":34,"column":2},"end":{"line":34,"column":null}}},"fnMap":{"0":{"name":"(anonymous_0)","decl":{"start":{"line":7,"column":19},"end":{"line":7,"column":20}},"loc":{"start":{"line":7,"column":20},"end":{"line":11,"column":2}}},"1":{"name":"(anonymous_1)","decl":{"start":{"line":8,"column":9},"end":{"line":8,"column":10}},"loc":{"start":{"line":8,"column":55},"end":{"line":10,"column":null}}},"2":{"name":"(anonymous_2)","decl":{"start":{"line":16,"column":27},"end":{"line":16,"column":null}},"loc":{"start":{"line":19,"column":2},"end":{"line":35,"column":2}}}},"branchMap":{"0":{"loc":{"start":{"line":23,"column":4},"end":{"line":23,"column":61}},"type":"binary-expr","locations":[{"start":{"line":23,"column":4},"end":{"line":23,"column":59}},{"start":{"line":23,"column":59},"end":{"line":23,"column":61}}]},"1":{"loc":{"start":{"line":30,"column":4},"end":{"line":30,"column":null}},"type":"binary-expr","locations":[{"start":{"line":30,"column":4},"end":{"line":30,"column":69}},{"start":{"line":30,"column":69},"end":{"line":30,"column":null}}]}},"s":{"0":1,"1":2,"2":2,"3":1,"4":4,"5":4,"6":4,"7":4,"8":4,"9":4},"f":{"0":2,"1":2,"2":4},"b":{"0":[4,2],"1":[4,2]}}
,"/Users/benoitlahoz/Documents/oz/assemblerjs/packages/assemblerjs/src/events/helpers.ts": {"path":"/Users/benoitlahoz/Documents/oz/assemblerjs/packages/assemblerjs/src/events/helpers.ts","statementMap":{"0":{"start":{"line":11,"column":30},"end":{"line":31,"column":2}},"1":{"start":{"line":15,"column":25},"end":{"line":15,"column":null}},"2":{"start":{"line":16,"column":2},"end":{"line":30,"column":null}},"3":{"start":{"line":17,"column":39},"end":{"line":17,"column":null}},"4":{"start":{"line":18,"column":31},"end":{"line":18,"column":52}},"5":{"start":{"line":19,"column":4},"end":{"line":23,"column":null}},"6":{"start":{"line":20,"column":6},"end":{"line":20,"column":null}},"7":{"start":{"line":20,"column":44},"end":{"line":20,"column":null}},"8":{"start":{"line":21,"column":6},"end":{"line":22,"column":null}},"9":{"start":{"line":22,"column":8},"end":{"line":22,"column":null}},"10":{"start":{"line":25,"column":4},"end":{"line":29,"column":null}},"11":{"start":{"line":26,"column":7},"end":{"line":28,"column":null}},"12":{"start":{"line":27,"column":8},"end":{"line":27,"column":null}},"13":{"start":{"line":40,"column":32},"end":{"line":54,"column":2}},"14":{"start":{"line":44,"column":25},"end":{"line":44,"column":null}},"15":{"start":{"line":45,"column":2},"end":{"line":53,"column":null}},"16":{"start":{"line":46,"column":39},"end":{"line":46,"column":null}},"17":{"start":{"line":48,"column":4},"end":{"line":50,"column":null}},"18":{"start":{"line":49,"column":6},"end":{"line":49,"column":null}},"19":{"start":{"line":51,"column":4},"end":{"line":51,"column":null}},"20":{"start":{"line":52,"column":4},"end":{"line":52,"column":null}}},"fnMap":{"0":{"name":"(anonymous_0)","decl":{"start":{"line":11,"column":30},"end":{"line":11,"column":null}},"loc":{"start":{"line":13,"column":2},"end":{"line":31,"column":2}}},"1":{"name":"(anonymous_1)","decl":{"start":{"line":26,"column":45},"end":{"line":26,"column":46}},"loc":{"start":{"line":26,"column":49},"end":{"line":28,"column":null}}},"2":{"name":"(anonymous_2)","decl":{"start":{"line":40,"column":32},"end":{"line":40,"column":null}},"loc":{"start":{"line":42,"column":2},"end":{"line":54,"column":2}}}},"branchMap":{"0":{"loc":{"start":{"line":16,"column":2},"end":{"line":30,"column":null}},"type":"if","locations":[{"start":{"line":16,"column":2},"end":{"line":30,"column":null}},{"start":{},"end":{}}]},"1":{"loc":{"start":{"line":20,"column":6},"end":{"line":20,"column":null}},"type":"if","locations":[{"start":{"line":20,"column":6},"end":{"line":20,"column":null}},{"start":{},"end":{}}]},"2":{"loc":{"start":{"line":21,"column":6},"end":{"line":22,"column":null}},"type":"if","locations":[{"start":{"line":21,"column":6},"end":{"line":22,"column":null}},{"start":{},"end":{}}]},"3":{"loc":{"start":{"line":45,"column":2},"end":{"line":53,"column":null}},"type":"if","locations":[{"start":{"line":45,"column":2},"end":{"line":53,"column":null}},{"start":{},"end":{}}]}},"s":{"0":1,"1":1,"2":1,"3":0,"4":0,"5":0,"6":0,"7":0,"8":0,"9":0,"10":0,"11":0,"12":0,"13":1,"14":0,"15":0,"16":0,"17":0,"18":0,"19":0,"20":0},"f":{"0":1,"1":0,"2":0},"b":{"0":[0,1],"1":[0,0],"2":[0,0],"3":[0,0]}}
,"/Users/benoitlahoz/Documents/oz/assemblerjs/packages/assemblerjs/src/events/collection/listener-collection.ts": {"path":"/Users/benoitlahoz/Documents/oz/assemblerjs/packages/assemblerjs/src/events/collection/listener-collection.ts","statementMap":{"0":{"start":{"line":37,"column":4},"end":{"line":37,"column":null}},"1":{"start":{"line":60,"column":17},"end":{"line":61,"column":null}},"2":{"start":{"line":61,"column":6},"end":{"line":61,"column":null}},"3":{"start":{"line":65,"column":22},"end":{"line":80,"column":null}},"4":{"start":{"line":66,"column":16},"end":{"line":66,"column":null}},"5":{"start":{"line":68,"column":8},"end":{"line":71,"column":null}},"6":{"start":{"line":74,"column":22},"end":{"line":74,"column":29}},"7":{"start":{"line":75,"column":8},"end":{"line":78,"column":null}},"8":{"start":{"line":84,"column":25},"end":{"line":94,"column":null}},"9":{"start":{"line":86,"column":8},"end":{"line":86,"column":null}},"10":{"start":{"line":88,"column":8},"end":{"line":88,"column":null}},"11":{"start":{"line":89,"column":8},"end":{"line":89,"column":null}},"12":{"start":{"line":92,"column":8},"end":{"line":92,"column":null}},"13":{"start":{"line":98,"column":4},"end":{"line":98,"column":null}},"14":{"start":{"line":100,"column":4},"end":{"line":100,"column":null}},"15":{"start":{"line":114,"column":26},"end":{"line":115,"column":null}},"16":{"start":{"line":115,"column":6},"end":{"line":115,"column":null}},"17":{"start":{"line":119,"column":26},"end":{"line":123,"column":null}},"18":{"start":{"line":121,"column":8},"end":{"line":121,"column":null}},"19":{"start":{"line":122,"column":18},"end":{"line":122,"column":49}},"20":{"start":{"line":127,"column":29},"end":{"line":131,"column":null}},"21":{"start":{"line":128,"column":16},"end":{"line":128,"column":null}},"22":{"start":{"line":129,"column":18},"end":{"line":129,"column":null}},"23":{"start":{"line":130,"column":18},"end":{"line":130,"column":49}},"24":{"start":{"line":133,"column":30},"end":{"line":136,"column":null}},"25":{"start":{"line":134,"column":37},"end":{"line":134,"column":null}},"26":{"start":{"line":135,"column":39},"end":{"line":135,"column":63}},"27":{"start":{"line":140,"column":4},"end":{"line":140,"column":null}},"28":{"start":{"line":142,"column":4},"end":{"line":142,"column":null}},"29":{"start":{"line":155,"column":4},"end":{"line":161,"column":null}},"30":{"start":{"line":156,"column":6},"end":{"line":156,"column":null}},"31":{"start":{"line":157,"column":11},"end":{"line":161,"column":null}},"32":{"start":{"line":158,"column":6},"end":{"line":160,"column":null}},"33":{"start":{"line":162,"column":4},"end":{"line":162,"column":null}},"34":{"start":{"line":176,"column":4},"end":{"line":182,"column":null}},"35":{"start":{"line":177,"column":6},"end":{"line":177,"column":null}},"36":{"start":{"line":178,"column":11},"end":{"line":182,"column":null}},"37":{"start":{"line":179,"column":6},"end":{"line":181,"column":null}},"38":{"start":{"line":181,"column":40},"end":{"line":181,"column":60}},"39":{"start":{"line":183,"column":4},"end":{"line":183,"column":null}},"40":{"start":{"line":192,"column":31},"end":{"line":192,"column":null}},"41":{"start":{"line":193,"column":28},"end":{"line":195,"column":null}},"42":{"start":{"line":194,"column":6},"end":{"line":195,"column":null}},"43":{"start":{"line":195,"column":8},"end":{"line":195,"column":null}},"44":{"start":{"line":198,"column":4},"end":{"line":198,"column":null}},"45":{"start":{"line":198,"column":50},"end":{"line":198,"column":null}},"46":{"start":{"line":200,"column":4},"end":{"line":200,"column":null}},"47":{"start":{"line":207,"column":4},"end":{"line":207,"column":null}},"48":{"start":{"line":214,"column":4},"end":{"line":214,"column":null}},"49":{"start":{"line":221,"column":4},"end":{"line":221,"column":null}},"50":{"start":{"line":237,"column":16},"end":{"line":237,"column":null}},"51":{"start":{"line":238,"column":32},"end":{"line":240,"column":10}},"52":{"start":{"line":242,"column":4},"end":{"line":247,"column":null}},"53":{"start":{"line":243,"column":19},"end":{"line":246,"column":null}},"54":{"start":{"line":25,"column":18},"end":{"line":25,"column":null}},"55":{"start":{"line":28,"column":18},"end":{"line":28,"column":null}},"56":{"start":{"line":29,"column":4},"end":{"line":29,"column":null}}},"fnMap":{"0":{"name":"(anonymous_0)","decl":{"start":{"line":36,"column":9},"end":{"line":36,"column":25}},"loc":{"start":{"line":36,"column":25},"end":{"line":38,"column":null}}},"1":{"name":"(anonymous_1)","decl":{"start":{"line":55,"column":9},"end":{"line":55,"column":null}},"loc":{"start":{"line":57,"column":24},"end":{"line":101,"column":null}}},"2":{"name":"(anonymous_2)","decl":{"start":{"line":60,"column":17},"end":{"line":60,"column":18}},"loc":{"start":{"line":61,"column":6},"end":{"line":61,"column":null}}},"3":{"name":"(anonymous_3)","decl":{"start":{"line":66,"column":10},"end":{"line":66,"column":16}},"loc":{"start":{"line":66,"column":16},"end":{"line":66,"column":null}}},"4":{"name":"(anonymous_4)","decl":{"start":{"line":67,"column":12},"end":{"line":67,"column":null}},"loc":{"start":{"line":67,"column":12},"end":{"line":72,"column":null}}},"5":{"name":"(anonymous_5)","decl":{"start":{"line":73,"column":12},"end":{"line":73,"column":null}},"loc":{"start":{"line":73,"column":12},"end":{"line":79,"column":null}}},"6":{"name":"(anonymous_6)","decl":{"start":{"line":85,"column":10},"end":{"line":85,"column":11}},"loc":{"start":{"line":86,"column":8},"end":{"line":86,"column":null}}},"7":{"name":"(anonymous_7)","decl":{"start":{"line":87,"column":12},"end":{"line":87,"column":13}},"loc":{"start":{"line":87,"column":13},"end":{"line":90,"column":null}}},"8":{"name":"(anonymous_8)","decl":{"start":{"line":91,"column":12},"end":{"line":91,"column":13}},"loc":{"start":{"line":91,"column":13},"end":{"line":93,"column":null}}},"9":{"name":"(anonymous_9)","decl":{"start":{"line":111,"column":9},"end":{"line":111,"column":16}},"loc":{"start":{"line":111,"column":74},"end":{"line":143,"column":null}}},"10":{"name":"(anonymous_10)","decl":{"start":{"line":114,"column":26},"end":{"line":114,"column":27}},"loc":{"start":{"line":115,"column":6},"end":{"line":115,"column":null}}},"11":{"name":"(anonymous_11)","decl":{"start":{"line":120,"column":10},"end":{"line":120,"column":null}},"loc":{"start":{"line":121,"column":8},"end":{"line":121,"column":null}}},"12":{"name":"(anonymous_12)","decl":{"start":{"line":122,"column":12},"end":{"line":122,"column":18}},"loc":{"start":{"line":122,"column":18},"end":{"line":122,"column":49}}},"13":{"name":"(anonymous_13)","decl":{"start":{"line":128,"column":10},"end":{"line":128,"column":16}},"loc":{"start":{"line":128,"column":16},"end":{"line":128,"column":null}}},"14":{"name":"(anonymous_14)","decl":{"start":{"line":129,"column":12},"end":{"line":129,"column":18}},"loc":{"start":{"line":129,"column":18},"end":{"line":129,"column":null}}},"15":{"name":"(anonymous_15)","decl":{"start":{"line":130,"column":12},"end":{"line":130,"column":18}},"loc":{"start":{"line":130,"column":18},"end":{"line":130,"column":49}}},"16":{"name":"(anonymous_16)","decl":{"start":{"line":134,"column":10},"end":{"line":134,"column":11}},"loc":{"start":{"line":134,"column":37},"end":{"line":134,"column":null}}},"17":{"name":"(anonymous_17)","decl":{"start":{"line":135,"column":12},"end":{"line":135,"column":13}},"loc":{"start":{"line":135,"column":39},"end":{"line":135,"column":63}}},"18":{"name":"(anonymous_18)","decl":{"start":{"line":154,"column":9},"end":{"line":154,"column":13}},"loc":{"start":{"line":154,"column":60},"end":{"line":163,"column":null}}},"19":{"name":"(anonymous_19)","decl":{"start":{"line":173,"column":9},"end":{"line":173,"column":null}},"loc":{"start":{"line":175,"column":33},"end":{"line":184,"column":null}}},"20":{"name":"(anonymous_20)","decl":{"start":{"line":181,"column":16},"end":{"line":181,"column":17}},"loc":{"start":{"line":181,"column":40},"end":{"line":181,"column":60}}},"21":{"name":"(anonymous_21)","decl":{"start":{"line":191,"column":9},"end":{"line":191,"column":37}},"loc":{"start":{"line":191,"column":37},"end":{"line":201,"column":null}}},"22":{"name":"(anonymous_22)","decl":{"start":{"line":193,"column":28},"end":{"line":193,"column":29}},"loc":{"start":{"line":194,"column":6},"end":{"line":195,"column":null}}},"23":{"name":"(anonymous_23)","decl":{"start":{"line":194,"column":38},"end":{"line":194,"column":39}},"loc":{"start":{"line":195,"column":8},"end":{"line":195,"column":null}}},"24":{"name":"(anonymous_24)","decl":{"start":{"line":198,"column":23},"end":{"line":198,"column":24}},"loc":{"start":{"line":198,"column":50},"end":{"line":198,"column":null}}},"25":{"name":"(anonymous_25)","decl":{"start":{"line":206,"column":2},"end":{"line":206,"column":13}},"loc":{"start":{"line":206,"column":37},"end":{"line":208,"column":null}}},"26":{"name":"(anonymous_26)","decl":{"start":{"line":213,"column":2},"end":{"line":213,"column":13}},"loc":{"start":{"line":213,"column":40},"end":{"line":215,"column":null}}},"27":{"name":"(anonymous_27)","decl":{"start":{"line":220,"column":2},"end":{"line":220,"column":13}},"loc":{"start":{"line":220,"column":30},"end":{"line":222,"column":null}}},"28":{"name":"(anonymous_28)","decl":{"start":{"line":236,"column":9},"end":{"line":236,"column":10}},"loc":{"start":{"line":236,"column":53},"end":{"line":248,"column":null}}},"29":{"name":"(anonymous_29)","decl":{"start":{"line":243,"column":12},"end":{"line":243,"column":19}},"loc":{"start":{"line":243,"column":19},"end":{"line":246,"column":null}}},"30":{"name":"(anonymous_30)","decl":{"start":{"line":27,"column":2},"end":{"line":27,"column":16}},"loc":{"start":{"line":27,"column":16},"end":{"line":30,"column":null}}}},"branchMap":{"0":{"loc":{"start":{"line":121,"column":8},"end":{"line":121,"column":null}},"type":"binary-expr","locations":[{"start":{"line":121,"column":8},"end":{"line":121,"column":32}},{"start":{"line":121,"column":36},"end":{"line":121,"column":null}}]},"1":{"loc":{"start":{"line":155,"column":4},"end":{"line":161,"column":null}},"type":"if","locations":[{"start":{"line":155,"column":4},"end":{"line":161,"column":null}},{"start":{"line":157,"column":11},"end":{"line":161,"column":null}}]},"2":{"loc":{"start":{"line":157,"column":11},"end":{"line":161,"column":null}},"type":"if","locations":[{"start":{"line":157,"column":11},"end":{"line":161,"column":null}},{"start":{},"end":{}}]},"3":{"loc":{"start":{"line":176,"column":4},"end":{"line":182,"column":null}},"type":"if","locations":[{"start":{"line":176,"column":4},"end":{"line":182,"column":null}},{"start":{"line":178,"column":11},"end":{"line":182,"column":null}}]},"4":{"loc":{"start":{"line":178,"column":11},"end":{"line":182,"column":null}},"type":"if","locations":[{"start":{"line":178,"column":11},"end":{"line":182,"column":null}},{"start":{},"end":{}}]},"5":{"loc":{"start":{"line":238,"column":32},"end":{"line":240,"column":10}},"type":"cond-expr","locations":[{"start":{"line":239,"column":8},"end":{"line":239,"column":null}},{"start":{"line":240,"column":8},"end":{"line":240,"column":10}}]}},"s":{"0":0,"1":0,"2":0,"3":0,"4":0,"5":0,"6":0,"7":0,"8":0,"9":0,"10":0,"11":0,"12":0,"13":0,"14":0,"15":0,"16":0,"17":0,"18":0,"19":0,"20":0,"21":0,"22":0,"23":0,"24":0,"25":0,"26":0,"27":0,"28":0,"29":0,"30":0,"31":0,"32":0,"33":0,"34":0,"35":0,"36":0,"37":0,"38":0,"39":0,"40":0,"41":0,"42":0,"43":0,"44":0,"45":0,"46":0,"47":0,"48":0,"49":0,"50":0,"51":0,"52":0,"53":0,"54":2,"55":2,"56":2},"f":{"0":0,"1":0,"2":0,"3":0,"4":0,"5":0,"6":0,"7":0,"8":0,"9":0,"10":0,"11":0,"12":0,"13":0,"14":0,"15":0,"16":0,"17":0,"18":0,"19":0,"20":0,"21":0,"22":0,"23":0,"24":0,"25":0,"26":0,"27":0,"28":0,"29":0,"30":2},"b":{"0":[0,0],"1":[0,0],"2":[0,0],"3":[0,0],"4":[0,0],"5":[0,0]}}
,"/Users/benoitlahoz/Documents/oz/assemblerjs/packages/assemblerjs/src/events/manager/event-manager.ts": {"path":"/Users/benoitlahoz/Documents/oz/assemblerjs/packages/assemblerjs/src/events/manager/event-manager.ts","statementMap":{"0":{"start":{"line":23,"column":4},"end":{"line":23,"column":null}},"1":{"start":{"line":24,"column":4},"end":{"line":24,"column":null}},"2":{"start":{"line":25,"column":4},"end":{"line":25,"column":null}},"3":{"start":{"line":29,"column":28},"end":{"line":29,"column":null}},"4":{"start":{"line":31,"column":4},"end":{"line":38,"column":null}},"5":{"start":{"line":32,"column":20},"end":{"line":32,"column":null}},"6":{"start":{"line":34,"column":6},"end":{"line":36,"column":null}},"7":{"start":{"line":35,"column":8},"end":{"line":35,"column":null}},"8":{"start":{"line":37,"column":6},"end":{"line":37,"column":null}},"9":{"start":{"line":40,"column":4},"end":{"line":40,"column":null}},"10":{"start":{"line":44,"column":28},"end":{"line":44,"column":null}},"11":{"start":{"line":46,"column":4},"end":{"line":54,"column":null}},"12":{"start":{"line":47,"column":20},"end":{"line":47,"column":null}},"13":{"start":{"line":49,"column":6},"end":{"line":53,"column":null}},"14":{"start":{"line":50,"column":8},"end":{"line":50,"column":null}},"15":{"start":{"line":51,"column":8},"end":{"line":51,"column":null}},"16":{"start":{"line":52,"column":8},"end":{"line":52,"column":null}},"17":{"start":{"line":56,"column":4},"end":{"line":56,"column":null}},"18":{"start":{"line":60,"column":18},"end":{"line":60,"column":null}},"19":{"start":{"line":62,"column":4},"end":{"line":64,"column":null}},"20":{"start":{"line":63,"column":6},"end":{"line":63,"column":null}},"21":{"start":{"line":66,"column":4},"end":{"line":66,"column":null}},"22":{"start":{"line":68,"column":4},"end":{"line":68,"column":null}},"23":{"start":{"line":72,"column":18},"end":{"line":72,"column":null}},"24":{"start":{"line":74,"column":4},"end":{"line":76,"column":null}},"25":{"start":{"line":75,"column":6},"end":{"line":75,"column":null}},"26":{"start":{"line":78,"column":4},"end":{"line":78,"column":null}},"27":{"start":{"line":80,"column":4},"end":{"line":80,"column":null}},"28":{"start":{"line":84,"column":18},"end":{"line":84,"column":null}},"29":{"start":{"line":86,"column":4},"end":{"line":86,"column":null}},"30":{"start":{"line":87,"column":4},"end":{"line":87,"column":null}},"31":{"start":{"line":91,"column":18},"end":{"line":91,"column":null}},"32":{"start":{"line":95,"column":4},"end":{"line":123,"column":null}},"33":{"start":{"line":96,"column":22},"end":{"line":96,"column":55}},"34":{"start":{"line":97,"column":27},"end":{"line":97,"column":56}},"35":{"start":{"line":98,"column":19},"end":{"line":98,"column":54}},"36":{"start":{"line":99,"column":24},"end":{"line":99,"column":55}},"37":{"start":{"line":101,"column":29},"end":{"line":101,"column":null}},"38":{"start":{"line":102,"column":34},"end":{"line":102,"column":null}},"39":{"start":{"line":103,"column":26},"end":{"line":103,"column":null}},"40":{"start":{"line":104,"column":31},"end":{"line":104,"column":null}},"41":{"start":{"line":106,"column":6},"end":{"line":109,"column":null}},"42":{"start":{"line":107,"column":8},"end":{"line":107,"column":null}},"43":{"start":{"line":108,"column":8},"end":{"line":108,"column":null}},"44":{"start":{"line":111,"column":6},"end":{"line":113,"column":null}},"45":{"start":{"line":112,"column":8},"end":{"line":112,"column":null}},"46":{"start":{"line":115,"column":6},"end":{"line":118,"column":null}},"47":{"start":{"line":116,"column":8},"end":{"line":116,"column":null}},"48":{"start":{"line":117,"column":8},"end":{"line":117,"column":null}},"49":{"start":{"line":120,"column":6},"end":{"line":122,"column":null}},"50":{"start":{"line":121,"column":8},"end":{"line":121,"column":null}},"51":{"start":{"line":125,"column":4},"end":{"line":125,"column":null}},"52":{"start":{"line":129,"column":4},"end":{"line":132,"column":null}},"53":{"start":{"line":130,"column":27},"end":{"line":130,"column":null}},"54":{"start":{"line":131,"column":6},"end":{"line":131,"column":null}},"55":{"start":{"line":131,"column":36},"end":{"line":131,"column":null}},"56":{"start":{"line":133,"column":4},"end":{"line":133,"column":null}},"57":{"start":{"line":137,"column":4},"end":{"line":137,"column":null}},"58":{"start":{"line":13,"column":19},"end":{"line":13,"column":null}},"59":{"start":{"line":14,"column":19},"end":{"line":14,"column":null}},"60":{"start":{"line":16,"column":18},"end":{"line":16,"column":null}},"61":{"start":{"line":19,"column":4},"end":{"line":19,"column":null}}},"fnMap":{"0":{"name":"(anonymous_0)","decl":{"start":{"line":22,"column":9},"end":{"line":22,"column":25}},"loc":{"start":{"line":22,"column":25},"end":{"line":26,"column":null}}},"1":{"name":"(anonymous_1)","decl":{"start":{"line":28,"column":9},"end":{"line":28,"column":21}},"loc":{"start":{"line":28,"column":58},"end":{"line":41,"column":null}}},"2":{"name":"(anonymous_2)","decl":{"start":{"line":31,"column":20},"end":{"line":31,"column":21}},"loc":{"start":{"line":31,"column":21},"end":{"line":38,"column":null}}},"3":{"name":"(anonymous_3)","decl":{"start":{"line":43,"column":9},"end":{"line":43,"column":24}},"loc":{"start":{"line":43,"column":61},"end":{"line":57,"column":null}}},"4":{"name":"(anonymous_4)","decl":{"start":{"line":46,"column":20},"end":{"line":46,"column":21}},"loc":{"start":{"line":46,"column":21},"end":{"line":54,"column":null}}},"5":{"name":"(anonymous_5)","decl":{"start":{"line":59,"column":9},"end":{"line":59,"column":12}},"loc":{"start":{"line":59,"column":63},"end":{"line":69,"column":null}}},"6":{"name":"(anonymous_6)","decl":{"start":{"line":71,"column":9},"end":{"line":71,"column":14}},"loc":{"start":{"line":71,"column":65},"end":{"line":81,"column":null}}},"7":{"name":"(anonymous_7)","decl":{"start":{"line":83,"column":9},"end":{"line":83,"column":13}},"loc":{"start":{"line":83,"column":65},"end":{"line":88,"column":null}}},"8":{"name":"(anonymous_8)","decl":{"start":{"line":90,"column":9},"end":{"line":90,"column":14}},"loc":{"start":{"line":90,"column":61},"end":{"line":126,"column":null}}},"9":{"name":"(anonymous_9)","decl":{"start":{"line":106,"column":21},"end":{"line":106,"column":22}},"loc":{"start":{"line":106,"column":22},"end":{"line":109,"column":null}}},"10":{"name":"(anonymous_10)","decl":{"start":{"line":111,"column":26},"end":{"line":111,"column":27}},"loc":{"start":{"line":111,"column":27},"end":{"line":113,"column":null}}},"11":{"name":"(anonymous_11)","decl":{"start":{"line":115,"column":18},"end":{"line":115,"column":19}},"loc":{"start":{"line":115,"column":19},"end":{"line":118,"column":null}}},"12":{"name":"(anonymous_12)","decl":{"start":{"line":120,"column":23},"end":{"line":120,"column":24}},"loc":{"start":{"line":120,"column":24},"end":{"line":122,"column":null}}},"13":{"name":"(anonymous_13)","decl":{"start":{"line":128,"column":10},"end":{"line":128,"column":14}},"loc":{"start":{"line":128,"column":56},"end":{"line":134,"column":null}}},"14":{"name":"(anonymous_14)","decl":{"start":{"line":131,"column":30},"end":{"line":131,"column":36}},"loc":{"start":{"line":131,"column":36},"end":{"line":131,"column":null}}},"15":{"name":"(anonymous_15)","decl":{"start":{"line":136,"column":10},"end":{"line":136,"column":23}},"loc":{"start":{"line":136,"column":48},"end":{"line":138,"column":null}}},"16":{"name":"(anonymous_16)","decl":{"start":{"line":18,"column":2},"end":{"line":18,"column":14}},"loc":{"start":{"line":18,"column":44},"end":{"line":20,"column":null}}}},"branchMap":{"0":{"loc":{"start":{"line":34,"column":6},"end":{"line":36,"column":null}},"type":"if","locations":[{"start":{"line":34,"column":6},"end":{"line":36,"column":null}},{"start":{},"end":{}}]},"1":{"loc":{"start":{"line":49,"column":6},"end":{"line":53,"column":null}},"type":"if","locations":[{"start":{"line":49,"column":6},"end":{"line":53,"column":null}},{"start":{},"end":{}}]},"2":{"loc":{"start":{"line":49,"column":10},"end":{"line":49,"column":53}},"type":"binary-expr","locations":[{"start":{"line":49,"column":10},"end":{"line":49,"column":27}},{"start":{"line":49,"column":27},"end":{"line":49,"column":53}}]},"3":{"loc":{"start":{"line":62,"column":4},"end":{"line":64,"column":null}},"type":"if","locations":[{"start":{"line":62,"column":4},"end":{"line":64,"column":null}},{"start":{},"end":{}}]},"4":{"loc":{"start":{"line":74,"column":4},"end":{"line":76,"column":null}},"type":"if","locations":[{"start":{"line":74,"column":4},"end":{"line":76,"column":null}},{"start":{},"end":{}}]},"5":{"loc":{"start":{"line":95,"column":4},"end":{"line":123,"column":null}},"type":"if","locations":[{"start":{"line":95,"column":4},"end":{"line":123,"column":null}},{"start":{},"end":{}}]},"6":{"loc":{"start":{"line":96,"column":22},"end":{"line":96,"column":55}},"type":"binary-expr","locations":[{"start":{"line":96,"column":22},"end":{"line":96,"column":53}},{"start":{"line":96,"column":53},"end":{"line":96,"column":55}}]},"7":{"loc":{"start":{"line":97,"column":27},"end":{"line":97,"column":56}},"type":"binary-expr","locations":[{"start":{"line":97,"column":27},"end":{"line":97,"column":54}},{"start":{"line":97,"column":54},"end":{"line":97,"column":56}}]},"8":{"loc":{"start":{"line":98,"column":19},"end":{"line":98,"column":54}},"type":"binary-expr","locations":[{"start":{"line":98,"column":19},"end":{"line":98,"column":52}},{"start":{"line":98,"column":52},"end":{"line":98,"column":54}}]},"9":{"loc":{"start":{"line":99,"column":24},"end":{"line":99,"column":55}},"type":"binary-expr","locations":[{"start":{"line":99,"column":24},"end":{"line":99,"column":53}},{"start":{"line":99,"column":53},"end":{"line":99,"column":55}}]},"10":{"loc":{"start":{"line":129,"column":4},"end":{"line":132,"column":null}},"type":"if","locations":[{"start":{"line":129,"column":4},"end":{"line":132,"column":null}},{"start":{},"end":{}}]}},"s":{"0":0,"1":0,"2":0,"3":1,"4":1,"5":0,"6":0,"7":0,"8":0,"9":1,"10":0,"11":0,"12":0,"13":0,"14":0,"15":0,"16":0,"17":0,"18":0,"19":0,"20":0,"21":0,"22":0,"23":0,"24":0,"25":0,"26":0,"27":0,"28":0,"29":0,"30":0,"31":0,"32":0,"33":0,"34":0,"35":0,"36":0,"37":0,"38":0,"39":0,"40":0,"41":0,"42":0,"43":0,"44":0,"45":0,"46":0,"47":0,"48":0,"49":0,"50":0,"51":0,"52":0,"53":0,"54":0,"55":0,"56":0,"57":0,"58":1,"59":1,"60":1,"61":1},"f":{"0":0,"1":1,"2":0,"3":0,"4":0,"5":0,"6":0,"7":0,"8":0,"9":0,"10":0,"11":0,"12":0,"13":0,"14":0,"15":0,"16":1},"b":{"0":[0,0],"1":[0,0],"2":[0,0],"3":[0,0],"4":[0,0],"5":[0,0],"6":[0,0],"7":[0,0],"8":[0,0],"9":[0,0],"10":[0,0]}}
,"/Users/benoitlahoz/Documents/oz/assemblerjs/packages/assemblerjs/src/injectable/abstract.ts": {"path":"/Users/benoitlahoz/Documents/oz/assemblerjs/packages/assemblerjs/src/injectable/abstract.ts","statementMap":{},"fnMap":{"0":{"name":"(anonymous_0)","decl":{"start":{"line":15,"column":2},"end":{"line":15,"column":16}},"loc":{"start":{"line":23,"column":4},"end":{"line":23,"column":null}}}},"branchMap":{},"s":{},"f":{"0":0},"b":{}}
,"/Users/benoitlahoz/Documents/oz/assemblerjs/packages/assemblerjs/src/injectable/dependencies.ts": {"path":"/Users/benoitlahoz/Documents/oz/assemblerjs/packages/assemblerjs/src/injectable/dependencies.ts","statementMap":{"0":{"start":{"line":12,"column":43},"end":{"line":66,"column":2}},"1":{"start":{"line":15,"column":28},"end":{"line":15,"column":30}},"2":{"start":{"line":18,"column":21},"end":{"line":18,"column":null}},"3":{"start":{"line":19,"column":18},"end":{"line":19,"column":null}},"4":{"start":{"line":22,"column":10},"end":{"line":22,"column":null}},"5":{"start":{"line":23,"column":2},"end":{"line":63,"column":null}},"6":{"start":{"line":24,"column":4},"end":{"line":28,"column":null}},"7":{"start":{"line":25,"column":6},"end":{"line":25,"column":null}},"8":{"start":{"line":26,"column":6},"end":{"line":26,"column":null}},"9":{"start":{"line":27,"column":6},"end":{"line":27,"column":null}},"10":{"start":{"line":30,"column":4},"end":{"line":34,"column":null}},"11":{"start":{"line":31,"column":6},"end":{"line":31,"column":null}},"12":{"start":{"line":32,"column":6},"end":{"line":32,"column":null}},"13":{"start":{"line":33,"column":6},"end":{"line":33,"column":null}},"14":{"start":{"line":36,"column":4},"end":{"line":40,"column":null}},"15":{"start":{"line":37,"column":6},"end":{"line":37,"column":null}},"16":{"start":{"line":38,"column":6},"end":{"line":38,"column":null}},"17":{"start":{"line":39,"column":6},"end":{"line":39,"column":null}},"18":{"start":{"line":42,"column":4},"end":{"line":46,"column":null}},"19":{"start":{"line":43,"column":6},"end":{"line":43,"column":null}},"20":{"start":{"line":44,"column":6},"end":{"line":44,"column":null}},"21":{"start":{"line":45,"column":6},"end":{"line":45,"column":null}},"22":{"start":{"line":48,"column":4},"end":{"line":57,"column":null}},"23":{"start":{"line":49,"column":26},"end":{"line":51,"column":null}},"24":{"start":{"line":53,"column":25},"end":{"line":53,"column":39}},"25":{"start":{"line":54,"column":6},"end":{"line":54,"column":null}},"26":{"start":{"line":55,"column":6},"end":{"line":55,"column":null}},"27":{"start":{"line":56,"column":6},"end":{"line":56,"column":null}},"28":{"start":{"line":60,"column":4},"end":{"line":60,"column":null}},"29":{"start":{"line":62,"column":4},"end":{"line":62,"column":null}},"30":{"start":{"line":65,"column":2},"end":{"line":65,"column":null}},"31":{"start":{"line":74,"column":35},"end":{"line":99,"column":2}},"32":{"start":{"line":75,"column":28},"end":{"line":75,"column":30}},"33":{"start":{"line":78,"column":21},"end":{"line":78,"column":null}},"34":{"start":{"line":79,"column":18},"end":{"line":79,"column":null}},"35":{"start":{"line":81,"column":10},"end":{"line":81,"column":null}},"36":{"start":{"line":82,"column":2},"end":{"line":96,"column":null}},"37":{"start":{"line":83,"column":4},"end":{"line":92,"column":null}},"38":{"start":{"line":90,"column":6},"end":{"line":90,"column":null}},"39":{"start":{"line":91,"column":6},"end":{"line":91,"column":null}},"40":{"start":{"line":94,"column":4},"end":{"line":94,"column":null}},"41":{"start":{"line":95,"column":4},"end":{"line":95,"column":null}},"42":{"start":{"line":98,"column":2},"end":{"line":98,"column":null}}},"fnMap":{"0":{"name":"(anonymous_0)","decl":{"start":{"line":12,"column":43},"end":{"line":12,"column":null}},"loc":{"start":{"line":13,"column":2},"end":{"line":66,"column":2}}},"1":{"name":"(anonymous_1)","decl":{"start":{"line":74,"column":35},"end":{"line":74,"column":39}},"loc":{"start":{"line":74,"column":39},"end":{"line":99,"column":2}}}},"branchMap":{"0":{"loc":{"start":{"line":24,"column":4},"end":{"line":28,"column":null}},"type":"if","locations":[{"start":{"line":24,"column":4},"end":{"line":28,"column":null}},{"start":{},"end":{}}]},"1":{"loc":{"start":{"line":30,"column":4},"end":{"line":34,"column":null}},"type":"if","locations":[{"start":{"line":30,"column":4},"end":{"line":34,"column":null}},{"start":{},"end":{}}]},"2":{"loc":{"start":{"line":36,"column":4},"end":{"line":40,"column":null}},"type":"if","locations":[{"start":{"line":36,"column":4},"end":{"line":40,"column":null}},{"start":{},"end":{}}]},"3":{"loc":{"start":{"line":42,"column":4},"end":{"line":46,"column":null}},"type":"if","locations":[{"start":{"line":42,"column":4},"end":{"line":46,"column":null}},{"start":{},"end":{}}]},"4":{"loc":{"start":{"line":48,"column":4},"end":{"line":57,"column":null}},"type":"if","locations":[{"start":{"line":48,"column":4},"end":{"line":57,"column":null}},{"start":{},"end":{}}]},"5":{"loc":{"start":{"line":83,"column":4},"end":{"line":92,"column":null}},"type":"if","locations":[{"start":{"line":83,"column":4},"end":{"line":92,"column":null}},{"start":{},"end":{}}]},"6":{"loc":{"start":{"line":84,"column":6},"end":{"line":88,"column":null}},"type":"binary-expr","locations":[{"start":{"line":84,"column":6},"end":{"line":84,"column":null}},{"start":{"line":85,"column":6},"end":{"line":85,"column":null}},{"start":{"line":86,"column":6},"end":{"line":86,"column":null}},{"start":{"line":87,"column":6},"end":{"line":87,"column":null}},{"start":{"line":88,"column":6},"end":{"line":88,"column":null}}]}},"s":{"0":1,"1":1,"2":1,"3":1,"4":1,"5":1,"6":6,"7":1,"8":1,"9":1,"10":5,"11":1,"12":1,"13":1,"14":4,"15":1,"16":1,"17":1,"18":3,"19":1,"20":1,"21":1,"22":2,"23":2,"24":2,"25":2,"26":2,"27":2,"28":0,"29":0,"30":1,"31":1,"32":1,"33":1,"34":1,"35":1,"36":1,"37":6,"38":6,"39":6,"40":0,"41":0,"42":1},"f":{"0":1,"1":1},"b":{"0":[1,5],"1":[1,4],"2":[1,3],"3":[1,2],"4":[2,0],"5":[6,0],"6":[6,5,4,3,2]}}
,"/Users/benoitlahoz/Documents/oz/assemblerjs/packages/assemblerjs/src/injectable/injectable.ts": {"path":"/Users/benoitlahoz/Documents/oz/assemblerjs/packages/assemblerjs/src/injectable/injectable.ts","statementMap":{"0":{"start":{"line":34,"column":4},"end":{"line":34,"column":null}},"1":{"start":{"line":89,"column":4},"end":{"line":98,"column":null}},"2":{"start":{"line":90,"column":6},"end":{"line":90,"column":null}},"3":{"start":{"line":91,"column":6},"end":{"line":95,"column":null}},"4":{"start":{"line":97,"column":6},"end":{"line":97,"column":null}},"5":{"start":{"line":99,"column":4},"end":{"line":99,"column":null}},"6":{"start":{"line":108,"column":4},"end":{"line":108,"column":null}},"7":{"start":{"line":108,"column":32},"end":{"line":108,"column":null}},"8":{"start":{"line":110,"column":19},"end":{"line":110,"column":null}},"9":{"start":{"line":111,"column":21},"end":{"line":111,"column":null}},"10":{"start":{"line":114,"column":4},"end":{"line":114,"column":null}},"11":{"start":{"line":116,"column":4},"end":{"line":120,"column":null}},"12":{"start":{"line":117,"column":6},"end":{"line":117,"column":null}},"13":{"start":{"line":118,"column":6},"end":{"line":118,"column":null}},"14":{"start":{"line":119,"column":6},"end":{"line":119,"column":null}},"15":{"start":{"line":123,"column":4},"end":{"line":123,"column":null}},"16":{"start":{"line":125,"column":4},"end":{"line":125,"column":null}},"17":{"start":{"line":132,"column":4},"end":{"line":132,"column":null}},"18":{"start":{"line":139,"column":4},"end":{"line":139,"column":null}},"19":{"start":{"line":146,"column":4},"end":{"line":146,"column":null}},"20":{"start":{"line":153,"column":4},"end":{"line":153,"column":null}},"21":{"start":{"line":160,"column":4},"end":{"line":160,"column":null}},"22":{"start":{"line":167,"column":4},"end":{"line":167,"column":null}},"23":{"start":{"line":174,"column":4},"end":{"line":174,"column":null}},"24":{"start":{"line":181,"column":4},"end":{"line":181,"column":null}},"25":{"start":{"line":39,"column":20},"end":{"line":39,"column":59}},"26":{"start":{"line":40,"column":20},"end":{"line":40,"column":51}},"27":{"start":{"line":25,"column":10},"end":{"line":25,"column":null}},"28":{"start":{"line":42,"column":4},"end":{"line":42,"column":null}},"29":{"start":{"line":43,"column":4},"end":{"line":43,"column":null}},"30":{"start":{"line":44,"column":4},"end":{"line":44,"column":null}},"31":{"start":{"line":46,"column":4},"end":{"line":48,"column":null}},"32":{"start":{"line":47,"column":6},"end":{"line":47,"column":null}},"33":{"start":{"line":50,"column":33},"end":{"line":50,"column":null}},"34":{"start":{"line":51,"column":37},"end":{"line":51,"column":null}},"35":{"start":{"line":54,"column":4},"end":{"line":55,"column":null}},"36":{"start":{"line":55,"column":6},"end":{"line":55,"column":null}},"37":{"start":{"line":59,"column":4},"end":{"line":68,"column":null}},"38":{"start":{"line":60,"column":6},"end":{"line":67,"column":null}},"39":{"start":{"line":64,"column":8},"end":{"line":64,"column":null}},"40":{"start":{"line":66,"column":8},"end":{"line":66,"column":null}},"41":{"start":{"line":71,"column":4},"end":{"line":71,"column":null}},"42":{"start":{"line":73,"column":4},"end":{"line":81,"column":null}},"43":{"start":{"line":76,"column":6},"end":{"line":76,"column":null}},"44":{"start":{"line":77,"column":11},"end":{"line":81,"column":null}}},"fnMap":{"0":{"name":"(anonymous_0)","decl":{"start":{"line":29,"column":2},"end":{"line":29,"column":16}},"loc":{"start":{"line":33,"column":4},"end":{"line":35,"column":null}}},"1":{"name":"(anonymous_1)","decl":{"start":{"line":88,"column":9},"end":{"line":88,"column":25}},"loc":{"start":{"line":88,"column":25},"end":{"line":100,"column":null}}},"2":{"name":"(anonymous_2)","decl":{"start":{"line":107,"column":9},"end":{"line":107,"column":20}},"loc":{"start":{"line":107,"column":20},"end":{"line":126,"column":null}}},"3":{"name":"(anonymous_3)","decl":{"start":{"line":131,"column":2},"end":{"line":131,"column":13}},"loc":{"start":{"line":131,"column":59},"end":{"line":133,"column":null}}},"4":{"name":"(anonymous_4)","decl":{"start":{"line":138,"column":2},"end":{"line":138,"column":13}},"loc":{"start":{"line":138,"column":48},"end":{"line":140,"column":null}}},"5":{"name":"(anonymous_5)","decl":{"start":{"line":145,"column":2},"end":{"line":145,"column":13}},"loc":{"start":{"line":145,"column":36},"end":{"line":147,"column":null}}},"6":{"name":"(anonymous_6)","decl":{"start":{"line":152,"column":2},"end":{"line":152,"column":13}},"loc":{"start":{"line":152,"column":40},"end":{"line":154,"column":null}}},"7":{"name":"(anonymous_7)","decl":{"start":{"line":159,"column":2},"end":{"line":159,"column":13}},"loc":{"start":{"line":159,"column":48},"end":{"line":161,"column":null}}},"8":{"name":"(anonymous_8)","decl":{"start":{"line":166,"column":2},"end":{"line":166,"column":13}},"loc":{"start":{"line":166,"column":53},"end":{"line":168,"column":null}}},"9":{"name":"(anonymous_9)","decl":{"start":{"line":173,"column":2},"end":{"line":173,"column":13}},"loc":{"start":{"line":173,"column":30},"end":{"line":175,"column":null}}},"10":{"name":"(anonymous_10)","decl":{"start":{"line":180,"column":2},"end":{"line":180,"column":13}},"loc":{"start":{"line":180,"column":32},"end":{"line":182,"column":null}}},"11":{"name":"(anonymous_11)","decl":{"start":{"line":37,"column":2},"end":{"line":37,"column":null}},"loc":{"start":{"line":41,"column":4},"end":{"line":82,"column":null}}},"12":{"name":"(anonymous_12)","decl":{"start":{"line":54,"column":25},"end":{"line":54,"column":29}},"loc":{"start":{"line":55,"column":6},"end":{"line":55,"column":null}}},"13":{"name":"(anonymous_13)","decl":{"start":{"line":59,"column":29},"end":{"line":59,"column":33}},"loc":{"start":{"line":59,"column":33},"end":{"line":68,"column":null}}}},"branchMap":{"0":{"loc":{"start":{"line":89,"column":4},"end":{"line":98,"column":null}},"type":"if","locations":[{"start":{"line":89,"column":4},"end":{"line":98,"column":null}},{"start":{},"end":{}}]},"1":{"loc":{"start":{"line":108,"column":4},"end":{"line":108,"column":null}},"type":"if","locations":[{"start":{"line":108,"column":4},"end":{"line":108,"column":null}},{"start":{},"end":{}}]},"2":{"loc":{"start":{"line":116,"column":4},"end":{"line":120,"column":null}},"type":"if","locations":[{"start":{"line":116,"column":4},"end":{"line":120,"column":null}},{"start":{},"end":{}}]},"3":{"loc":{"start":{"line":139,"column":11},"end":{"line":139,"column":null}},"type":"binary-expr","locations":[{"start":{"line":139,"column":11},"end":{"line":139,"column":43}},{"start":{"line":139,"column":43},"end":{"line":139,"column":null}}]},"4":{"loc":{"start":{"line":160,"column":11},"end":{"line":160,"column":60}},"type":"binary-expr","locations":[{"start":{"line":160,"column":11},"end":{"line":160,"column":58}},{"start":{"line":160,"column":58},"end":{"line":160,"column":60}}]},"5":{"loc":{"start":{"line":167,"column":11},"end":{"line":167,"column":57}},"type":"binary-expr","locations":[{"start":{"line":167,"column":11},"end":{"line":167,"column":55}},{"start":{"line":167,"column":55},"end":{"line":167,"column":57}}]},"6":{"loc":{"start":{"line":174,"column":11},"end":{"line":174,"column":58}},"type":"binary-expr","locations":[{"start":{"line":174,"column":11},"end":{"line":174,"column":56}},{"start":{"line":174,"column":56},"end":{"line":174,"column":58}}]},"7":{"loc":{"start":{"line":181,"column":11},"end":{"line":181,"column":60}},"type":"binary-expr","locations":[{"start":{"line":181,"column":11},"end":{"line":181,"column":58}},{"start":{"line":181,"column":58},"end":{"line":181,"column":60}}]},"8":{"loc":{"start":{"line":46,"column":4},"end":{"line":48,"column":null}},"type":"if","locations":[{"start":{"line":46,"column":4},"end":{"line":48,"column":null}},{"start":{},"end":{}}]},"9":{"loc":{"start":{"line":60,"column":6},"end":{"line":67,"column":null}},"type":"if","locations":[{"start":{"line":60,"column":6},"end":{"line":67,"column":null}},{"start":{"line":65,"column":13},"end":{"line":67,"column":null}}]},"10":{"loc":{"start":{"line":61,"column":8},"end":{"line":62,"column":null}},"type":"binary-expr","locations":[{"start":{"line":61,"column":8},"end":{"line":61,"column":null}},{"start":{"line":62,"column":8},"end":{"line":62,"column":null}}]},"11":{"loc":{"start":{"line":73,"column":4},"end":{"line":81,"column":null}},"type":"if","locations":[{"start":{"line":73,"column":4},"end":{"line":81,"column":null}},{"start":{"line":77,"column":11},"end":{"line":81,"column":null}}]},"12":{"loc":{"start":{"line":77,"column":11},"end":{"line":81,"column":null}},"type":"if","locations":[{"start":{"line":77,"column":11},"end":{"line":81,"column":null}},{"start":{},"end":{}}]}},"s":{"0":1,"1":0,"2":0,"3":0,"4":0,"5":0,"6":1,"7":0,"8":1,"9":1,"10":1,"11":1,"12":1,"13":1,"14":1,"15":0,"16":0,"17":0,"18":1,"19":2,"20":0,"21":1,"22":1,"23":0,"24":0,"25":1,"26":1,"27":1,"28":1,"29":1,"30":1,"31":1,"32":0,"33":1,"34":1,"35":1,"36":0,"37":1,"38":2,"39":2,"40":0,"41":1,"42":1,"43":0,"44":1},"f":{"0":1,"1":0,"2":1,"3":0,"4":1,"5":2,"6":0,"7":1,"8":1,"9":0,"10":0,"11":1,"12":0,"13":2},"b":{"0":[0,0],"1":[0,1],"2":[1,0],"3":[1,0],"4":[1,1],"5":[1,0],"6":[0,0],"7":[0,0],"8":[0,1],"9":[2,0],"10":[2,0],"11":[0,1],"12":[1,0]}}
}
