{"total": {"lines":{"total":1152,"covered":1023,"skipped":0,"pct":88.8},"statements":{"total":1215,"covered":1056,"skipped":0,"pct":86.91},"functions":{"total":327,"covered":299,"skipped":0,"pct":91.43},"branches":{"total":648,"covered":476,"skipped":0,"pct":73.45},"branchesTrue":{"total":0,"covered":0,"skipped":0,"pct":100}}
,"/Users/benoitlahoz/Documents/Development/assemblerjs/packages/assemblerjs/src/features/assemblage/lib/decorator.ts": {"lines":{"total":8,"covered":8,"skipped":0,"pct":100},"functions":{"total":3,"covered":3,"skipped":0,"pct":100},"statements":{"total":8,"covered":8,"skipped":0,"pct":100},"branches":{"total":2,"covered":2,"skipped":0,"pct":100}}
,"/Users/benoitlahoz/Documents/Development/assemblerjs/packages/assemblerjs/src/features/assemblage/lib/helpers.ts": {"lines":{"total":6,"covered":5,"skipped":0,"pct":83.33},"functions":{"total":3,"covered":2,"skipped":0,"pct":66.66},"statements":{"total":6,"covered":5,"skipped":0,"pct":83.33},"branches":{"total":2,"covered":2,"skipped":0,"pct":100}}
,"/Users/benoitlahoz/Documents/Development/assemblerjs/packages/assemblerjs/src/features/assemblage/lib/definition/inject.ts": {"lines":{"total":21,"covered":20,"skipped":0,"pct":95.23},"functions":{"total":16,"covered":15,"skipped":0,"pct":93.75},"statements":{"total":23,"covered":22,"skipped":0,"pct":95.65},"branches":{"total":4,"covered":4,"skipped":0,"pct":100}}
,"/Users/benoitlahoz/Documents/Development/assemblerjs/packages/assemblerjs/src/features/assemblage/lib/definition/schema.ts": {"lines":{"total":59,"covered":59,"skipped":0,"pct":100},"functions":{"total":33,"covered":33,"skipped":0,"pct":100},"statements":{"total":59,"covered":59,"skipped":0,"pct":100},"branches":{"total":46,"covered":46,"skipped":0,"pct":100}}
,"/Users/benoitlahoz/Documents/Development/assemblerjs/packages/assemblerjs/src/features/assemblage/lib/definition/use.ts": {"lines":{"total":11,"covered":10,"skipped":0,"pct":90.9},"functions":{"total":3,"covered":3,"skipped":0,"pct":100},"statements":{"total":11,"covered":10,"skipped":0,"pct":90.9},"branches":{"total":12,"covered":9,"skipped":0,"pct":75}}
,"/Users/benoitlahoz/Documents/Development/assemblerjs/packages/assemblerjs/src/features/assembler/lib/assembler-builder.ts": {"lines":{"total":32,"covered":28,"skipped":0,"pct":87.5},"functions":{"total":4,"covered":3,"skipped":0,"pct":75},"statements":{"total":32,"covered":28,"skipped":0,"pct":87.5},"branches":{"total":6,"covered":4,"skipped":0,"pct":66.66}}
,"/Users/benoitlahoz/Documents/Development/assemblerjs/packages/assemblerjs/src/features/assembler/lib/assembler.ts": {"lines":{"total":39,"covered":38,"skipped":0,"pct":97.43},"functions":{"total":16,"covered":15,"skipped":0,"pct":93.75},"statements":{"total":39,"covered":38,"skipped":0,"pct":97.43},"branches":{"total":12,"covered":12,"skipped":0,"pct":100}}
,"/Users/benoitlahoz/Documents/Development/assemblerjs/packages/assemblerjs/src/features/assembler/lib/context-provider.ts": {"lines":{"total":3,"covered":3,"skipped":0,"pct":100},"functions":{"total":3,"covered":3,"skipped":0,"pct":100},"statements":{"total":3,"covered":3,"skipped":0,"pct":100},"branches":{"total":0,"covered":0,"skipped":0,"pct":100}}
,"/Users/benoitlahoz/Documents/Development/assemblerjs/packages/assemblerjs/src/features/assembler/lib/cycle-detector.ts": {"lines":{"total":35,"covered":8,"skipped":0,"pct":22.85},"functions":{"total":8,"covered":4,"skipped":0,"pct":50},"statements":{"total":38,"covered":8,"skipped":0,"pct":21.05},"branches":{"total":16,"covered":0,"skipped":0,"pct":0}}
,"/Users/benoitlahoz/Documents/Development/assemblerjs/packages/assemblerjs/src/features/assembler/lib/debug-logger.ts": {"lines":{"total":64,"covered":51,"skipped":0,"pct":79.68},"functions":{"total":30,"covered":25,"skipped":0,"pct":83.33},"statements":{"total":73,"covered":54,"skipped":0,"pct":73.97},"branches":{"total":66,"covered":41,"skipped":0,"pct":62.12}}
,"/Users/benoitlahoz/Documents/Development/assemblerjs/packages/assemblerjs/src/features/assembler/lib/hook-manager.ts": {"lines":{"total":41,"covered":35,"skipped":0,"pct":85.36},"functions":{"total":11,"covered":8,"skipped":0,"pct":72.72},"statements":{"total":50,"covered":38,"skipped":0,"pct":76},"branches":{"total":24,"covered":15,"skipped":0,"pct":62.5}}
,"/Users/benoitlahoz/Documents/Development/assemblerjs/packages/assemblerjs/src/features/assembler/lib/injectable-manager.ts": {"lines":{"total":92,"covered":65,"skipped":0,"pct":70.65},"functions":{"total":13,"covered":12,"skipped":0,"pct":92.3},"statements":{"total":105,"covered":68,"skipped":0,"pct":64.76},"branches":{"total":79,"covered":34,"skipped":0,"pct":43.03}}
,"/Users/benoitlahoz/Documents/Development/assemblerjs/packages/assemblerjs/src/features/assembler/lib/object-manager.ts": {"lines":{"total":21,"covered":20,"skipped":0,"pct":95.23},"functions":{"total":6,"covered":6,"skipped":0,"pct":100},"statements":{"total":21,"covered":20,"skipped":0,"pct":95.23},"branches":{"total":12,"covered":8,"skipped":0,"pct":66.66}}
,"/Users/benoitlahoz/Documents/Development/assemblerjs/packages/assemblerjs/src/features/assembler/lib/resolution-strategies.ts": {"lines":{"total":13,"covered":13,"skipped":0,"pct":100},"functions":{"total":2,"covered":2,"skipped":0,"pct":100},"statements":{"total":13,"covered":13,"skipped":0,"pct":100},"branches":{"total":4,"covered":4,"skipped":0,"pct":100}}
,"/Users/benoitlahoz/Documents/Development/assemblerjs/packages/assemblerjs/src/features/events/lib/helpers.ts": {"lines":{"total":26,"covered":22,"skipped":0,"pct":84.61},"functions":{"total":3,"covered":3,"skipped":0,"pct":100},"statements":{"total":27,"covered":23,"skipped":0,"pct":85.18},"branches":{"total":16,"covered":10,"skipped":0,"pct":62.5}}
,"/Users/benoitlahoz/Documents/Development/assemblerjs/packages/assemblerjs/src/features/events/lib/collection/listener-collection.ts": {"lines":{"total":52,"covered":45,"skipped":0,"pct":86.53},"functions":{"total":24,"covered":20,"skipped":0,"pct":83.33},"statements":{"total":53,"covered":46,"skipped":0,"pct":86.79},"branches":{"total":16,"covered":12,"skipped":0,"pct":75}}
,"/Users/benoitlahoz/Documents/Development/assemblerjs/packages/assemblerjs/src/features/events/lib/manager/event-manager.ts": {"lines":{"total":55,"covered":48,"skipped":0,"pct":87.27},"functions":{"total":17,"covered":15,"skipped":0,"pct":88.23},"statements":{"total":56,"covered":49,"skipped":0,"pct":87.5},"branches":{"total":22,"covered":19,"skipped":0,"pct":86.36}}
,"/Users/benoitlahoz/Documents/Development/assemblerjs/packages/assemblerjs/src/features/injectable/lib/dependencies.ts": {"lines":{"total":42,"covered":40,"skipped":0,"pct":95.23},"functions":{"total":4,"covered":4,"skipped":0,"pct":100},"statements":{"total":44,"covered":42,"skipped":0,"pct":95.45},"branches":{"total":21,"covered":17,"skipped":0,"pct":80.95}}
,"/Users/benoitlahoz/Documents/Development/assemblerjs/packages/assemblerjs/src/features/injectable/lib/injectable-builder.ts": {"lines":{"total":18,"covered":16,"skipped":0,"pct":88.88},"functions":{"total":3,"covered":3,"skipped":0,"pct":100},"statements":{"total":18,"covered":16,"skipped":0,"pct":88.88},"branches":{"total":12,"covered":8,"skipped":0,"pct":66.66}}
,"/Users/benoitlahoz/Documents/Development/assemblerjs/packages/assemblerjs/src/features/injectable/lib/injectable.ts": {"lines":{"total":115,"covered":108,"skipped":0,"pct":93.91},"functions":{"total":19,"covered":18,"skipped":0,"pct":94.73},"statements":{"total":117,"covered":110,"skipped":0,"pct":94.01},"branches":{"total":105,"covered":84,"skipped":0,"pct":80}}
,"/Users/benoitlahoz/Documents/Development/assemblerjs/packages/assemblerjs/src/features/transversals/decorators/affect.ts": {"lines":{"total":7,"covered":7,"skipped":0,"pct":100},"functions":{"total":3,"covered":3,"skipped":0,"pct":100},"statements":{"total":7,"covered":7,"skipped":0,"pct":100},"branches":{"total":4,"covered":4,"skipped":0,"pct":100}}
,"/Users/benoitlahoz/Documents/Development/assemblerjs/packages/assemblerjs/src/features/transversals/lib/decorators.ts": {"lines":{"total":25,"covered":25,"skipped":0,"pct":100},"functions":{"total":10,"covered":10,"skipped":0,"pct":100},"statements":{"total":25,"covered":25,"skipped":0,"pct":100},"branches":{"total":17,"covered":17,"skipped":0,"pct":100}}
,"/Users/benoitlahoz/Documents/Development/assemblerjs/packages/assemblerjs/src/features/transversals/lib/pointcut-matcher.ts": {"lines":{"total":15,"covered":14,"skipped":0,"pct":93.33},"functions":{"total":4,"covered":4,"skipped":0,"pct":100},"statements":{"total":15,"covered":14,"skipped":0,"pct":93.33},"branches":{"total":6,"covered":5,"skipped":0,"pct":83.33}}
,"/Users/benoitlahoz/Documents/Development/assemblerjs/packages/assemblerjs/src/features/transversals/lib/transversal-manager.ts": {"lines":{"total":101,"covered":89,"skipped":0,"pct":88.11},"functions":{"total":12,"covered":12,"skipped":0,"pct":100},"statements":{"total":108,"covered":93,"skipped":0,"pct":86.11},"branches":{"total":58,"covered":41,"skipped":0,"pct":70.68}}
,"/Users/benoitlahoz/Documents/Development/assemblerjs/packages/assemblerjs/src/features/transversals/lib/transversal-weaver.ts": {"lines":{"total":86,"covered":84,"skipped":0,"pct":97.67},"functions":{"total":20,"covered":18,"skipped":0,"pct":90},"statements":{"total":95,"covered":91,"skipped":0,"pct":95.78},"branches":{"total":34,"covered":32,"skipped":0,"pct":94.11}}
,"/Users/benoitlahoz/Documents/Development/assemblerjs/packages/assemblerjs/src/shared/common/constants.ts": {"lines":{"total":5,"covered":5,"skipped":0,"pct":100},"functions":{"total":2,"covered":2,"skipped":0,"pct":100},"statements":{"total":5,"covered":5,"skipped":0,"pct":100},"branches":{"total":4,"covered":4,"skipped":0,"pct":100}}
,"/Users/benoitlahoz/Documents/Development/assemblerjs/packages/assemblerjs/src/shared/common/reflection.ts": {"lines":{"total":8,"covered":8,"skipped":0,"pct":100},"functions":{"total":4,"covered":4,"skipped":0,"pct":100},"statements":{"total":8,"covered":8,"skipped":0,"pct":100},"branches":{"total":2,"covered":2,"skipped":0,"pct":100}}
,"/Users/benoitlahoz/Documents/Development/assemblerjs/packages/assemblerjs/src/shared/decorators/class/constructor-decorator.ts": {"lines":{"total":28,"covered":27,"skipped":0,"pct":96.42},"functions":{"total":5,"covered":5,"skipped":0,"pct":100},"statements":{"total":31,"covered":30,"skipped":0,"pct":96.77},"branches":{"total":14,"covered":10,"skipped":0,"pct":71.42}}
,"/Users/benoitlahoz/Documents/Development/assemblerjs/packages/assemblerjs/src/shared/decorators/parameters/configuration.ts": {"lines":{"total":5,"covered":5,"skipped":0,"pct":100},"functions":{"total":2,"covered":2,"skipped":0,"pct":100},"statements":{"total":5,"covered":5,"skipped":0,"pct":100},"branches":{"total":2,"covered":1,"skipped":0,"pct":50}}
,"/Users/benoitlahoz/Documents/Development/assemblerjs/packages/assemblerjs/src/shared/decorators/parameters/context.ts": {"lines":{"total":5,"covered":5,"skipped":0,"pct":100},"functions":{"total":2,"covered":2,"skipped":0,"pct":100},"statements":{"total":5,"covered":5,"skipped":0,"pct":100},"branches":{"total":0,"covered":0,"skipped":0,"pct":100}}
,"/Users/benoitlahoz/Documents/Development/assemblerjs/packages/assemblerjs/src/shared/decorators/parameters/definition.ts": {"lines":{"total":5,"covered":5,"skipped":0,"pct":100},"functions":{"total":2,"covered":2,"skipped":0,"pct":100},"statements":{"total":5,"covered":5,"skipped":0,"pct":100},"branches":{"total":0,"covered":0,"skipped":0,"pct":100}}
,"/Users/benoitlahoz/Documents/Development/assemblerjs/packages/assemblerjs/src/shared/decorators/parameters/dispose.ts": {"lines":{"total":5,"covered":5,"skipped":0,"pct":100},"functions":{"total":2,"covered":2,"skipped":0,"pct":100},"statements":{"total":5,"covered":5,"skipped":0,"pct":100},"branches":{"total":0,"covered":0,"skipped":0,"pct":100}}
,"/Users/benoitlahoz/Documents/Development/assemblerjs/packages/assemblerjs/src/shared/decorators/parameters/global.ts": {"lines":{"total":10,"covered":9,"skipped":0,"pct":90},"functions":{"total":3,"covered":2,"skipped":0,"pct":66.66},"statements":{"total":10,"covered":9,"skipped":0,"pct":90},"branches":{"total":2,"covered":1,"skipped":0,"pct":50}}
,"/Users/benoitlahoz/Documents/Development/assemblerjs/packages/assemblerjs/src/shared/decorators/parameters/helpers.ts": {"lines":{"total":14,"covered":13,"skipped":0,"pct":92.85},"functions":{"total":5,"covered":4,"skipped":0,"pct":80},"statements":{"total":14,"covered":13,"skipped":0,"pct":92.85},"branches":{"total":2,"covered":2,"skipped":0,"pct":100}}
,"/Users/benoitlahoz/Documents/Development/assemblerjs/packages/assemblerjs/src/shared/decorators/parameters/index-factory.ts": {"lines":{"total":6,"covered":6,"skipped":0,"pct":100},"functions":{"total":3,"covered":3,"skipped":0,"pct":100},"statements":{"total":7,"covered":7,"skipped":0,"pct":100},"branches":{"total":2,"covered":2,"skipped":0,"pct":100}}
,"/Users/benoitlahoz/Documents/Development/assemblerjs/packages/assemblerjs/src/shared/decorators/parameters/optional.ts": {"lines":{"total":10,"covered":10,"skipped":0,"pct":100},"functions":{"total":2,"covered":2,"skipped":0,"pct":100},"statements":{"total":10,"covered":10,"skipped":0,"pct":100},"branches":{"total":0,"covered":0,"skipped":0,"pct":100}}
,"/Users/benoitlahoz/Documents/Development/assemblerjs/packages/assemblerjs/src/shared/decorators/parameters/parameter-decorator-factory.ts": {"lines":{"total":42,"covered":42,"skipped":0,"pct":100},"functions":{"total":14,"covered":14,"skipped":0,"pct":100},"statements":{"total":42,"covered":42,"skipped":0,"pct":100},"branches":{"total":20,"covered":20,"skipped":0,"pct":100}}
,"/Users/benoitlahoz/Documents/Development/assemblerjs/packages/assemblerjs/src/shared/decorators/parameters/use.ts": {"lines":{"total":10,"covered":10,"skipped":0,"pct":100},"functions":{"total":3,"covered":3,"skipped":0,"pct":100},"statements":{"total":10,"covered":10,"skipped":0,"pct":100},"branches":{"total":2,"covered":2,"skipped":0,"pct":100}}
,"/Users/benoitlahoz/Documents/Development/assemblerjs/packages/assemblerjs/src/shared/decorators/resolvers/parameter-resolver.factory.ts": {"lines":{"total":3,"covered":3,"skipped":0,"pct":100},"functions":{"total":3,"covered":3,"skipped":0,"pct":100},"statements":{"total":3,"covered":3,"skipped":0,"pct":100},"branches":{"total":0,"covered":0,"skipped":0,"pct":100}}
,"/Users/benoitlahoz/Documents/Development/assemblerjs/packages/assemblerjs/src/shared/decorators/resolvers/resolver-store.ts": {"lines":{"total":9,"covered":9,"skipped":0,"pct":100},"functions":{"total":5,"covered":5,"skipped":0,"pct":100},"statements":{"total":9,"covered":9,"skipped":0,"pct":100},"branches":{"total":2,"covered":2,"skipped":0,"pct":100}}
}
