{"/Users/benoitlahoz/Documents/Development/assemblerjs/packages/assemblerjs/src/features/assemblage/lib/decorator.ts": {"path":"/Users/benoitlahoz/Documents/Development/assemblerjs/packages/assemblerjs/src/features/assemblage/lib/decorator.ts","statementMap":{"0":{"start":{"line":12,"column":26},"end":{"line":18,"column":2}},"1":{"start":{"line":15,"column":2},"end":{"line":17,"column":null}},"2":{"start":{"line":16,"column":4},"end":{"line":16,"column":null}},"3":{"start":{"line":27,"column":34},"end":{"line":44,"column":2}},"4":{"start":{"line":31,"column":30},"end":{"line":31,"column":null}},"5":{"start":{"line":34,"column":2},"end":{"line":34,"column":null}},"6":{"start":{"line":37,"column":2},"end":{"line":40,"column":null}},"7":{"start":{"line":43,"column":2},"end":{"line":43,"column":null}}},"fnMap":{"0":{"name":"(anonymous_0)","decl":{"start":{"line":12,"column":26},"end":{"line":12,"column":null}},"loc":{"start":{"line":13,"column":2},"end":{"line":18,"column":2}}},"1":{"name":"(anonymous_1)","decl":{"start":{"line":15,"column":10},"end":{"line":15,"column":11}},"loc":{"start":{"line":15,"column":11},"end":{"line":17,"column":null}}},"2":{"name":"(anonymous_2)","decl":{"start":{"line":27,"column":34},"end":{"line":27,"column":null}},"loc":{"start":{"line":29,"column":2},"end":{"line":44,"column":2}}}},"branchMap":{"0":{"loc":{"start":{"line":31,"column":49},"end":{"line":31,"column":null}},"type":"binary-expr","locations":[{"start":{"line":31,"column":49},"end":{"line":31,"column":63}},{"start":{"line":31,"column":63},"end":{"line":31,"column":null}}]}},"s":{"0":35,"1":341,"2":339,"3":35,"4":346,"5":346,"6":346,"7":346},"f":{"0":341,"1":339,"2":346},"b":{"0":[346,139]}}
,"/Users/benoitlahoz/Documents/Development/assemblerjs/packages/assemblerjs/src/features/assemblage/lib/helpers.ts": {"path":"/Users/benoitlahoz/Documents/Development/assemblerjs/packages/assemblerjs/src/features/assemblage/lib/helpers.ts","statementMap":{"0":{"start":{"line":12,"column":28},"end":{"line":14,"column":2}},"1":{"start":{"line":13,"column":2},"end":{"line":13,"column":null}},"2":{"start":{"line":16,"column":39},"end":{"line":20,"column":2}},"3":{"start":{"line":19,"column":2},"end":{"line":19,"column":null}},"4":{"start":{"line":22,"column":36},"end":{"line":26,"column":2}},"5":{"start":{"line":25,"column":2},"end":{"line":25,"column":null}}},"fnMap":{"0":{"name":"(anonymous_0)","decl":{"start":{"line":12,"column":28},"end":{"line":12,"column":32}},"loc":{"start":{"line":12,"column":32},"end":{"line":14,"column":2}}},"1":{"name":"(anonymous_1)","decl":{"start":{"line":16,"column":39},"end":{"line":16,"column":null}},"loc":{"start":{"line":17,"column":2},"end":{"line":20,"column":2}}},"2":{"name":"(anonymous_2)","decl":{"start":{"line":22,"column":36},"end":{"line":22,"column":null}},"loc":{"start":{"line":23,"column":2},"end":{"line":26,"column":2}}}},"branchMap":{"0":{"loc":{"start":{"line":13,"column":9},"end":{"line":13,"column":null}},"type":"binary-expr","locations":[{"start":{"line":13,"column":9},"end":{"line":13,"column":68}},{"start":{"line":13,"column":68},"end":{"line":13,"column":null}}]}},"s":{"0":35,"1":1454,"2":35,"3":0,"4":35,"5":1},"f":{"0":1454,"1":0,"2":1},"b":{"0":[1454,174]}}
,"/Users/benoitlahoz/Documents/Development/assemblerjs/packages/assemblerjs/src/features/assemblage/lib/definition/inject.ts": {"path":"/Users/benoitlahoz/Documents/Development/assemblerjs/packages/assemblerjs/src/features/assemblage/lib/definition/inject.ts","statementMap":{"0":{"start":{"line":64,"column":33},"end":{"line":70,"column":null}},"1":{"start":{"line":65,"column":2},"end":{"line":69,"column":null}},"2":{"start":{"line":78,"column":34},"end":{"line":115,"column":null}},"3":{"start":{"line":81,"column":26},"end":{"line":81,"column":null}},"4":{"start":{"line":81,"column":32},"end":{"line":81,"column":null}},"5":{"start":{"line":82,"column":32},"end":{"line":82,"column":null}},"6":{"start":{"line":82,"column":38},"end":{"line":82,"column":null}},"7":{"start":{"line":84,"column":15},"end":{"line":111,"column":null}},"8":{"start":{"line":85,"column":4},"end":{"line":111,"column":null}},"9":{"start":{"line":89,"column":18},"end":{"line":89,"column":null}},"10":{"start":{"line":91,"column":10},"end":{"line":95,"column":null}},"11":{"start":{"line":102,"column":18},"end":{"line":102,"column":null}},"12":{"start":{"line":104,"column":10},"end":{"line":108,"column":null}},"13":{"start":{"line":110,"column":37},"end":{"line":110,"column":null}},"14":{"start":{"line":114,"column":2},"end":{"line":114,"column":null}},"15":{"start":{"line":123,"column":35},"end":{"line":129,"column":null}},"16":{"start":{"line":124,"column":2},"end":{"line":128,"column":null}},"17":{"start":{"line":137,"column":37},"end":{"line":150,"column":18}},"18":{"start":{"line":138,"column":2},"end":{"line":150,"column":18}},"19":{"start":{"line":140,"column":15},"end":{"line":140,"column":null}},"20":{"start":{"line":142,"column":8},"end":{"line":143,"column":null}},"21":{"start":{"line":145,"column":15},"end":{"line":145,"column":null}},"22":{"start":{"line":148,"column":6},"end":{"line":148,"column":null}}},"fnMap":{"0":{"name":"(anonymous_0)","decl":{"start":{"line":64,"column":33},"end":{"line":64,"column":37}},"loc":{"start":{"line":64,"column":37},"end":{"line":70,"column":null}}},"1":{"name":"(anonymous_1)","decl":{"start":{"line":78,"column":34},"end":{"line":78,"column":null}},"loc":{"start":{"line":79,"column":2},"end":{"line":115,"column":null}}},"2":{"name":"(anonymous_2)","decl":{"start":{"line":81,"column":26},"end":{"line":81,"column":32}},"loc":{"start":{"line":81,"column":32},"end":{"line":81,"column":null}}},"3":{"name":"(anonymous_3)","decl":{"start":{"line":82,"column":32},"end":{"line":82,"column":38}},"loc":{"start":{"line":82,"column":38},"end":{"line":82,"column":null}}},"4":{"name":"(anonymous_4)","decl":{"start":{"line":84,"column":15},"end":{"line":84,"column":null}},"loc":{"start":{"line":85,"column":4},"end":{"line":111,"column":null}}},"5":{"name":"(anonymous_5)","decl":{"start":{"line":89,"column":12},"end":{"line":89,"column":18}},"loc":{"start":{"line":89,"column":18},"end":{"line":89,"column":null}}},"6":{"name":"(anonymous_6)","decl":{"start":{"line":90,"column":14},"end":{"line":90,"column":null}},"loc":{"start":{"line":90,"column":14},"end":{"line":96,"column":null}}},"7":{"name":"(anonymous_7)","decl":{"start":{"line":102,"column":12},"end":{"line":102,"column":18}},"loc":{"start":{"line":102,"column":18},"end":{"line":102,"column":null}}},"8":{"name":"(anonymous_8)","decl":{"start":{"line":103,"column":14},"end":{"line":103,"column":null}},"loc":{"start":{"line":103,"column":14},"end":{"line":109,"column":null}}},"9":{"name":"(anonymous_9)","decl":{"start":{"line":110,"column":14},"end":{"line":110,"column":15}},"loc":{"start":{"line":110,"column":37},"end":{"line":110,"column":null}}},"10":{"name":"(anonymous_10)","decl":{"start":{"line":123,"column":35},"end":{"line":123,"column":39}},"loc":{"start":{"line":123,"column":39},"end":{"line":129,"column":null}}},"11":{"name":"(anonymous_11)","decl":{"start":{"line":137,"column":37},"end":{"line":137,"column":41}},"loc":{"start":{"line":138,"column":2},"end":{"line":150,"column":18}}},"12":{"name":"(anonymous_12)","decl":{"start":{"line":140,"column":9},"end":{"line":140,"column":15}},"loc":{"start":{"line":140,"column":15},"end":{"line":140,"column":null}}},"13":{"name":"(anonymous_13)","decl":{"start":{"line":141,"column":9},"end":{"line":141,"column":null}},"loc":{"start":{"line":142,"column":8},"end":{"line":143,"column":null}}},"14":{"name":"(anonymous_14)","decl":{"start":{"line":145,"column":9},"end":{"line":145,"column":15}},"loc":{"start":{"line":145,"column":15},"end":{"line":145,"column":null}}},"15":{"name":"(anonymous_15)","decl":{"start":{"line":147,"column":4},"end":{"line":147,"column":null}},"loc":{"start":{"line":147,"column":4},"end":{"line":149,"column":null}}}},"branchMap":{"0":{"loc":{"start":{"line":81,"column":32},"end":{"line":81,"column":null}},"type":"binary-expr","locations":[{"start":{"line":81,"column":32},"end":{"line":81,"column":53}},{"start":{"line":81,"column":53},"end":{"line":81,"column":null}}]},"1":{"loc":{"start":{"line":82,"column":38},"end":{"line":82,"column":null}},"type":"binary-expr","locations":[{"start":{"line":82,"column":38},"end":{"line":82,"column":59}},{"start":{"line":82,"column":59},"end":{"line":82,"column":null}}]}},"s":{"0":35,"1":290,"2":35,"3":49,"4":49,"5":49,"6":49,"7":49,"8":49,"9":49,"10":46,"11":49,"12":3,"13":46,"14":49,"15":35,"16":2,"17":35,"18":341,"19":290,"20":49,"21":2,"22":0},"f":{"0":290,"1":49,"2":49,"3":49,"4":49,"5":49,"6":46,"7":49,"8":3,"9":46,"10":2,"11":341,"12":290,"13":49,"14":2,"15":0},"b":{"0":[49,49],"1":[49,49]}}
,"/Users/benoitlahoz/Documents/Development/assemblerjs/packages/assemblerjs/src/features/assemblage/lib/definition/schema.ts": {"path":"/Users/benoitlahoz/Documents/Development/assemblerjs/packages/assemblerjs/src/features/assemblage/lib/definition/schema.ts","statementMap":{"0":{"start":{"line":14,"column":36},"end":{"line":123,"column":null}},"1":{"start":{"line":17,"column":6},"end":{"line":17,"column":null}},"2":{"start":{"line":19,"column":6},"end":{"line":20,"column":null}},"3":{"start":{"line":25,"column":6},"end":{"line":25,"column":null}},"4":{"start":{"line":30,"column":6},"end":{"line":32,"column":null}},"5":{"start":{"line":32,"column":39},"end":{"line":32,"column":null}},"6":{"start":{"line":34,"column":6},"end":{"line":35,"column":null}},"7":{"start":{"line":38,"column":37},"end":{"line":38,"column":null}},"8":{"start":{"line":42,"column":6},"end":{"line":46,"column":null}},"9":{"start":{"line":46,"column":12},"end":{"line":46,"column":null}},"10":{"start":{"line":49,"column":6},"end":{"line":50,"column":null}},"11":{"start":{"line":53,"column":51},"end":{"line":53,"column":null}},"12":{"start":{"line":57,"column":6},"end":{"line":66,"column":null}},"13":{"start":{"line":60,"column":10},"end":{"line":62,"column":null}},"14":{"start":{"line":61,"column":12},"end":{"line":61,"column":null}},"15":{"start":{"line":64,"column":32},"end":{"line":64,"column":39}},"16":{"start":{"line":65,"column":10},"end":{"line":65,"column":null}},"17":{"start":{"line":68,"column":6},"end":{"line":68,"column":null}},"18":{"start":{"line":70,"column":59},"end":{"line":70,"column":null}},"19":{"start":{"line":74,"column":6},"end":{"line":78,"column":null}},"20":{"start":{"line":78,"column":13},"end":{"line":78,"column":null}},"21":{"start":{"line":81,"column":6},"end":{"line":82,"column":null}},"22":{"start":{"line":85,"column":62},"end":{"line":85,"column":null}},"23":{"start":{"line":89,"column":6},"end":{"line":92,"column":null}},"24":{"start":{"line":92,"column":39},"end":{"line":92,"column":null}},"25":{"start":{"line":94,"column":6},"end":{"line":95,"column":null}},"26":{"start":{"line":99,"column":6},"end":{"line":99,"column":null}},"27":{"start":{"line":103,"column":6},"end":{"line":104,"column":null}},"28":{"start":{"line":106,"column":6},"end":{"line":107,"column":null}},"29":{"start":{"line":110,"column":48},"end":{"line":110,"column":null}},"30":{"start":{"line":114,"column":6},"end":{"line":115,"column":null}},"31":{"start":{"line":117,"column":6},"end":{"line":118,"column":null}},"32":{"start":{"line":121,"column":48},"end":{"line":121,"column":null}},"33":{"start":{"line":131,"column":34},"end":{"line":155,"column":2}},"34":{"start":{"line":132,"column":14},"end":{"line":132,"column":null}},"35":{"start":{"line":134,"column":2},"end":{"line":140,"column":null}},"36":{"start":{"line":135,"column":4},"end":{"line":139,"column":null}},"37":{"start":{"line":136,"column":6},"end":{"line":137,"column":null}},"38":{"start":{"line":142,"column":2},"end":{"line":152,"column":null}},"39":{"start":{"line":143,"column":17},"end":{"line":143,"column":38}},"40":{"start":{"line":144,"column":18},"end":{"line":144,"column":40}},"41":{"start":{"line":145,"column":22},"end":{"line":145,"column":48}},"42":{"start":{"line":147,"column":4},"end":{"line":149,"column":null}},"43":{"start":{"line":148,"column":6},"end":{"line":148,"column":null}},"44":{"start":{"line":151,"column":4},"end":{"line":151,"column":null}},"45":{"start":{"line":154,"column":2},"end":{"line":154,"column":null}},"46":{"start":{"line":163,"column":29},"end":{"line":170,"column":2}},"47":{"start":{"line":166,"column":2},"end":{"line":168,"column":null}},"48":{"start":{"line":167,"column":4},"end":{"line":167,"column":null}},"49":{"start":{"line":169,"column":2},"end":{"line":169,"column":null}},"50":{"start":{"line":179,"column":34},"end":{"line":185,"column":2}},"51":{"start":{"line":183,"column":42},"end":{"line":183,"column":null}},"52":{"start":{"line":184,"column":2},"end":{"line":184,"column":null}},"53":{"start":{"line":195,"column":34},"end":{"line":212,"column":2}},"54":{"start":{"line":200,"column":42},"end":{"line":200,"column":null}},"55":{"start":{"line":201,"column":2},"end":{"line":201,"column":null}},"56":{"start":{"line":202,"column":25},"end":{"line":202,"column":null}},"57":{"start":{"line":205,"column":2},"end":{"line":208,"column":null}},"58":{"start":{"line":211,"column":2},"end":{"line":211,"column":null}}},"fnMap":{"0":{"name":"(anonymous_0)","decl":{"start":{"line":16,"column":10},"end":{"line":16,"column":11}},"loc":{"start":{"line":17,"column":6},"end":{"line":17,"column":null}}},"1":{"name":"(anonymous_1)","decl":{"start":{"line":18,"column":11},"end":{"line":18,"column":null}},"loc":{"start":{"line":18,"column":11},"end":{"line":22,"column":null}}},"2":{"name":"(anonymous_2)","decl":{"start":{"line":24,"column":15},"end":{"line":24,"column":16}},"loc":{"start":{"line":24,"column":16},"end":{"line":26,"column":null}}},"3":{"name":"(anonymous_3)","decl":{"start":{"line":29,"column":10},"end":{"line":29,"column":11}},"loc":{"start":{"line":30,"column":6},"end":{"line":32,"column":null}}},"4":{"name":"(anonymous_4)","decl":{"start":{"line":32,"column":20},"end":{"line":32,"column":21}},"loc":{"start":{"line":32,"column":39},"end":{"line":32,"column":null}}},"5":{"name":"(anonymous_5)","decl":{"start":{"line":33,"column":11},"end":{"line":33,"column":null}},"loc":{"start":{"line":33,"column":11},"end":{"line":37,"column":null}}},"6":{"name":"(anonymous_6)","decl":{"start":{"line":38,"column":15},"end":{"line":38,"column":16}},"loc":{"start":{"line":38,"column":37},"end":{"line":38,"column":null}}},"7":{"name":"(anonymous_7)","decl":{"start":{"line":41,"column":10},"end":{"line":41,"column":11}},"loc":{"start":{"line":42,"column":6},"end":{"line":46,"column":null}}},"8":{"name":"(anonymous_8)","decl":{"start":{"line":45,"column":10},"end":{"line":45,"column":11}},"loc":{"start":{"line":46,"column":12},"end":{"line":46,"column":null}}},"9":{"name":"(anonymous_9)","decl":{"start":{"line":48,"column":11},"end":{"line":48,"column":null}},"loc":{"start":{"line":48,"column":11},"end":{"line":52,"column":null}}},"10":{"name":"(anonymous_10)","decl":{"start":{"line":53,"column":15},"end":{"line":53,"column":16}},"loc":{"start":{"line":53,"column":51},"end":{"line":53,"column":null}}},"11":{"name":"(anonymous_11)","decl":{"start":{"line":56,"column":10},"end":{"line":56,"column":11}},"loc":{"start":{"line":57,"column":6},"end":{"line":66,"column":null}}},"12":{"name":"(anonymous_12)","decl":{"start":{"line":59,"column":20},"end":{"line":59,"column":21}},"loc":{"start":{"line":59,"column":21},"end":{"line":66,"column":null}}},"13":{"name":"(anonymous_13)","decl":{"start":{"line":67,"column":11},"end":{"line":67,"column":null}},"loc":{"start":{"line":67,"column":11},"end":{"line":69,"column":null}}},"14":{"name":"(anonymous_14)","decl":{"start":{"line":70,"column":15},"end":{"line":70,"column":16}},"loc":{"start":{"line":70,"column":59},"end":{"line":70,"column":null}}},"15":{"name":"(anonymous_15)","decl":{"start":{"line":73,"column":10},"end":{"line":73,"column":11}},"loc":{"start":{"line":74,"column":6},"end":{"line":78,"column":null}}},"16":{"name":"(anonymous_16)","decl":{"start":{"line":77,"column":10},"end":{"line":77,"column":11}},"loc":{"start":{"line":78,"column":13},"end":{"line":78,"column":null}}},"17":{"name":"(anonymous_17)","decl":{"start":{"line":80,"column":11},"end":{"line":80,"column":null}},"loc":{"start":{"line":80,"column":11},"end":{"line":84,"column":null}}},"18":{"name":"(anonymous_18)","decl":{"start":{"line":85,"column":15},"end":{"line":85,"column":16}},"loc":{"start":{"line":85,"column":62},"end":{"line":85,"column":null}}},"19":{"name":"(anonymous_19)","decl":{"start":{"line":88,"column":10},"end":{"line":88,"column":11}},"loc":{"start":{"line":89,"column":6},"end":{"line":92,"column":null}}},"20":{"name":"(anonymous_20)","decl":{"start":{"line":92,"column":20},"end":{"line":92,"column":21}},"loc":{"start":{"line":92,"column":39},"end":{"line":92,"column":null}}},"21":{"name":"(anonymous_21)","decl":{"start":{"line":93,"column":11},"end":{"line":93,"column":null}},"loc":{"start":{"line":93,"column":11},"end":{"line":97,"column":null}}},"22":{"name":"(anonymous_22)","decl":{"start":{"line":98,"column":15},"end":{"line":98,"column":16}},"loc":{"start":{"line":99,"column":6},"end":{"line":99,"column":null}}},"23":{"name":"(anonymous_23)","decl":{"start":{"line":102,"column":10},"end":{"line":102,"column":11}},"loc":{"start":{"line":103,"column":6},"end":{"line":104,"column":null}}},"24":{"name":"(anonymous_24)","decl":{"start":{"line":105,"column":11},"end":{"line":105,"column":null}},"loc":{"start":{"line":105,"column":11},"end":{"line":109,"column":null}}},"25":{"name":"(anonymous_25)","decl":{"start":{"line":110,"column":15},"end":{"line":110,"column":16}},"loc":{"start":{"line":110,"column":48},"end":{"line":110,"column":null}}},"26":{"name":"(anonymous_26)","decl":{"start":{"line":113,"column":10},"end":{"line":113,"column":11}},"loc":{"start":{"line":114,"column":6},"end":{"line":115,"column":null}}},"27":{"name":"(anonymous_27)","decl":{"start":{"line":116,"column":11},"end":{"line":116,"column":null}},"loc":{"start":{"line":116,"column":11},"end":{"line":120,"column":null}}},"28":{"name":"(anonymous_28)","decl":{"start":{"line":121,"column":15},"end":{"line":121,"column":16}},"loc":{"start":{"line":121,"column":48},"end":{"line":121,"column":null}}},"29":{"name":"(anonymous_29)","decl":{"start":{"line":131,"column":34},"end":{"line":131,"column":35}},"loc":{"start":{"line":131,"column":35},"end":{"line":155,"column":2}}},"30":{"name":"(anonymous_30)","decl":{"start":{"line":163,"column":29},"end":{"line":163,"column":null}},"loc":{"start":{"line":164,"column":2},"end":{"line":170,"column":2}}},"31":{"name":"(anonymous_31)","decl":{"start":{"line":179,"column":34},"end":{"line":179,"column":null}},"loc":{"start":{"line":181,"column":2},"end":{"line":185,"column":2}}},"32":{"name":"(anonymous_32)","decl":{"start":{"line":195,"column":34},"end":{"line":195,"column":null}},"loc":{"start":{"line":198,"column":2},"end":{"line":212,"column":2}}}},"branchMap":{"0":{"loc":{"start":{"line":17,"column":6},"end":{"line":17,"column":null}},"type":"binary-expr","locations":[{"start":{"line":17,"column":6},"end":{"line":17,"column":36}},{"start":{"line":17,"column":36},"end":{"line":17,"column":null}}]},"1":{"loc":{"start":{"line":25,"column":13},"end":{"line":25,"column":null}},"type":"cond-expr","locations":[{"start":{"line":25,"column":44},"end":{"line":25,"column":51}},{"start":{"line":25,"column":51},"end":{"line":25,"column":null}}]},"2":{"loc":{"start":{"line":25,"column":51},"end":{"line":25,"column":null}},"type":"cond-expr","locations":[{"start":{"line":25,"column":59},"end":{"line":25,"column":66}},{"start":{"line":25,"column":66},"end":{"line":25,"column":null}}]},"3":{"loc":{"start":{"line":30,"column":6},"end":{"line":32,"column":null}},"type":"binary-expr","locations":[{"start":{"line":30,"column":6},"end":{"line":30,"column":null}},{"start":{"line":31,"column":7},"end":{"line":31,"column":null}},{"start":{"line":32,"column":8},"end":{"line":32,"column":null}}]},"4":{"loc":{"start":{"line":42,"column":6},"end":{"line":46,"column":null}},"type":"binary-expr","locations":[{"start":{"line":42,"column":6},"end":{"line":42,"column":null}},{"start":{"line":43,"column":7},"end":{"line":43,"column":null}},{"start":{"line":44,"column":8},"end":{"line":46,"column":null}}]},"5":{"loc":{"start":{"line":46,"column":12},"end":{"line":46,"column":null}},"type":"binary-expr","locations":[{"start":{"line":46,"column":12},"end":{"line":46,"column":35}},{"start":{"line":46,"column":35},"end":{"line":46,"column":55}},{"start":{"line":46,"column":55},"end":{"line":46,"column":null}}]},"6":{"loc":{"start":{"line":57,"column":6},"end":{"line":66,"column":null}},"type":"binary-expr","locations":[{"start":{"line":57,"column":6},"end":{"line":57,"column":null}},{"start":{"line":58,"column":7},"end":{"line":58,"column":null}},{"start":{"line":59,"column":8},"end":{"line":66,"column":null}}]},"7":{"loc":{"start":{"line":60,"column":10},"end":{"line":62,"column":null}},"type":"if","locations":[{"start":{"line":60,"column":10},"end":{"line":62,"column":null}},{"start":{},"end":{}}]},"8":{"loc":{"start":{"line":60,"column":14},"end":{"line":60,"column":57}},"type":"binary-expr","locations":[{"start":{"line":60,"column":14},"end":{"line":60,"column":38}},{"start":{"line":60,"column":38},"end":{"line":60,"column":57}}]},"9":{"loc":{"start":{"line":74,"column":6},"end":{"line":78,"column":null}},"type":"binary-expr","locations":[{"start":{"line":74,"column":6},"end":{"line":74,"column":null}},{"start":{"line":75,"column":7},"end":{"line":75,"column":null}},{"start":{"line":76,"column":8},"end":{"line":78,"column":null}}]},"10":{"loc":{"start":{"line":78,"column":13},"end":{"line":78,"column":null}},"type":"binary-expr","locations":[{"start":{"line":78,"column":13},"end":{"line":78,"column":36}},{"start":{"line":78,"column":36},"end":{"line":78,"column":56}},{"start":{"line":78,"column":56},"end":{"line":78,"column":null}}]},"11":{"loc":{"start":{"line":89,"column":6},"end":{"line":92,"column":null}},"type":"binary-expr","locations":[{"start":{"line":89,"column":6},"end":{"line":89,"column":null}},{"start":{"line":90,"column":6},"end":{"line":90,"column":null}},{"start":{"line":91,"column":7},"end":{"line":91,"column":null}},{"start":{"line":92,"column":8},"end":{"line":92,"column":null}}]},"12":{"loc":{"start":{"line":99,"column":6},"end":{"line":99,"column":null}},"type":"cond-expr","locations":[{"start":{"line":99,"column":34},"end":{"line":99,"column":44}},{"start":{"line":99,"column":44},"end":{"line":99,"column":null}}]},"13":{"loc":{"start":{"line":103,"column":6},"end":{"line":104,"column":null}},"type":"binary-expr","locations":[{"start":{"line":103,"column":7},"end":{"line":103,"column":36}},{"start":{"line":103,"column":36},"end":{"line":103,"column":63}},{"start":{"line":104,"column":6},"end":{"line":104,"column":null}}]},"14":{"loc":{"start":{"line":114,"column":6},"end":{"line":115,"column":null}},"type":"binary-expr","locations":[{"start":{"line":114,"column":7},"end":{"line":114,"column":36}},{"start":{"line":114,"column":36},"end":{"line":114,"column":63}},{"start":{"line":115,"column":6},"end":{"line":115,"column":null}}]},"15":{"loc":{"start":{"line":135,"column":4},"end":{"line":139,"column":null}},"type":"if","locations":[{"start":{"line":135,"column":4},"end":{"line":139,"column":null}},{"start":{},"end":{}}]},"16":{"loc":{"start":{"line":147,"column":4},"end":{"line":149,"column":null}},"type":"if","locations":[{"start":{"line":147,"column":4},"end":{"line":149,"column":null}},{"start":{},"end":{}}]},"17":{"loc":{"start":{"line":166,"column":2},"end":{"line":168,"column":null}},"type":"if","locations":[{"start":{"line":166,"column":2},"end":{"line":168,"column":null}},{"start":{},"end":{}}]}},"s":{"0":35,"1":533,"2":1,"3":532,"4":532,"5":17,"6":3,"7":529,"8":529,"9":223,"10":2,"11":527,"12":527,"13":75,"14":1,"15":74,"16":74,"17":2,"18":525,"19":525,"20":126,"21":2,"22":523,"23":523,"24":15,"25":2,"26":521,"27":521,"28":1,"29":520,"30":520,"31":1,"32":519,"33":35,"34":534,"35":534,"36":1891,"37":1,"38":533,"39":4210,"40":4210,"41":4210,"42":4210,"43":14,"44":4196,"45":519,"46":35,"47":1115,"48":171,"49":939,"50":35,"51":1,"52":1,"53":35,"54":170,"55":170,"56":170,"57":169,"58":169},"f":{"0":533,"1":1,"2":532,"3":532,"4":17,"5":3,"6":529,"7":529,"8":223,"9":2,"10":527,"11":527,"12":75,"13":2,"14":525,"15":525,"16":126,"17":2,"18":523,"19":523,"20":15,"21":2,"22":521,"23":521,"24":1,"25":520,"26":520,"27":1,"28":519,"29":534,"30":1115,"31":1,"32":170},"b":{"0":[533,285],"1":[284,248],"2":[243,5],"3":[532,11,9],"4":[529,255,254],"5":[223,223,223],"6":[527,127,126],"7":[1,74],"8":[75,75],"9":[525,89,88],"10":[126,126,126],"11":[523,23,12,11],"12":[11,510],"13":[521,449,521],"14":[520,506,520],"15":[1,1890],"16":[14,4196],"17":[171,939]}}
,"/Users/benoitlahoz/Documents/Development/assemblerjs/packages/assemblerjs/src/features/assemblage/lib/definition/use.ts": {"path":"/Users/benoitlahoz/Documents/Development/assemblerjs/packages/assemblerjs/src/features/assemblage/lib/definition/use.ts","statementMap":{"0":{"start":{"line":21,"column":25},"end":{"line":25,"column":2}},"1":{"start":{"line":24,"column":2},"end":{"line":24,"column":null}},"2":{"start":{"line":34,"column":22},"end":{"line":43,"column":null}},"3":{"start":{"line":35,"column":2},"end":{"line":37,"column":null}},"4":{"start":{"line":36,"column":4},"end":{"line":36,"column":null}},"5":{"start":{"line":39,"column":22},"end":{"line":39,"column":null}},"6":{"start":{"line":41,"column":2},"end":{"line":42,"column":null}},"7":{"start":{"line":51,"column":45},"end":{"line":63,"column":2}},"8":{"start":{"line":54,"column":16},"end":{"line":54,"column":24}},"9":{"start":{"line":55,"column":25},"end":{"line":55,"column":null}},"10":{"start":{"line":56,"column":2},"end":{"line":62,"column":null}}},"fnMap":{"0":{"name":"(anonymous_0)","decl":{"start":{"line":21,"column":25},"end":{"line":21,"column":26}},"loc":{"start":{"line":21,"column":26},"end":{"line":25,"column":2}}},"1":{"name":"(anonymous_1)","decl":{"start":{"line":34,"column":22},"end":{"line":34,"column":23}},"loc":{"start":{"line":34,"column":23},"end":{"line":43,"column":null}}},"2":{"name":"(anonymous_2)","decl":{"start":{"line":51,"column":45},"end":{"line":51,"column":null}},"loc":{"start":{"line":52,"column":2},"end":{"line":63,"column":2}}}},"branchMap":{"0":{"loc":{"start":{"line":24,"column":9},"end":{"line":24,"column":null}},"type":"binary-expr","locations":[{"start":{"line":24,"column":9},"end":{"line":24,"column":40}},{"start":{"line":24,"column":40},"end":{"line":24,"column":62}},{"start":{"line":24,"column":62},"end":{"line":24,"column":null}}]},"1":{"loc":{"start":{"line":35,"column":2},"end":{"line":37,"column":null}},"type":"if","locations":[{"start":{"line":35,"column":2},"end":{"line":37,"column":null}},{"start":{},"end":{}}]},"2":{"loc":{"start":{"line":41,"column":9},"end":{"line":42,"column":null}},"type":"binary-expr","locations":[{"start":{"line":41,"column":9},"end":{"line":41,"column":null}},{"start":{"line":42,"column":9},"end":{"line":42,"column":60}},{"start":{"line":42,"column":64},"end":{"line":42,"column":null}}]},"3":{"loc":{"start":{"line":59,"column":14},"end":{"line":59,"column":null}},"type":"cond-expr","locations":[{"start":{"line":59,"column":31},"end":{"line":59,"column":44}},{"start":{"line":59,"column":44},"end":{"line":59,"column":null}}]},"4":{"loc":{"start":{"line":60,"column":13},"end":{"line":60,"column":null}},"type":"cond-expr","locations":[{"start":{"line":60,"column":31},"end":{"line":60,"column":54}},{"start":{"line":60,"column":54},"end":{"line":60,"column":null}}]}},"s":{"0":35,"1":41,"2":35,"3":13,"4":0,"5":13,"6":13,"7":35,"8":4,"9":4,"10":4},"f":{"0":41,"1":13,"2":4},"b":{"0":[41,14,13],"1":[0,13],"2":[13,13,13],"3":[0,4],"4":[0,4]}}
,"/Users/benoitlahoz/Documents/Development/assemblerjs/packages/assemblerjs/src/features/assembler/lib/assembler-builder.ts": {"path":"/Users/benoitlahoz/Documents/Development/assemblerjs/packages/assemblerjs/src/features/assembler/lib/assembler-builder.ts","statementMap":{"0":{"start":{"line":12,"column":19},"end":{"line":12,"column":null}},"1":{"start":{"line":15,"column":4},"end":{"line":15,"column":null}},"2":{"start":{"line":18,"column":4},"end":{"line":18,"column":null}},"3":{"start":{"line":19,"column":23},"end":{"line":19,"column":null}},"4":{"start":{"line":22,"column":34},"end":{"line":22,"column":null}},"5":{"start":{"line":23,"column":4},"end":{"line":23,"column":null}},"6":{"start":{"line":26,"column":19},"end":{"line":28,"column":null}},"7":{"start":{"line":28,"column":14},"end":{"line":28,"column":null}},"8":{"start":{"line":30,"column":4},"end":{"line":37,"column":null}},"9":{"start":{"line":31,"column":6},"end":{"line":36,"column":null}},"10":{"start":{"line":32,"column":8},"end":{"line":35,"column":null}},"11":{"start":{"line":40,"column":4},"end":{"line":40,"column":null}},"12":{"start":{"line":41,"column":21},"end":{"line":41,"column":null}},"13":{"start":{"line":42,"column":4},"end":{"line":42,"column":null}},"14":{"start":{"line":45,"column":17},"end":{"line":47,"column":null}},"15":{"start":{"line":47,"column":8},"end":{"line":47,"column":null}},"16":{"start":{"line":49,"column":4},"end":{"line":51,"column":null}},"17":{"start":{"line":50,"column":6},"end":{"line":50,"column":null}},"18":{"start":{"line":53,"column":18},"end":{"line":53,"column":null}},"19":{"start":{"line":54,"column":4},"end":{"line":54,"column":null}},"20":{"start":{"line":57,"column":4},"end":{"line":57,"column":null}},"21":{"start":{"line":58,"column":4},"end":{"line":58,"column":null}},"22":{"start":{"line":61,"column":25},"end":{"line":61,"column":117}},"23":{"start":{"line":62,"column":4},"end":{"line":66,"column":null}},"24":{"start":{"line":68,"column":4},"end":{"line":68,"column":null}},"25":{"start":{"line":71,"column":4},"end":{"line":71,"column":null}},"26":{"start":{"line":72,"column":4},"end":{"line":72,"column":null}},"27":{"start":{"line":74,"column":4},"end":{"line":78,"column":null}},"28":{"start":{"line":80,"column":4},"end":{"line":80,"column":null}},"29":{"start":{"line":83,"column":4},"end":{"line":83,"column":null}},"30":{"start":{"line":85,"column":4},"end":{"line":85,"column":null}},"31":{"start":{"line":9,"column":22},"end":{"line":9,"column":36}}},"fnMap":{"0":{"name":"(anonymous_0)","decl":{"start":{"line":11,"column":9},"end":{"line":11,"column":18}},"loc":{"start":{"line":11,"column":78},"end":{"line":86,"column":null}}},"1":{"name":"(anonymous_1)","decl":{"start":{"line":28,"column":6},"end":{"line":28,"column":7}},"loc":{"start":{"line":28,"column":14},"end":{"line":28,"column":null}}},"2":{"name":"(anonymous_2)","decl":{"start":{"line":46,"column":6},"end":{"line":46,"column":7}},"loc":{"start":{"line":47,"column":8},"end":{"line":47,"column":null}}},"3":{"name":"(anonymous_3)","decl":{"start":{"line":9,"column":2},"end":{"line":9,"column":14}},"loc":{"start":{"line":9,"column":38},"end":{"line":9,"column":null}}}},"branchMap":{"0":{"loc":{"start":{"line":30,"column":4},"end":{"line":37,"column":null}},"type":"if","locations":[{"start":{"line":30,"column":4},"end":{"line":37,"column":null}},{"start":{},"end":{}}]},"1":{"loc":{"start":{"line":49,"column":4},"end":{"line":51,"column":null}},"type":"if","locations":[{"start":{"line":49,"column":4},"end":{"line":51,"column":null}},{"start":{},"end":{}}]},"2":{"loc":{"start":{"line":61,"column":25},"end":{"line":61,"column":117}},"type":"cond-expr","locations":[{"start":{"line":61,"column":41},"end":{"line":61,"column":93}},{"start":{"line":61,"column":93},"end":{"line":61,"column":117}}]}},"s":{"0":168,"1":168,"2":168,"3":168,"4":161,"5":161,"6":161,"7":0,"8":161,"9":0,"10":0,"11":161,"12":161,"13":159,"14":159,"15":316,"16":159,"17":0,"18":159,"19":159,"20":159,"21":159,"22":159,"23":159,"24":159,"25":159,"26":159,"27":159,"28":159,"29":159,"30":159,"31":168},"f":{"0":168,"1":0,"2":316,"3":168},"b":{"0":[0,161],"1":[0,159],"2":[8,151]}}
,"/Users/benoitlahoz/Documents/Development/assemblerjs/packages/assemblerjs/src/features/assembler/lib/assembler.ts": {"path":"/Users/benoitlahoz/Documents/Development/assemblerjs/packages/assemblerjs/src/features/assembler/lib/assembler.ts","statementMap":{"0":{"start":{"line":29,"column":4},"end":{"line":29,"column":null}},"1":{"start":{"line":31,"column":4},"end":{"line":33,"column":null}},"2":{"start":{"line":32,"column":6},"end":{"line":32,"column":null}},"3":{"start":{"line":40,"column":4},"end":{"line":40,"column":null}},"4":{"start":{"line":41,"column":4},"end":{"line":41,"column":null}},"5":{"start":{"line":52,"column":19},"end":{"line":52,"column":null}},"6":{"start":{"line":53,"column":22},"end":{"line":53,"column":null}},"7":{"start":{"line":55,"column":4},"end":{"line":55,"column":null}},"8":{"start":{"line":57,"column":22},"end":{"line":57,"column":null}},"9":{"start":{"line":58,"column":20},"end":{"line":58,"column":null}},"10":{"start":{"line":59,"column":21},"end":{"line":59,"column":null}},"11":{"start":{"line":61,"column":21},"end":{"line":61,"column":null}},"12":{"start":{"line":62,"column":4},"end":{"line":62,"column":null}},"13":{"start":{"line":64,"column":4},"end":{"line":64,"column":null}},"14":{"start":{"line":72,"column":4},"end":{"line":72,"column":null}},"15":{"start":{"line":105,"column":4},"end":{"line":105,"column":null}},"16":{"start":{"line":106,"column":4},"end":{"line":106,"column":null}},"17":{"start":{"line":110,"column":4},"end":{"line":110,"column":null}},"18":{"start":{"line":114,"column":4},"end":{"line":114,"column":null}},"19":{"start":{"line":121,"column":4},"end":{"line":121,"column":null}},"20":{"start":{"line":125,"column":4},"end":{"line":127,"column":null}},"21":{"start":{"line":126,"column":6},"end":{"line":126,"column":null}},"22":{"start":{"line":128,"column":4},"end":{"line":128,"column":null}},"23":{"start":{"line":136,"column":4},"end":{"line":145,"column":null}},"24":{"start":{"line":139,"column":8},"end":{"line":139,"column":null}},"25":{"start":{"line":143,"column":8},"end":{"line":143,"column":null}},"26":{"start":{"line":149,"column":4},"end":{"line":149,"column":null}},"27":{"start":{"line":153,"column":4},"end":{"line":153,"column":null}},"28":{"start":{"line":157,"column":4},"end":{"line":157,"column":null}},"29":{"start":{"line":167,"column":4},"end":{"line":167,"column":null}},"30":{"start":{"line":174,"column":4},"end":{"line":174,"column":null}},"31":{"start":{"line":86,"column":4},"end":{"line":86,"column":null}},"32":{"start":{"line":89,"column":4},"end":{"line":89,"column":null}},"33":{"start":{"line":90,"column":4},"end":{"line":90,"column":null}},"34":{"start":{"line":91,"column":4},"end":{"line":91,"column":null}},"35":{"start":{"line":94,"column":28},"end":{"line":94,"column":null}},"36":{"start":{"line":97,"column":4},"end":{"line":97,"column":null}},"37":{"start":{"line":98,"column":4},"end":{"line":98,"column":null}},"38":{"start":{"line":101,"column":4},"end":{"line":101,"column":null}}},"fnMap":{"0":{"name":"(anonymous_0)","decl":{"start":{"line":28,"column":2},"end":{"line":28,"column":16}},"loc":{"start":{"line":28,"column":67},"end":{"line":34,"column":null}}},"1":{"name":"(anonymous_1)","decl":{"start":{"line":39,"column":2},"end":{"line":39,"column":16}},"loc":{"start":{"line":39,"column":37},"end":{"line":42,"column":null}}},"2":{"name":"(anonymous_2)","decl":{"start":{"line":51,"column":2},"end":{"line":51,"column":16}},"loc":{"start":{"line":51,"column":85},"end":{"line":65,"column":null}}},"3":{"name":"(anonymous_3)","decl":{"start":{"line":71,"column":2},"end":{"line":71,"column":13}},"loc":{"start":{"line":71,"column":40},"end":{"line":73,"column":null}}},"4":{"name":"(anonymous_4)","decl":{"start":{"line":104,"column":18},"end":{"line":104,"column":34}},"loc":{"start":{"line":104,"column":34},"end":{"line":107,"column":null}}},"5":{"name":"(anonymous_5)","decl":{"start":{"line":109,"column":9},"end":{"line":109,"column":21}},"loc":{"start":{"line":109,"column":79},"end":{"line":111,"column":null}}},"6":{"name":"(anonymous_6)","decl":{"start":{"line":113,"column":9},"end":{"line":113,"column":16}},"loc":{"start":{"line":113,"column":59},"end":{"line":115,"column":null}}},"7":{"name":"(anonymous_7)","decl":{"start":{"line":117,"column":9},"end":{"line":117,"column":null}},"loc":{"start":{"line":120,"column":15},"end":{"line":122,"column":null}}},"8":{"name":"(anonymous_8)","decl":{"start":{"line":124,"column":9},"end":{"line":124,"column":16}},"loc":{"start":{"line":124,"column":70},"end":{"line":129,"column":null}}},"9":{"name":"(anonymous_9)","decl":{"start":{"line":131,"column":9},"end":{"line":131,"column":null}},"loc":{"start":{"line":135,"column":7},"end":{"line":146,"column":null}}},"10":{"name":"(anonymous_10)","decl":{"start":{"line":148,"column":9},"end":{"line":148,"column":21}},"loc":{"start":{"line":148,"column":73},"end":{"line":150,"column":null}}},"11":{"name":"(anonymous_11)","decl":{"start":{"line":152,"column":9},"end":{"line":152,"column":16}},"loc":{"start":{"line":152,"column":46},"end":{"line":154,"column":null}}},"12":{"name":"(anonymous_12)","decl":{"start":{"line":156,"column":9},"end":{"line":156,"column":19}},"loc":{"start":{"line":156,"column":50},"end":{"line":158,"column":null}}},"13":{"name":"(anonymous_13)","decl":{"start":{"line":166,"column":9},"end":{"line":166,"column":16}},"loc":{"start":{"line":166,"column":46},"end":{"line":168,"column":null}}},"14":{"name":"(anonymous_14)","decl":{"start":{"line":173,"column":2},"end":{"line":173,"column":13}},"loc":{"start":{"line":173,"column":28},"end":{"line":175,"column":null}}},"15":{"name":"(anonymous_15)","decl":{"start":{"line":85,"column":2},"end":{"line":85,"column":24}},"loc":{"start":{"line":85,"column":24},"end":{"line":102,"column":null}}}},"branchMap":{"0":{"loc":{"start":{"line":31,"column":4},"end":{"line":33,"column":null}},"type":"if","locations":[{"start":{"line":31,"column":4},"end":{"line":33,"column":null}},{"start":{},"end":{}}]},"1":{"loc":{"start":{"line":31,"column":8},"end":{"line":31,"column":70}},"type":"binary-expr","locations":[{"start":{"line":31,"column":8},"end":{"line":31,"column":38}},{"start":{"line":31,"column":38},"end":{"line":31,"column":70}}]},"2":{"loc":{"start":{"line":109,"column":46},"end":{"line":109,"column":62}},"type":"default-arg","locations":[{"start":{"line":109,"column":57},"end":{"line":109,"column":62}}]},"3":{"loc":{"start":{"line":125,"column":4},"end":{"line":127,"column":null}},"type":"if","locations":[{"start":{"line":125,"column":4},"end":{"line":127,"column":null}},{"start":{},"end":{}}]},"4":{"loc":{"start":{"line":125,"column":8},"end":{"line":125,"column":74}},"type":"binary-expr","locations":[{"start":{"line":125,"column":8},"end":{"line":125,"column":42}},{"start":{"line":125,"column":42},"end":{"line":125,"column":74}}]},"5":{"loc":{"start":{"line":136,"column":4},"end":{"line":145,"column":null}},"type":"switch","locations":[{"start":{"line":137,"column":6},"end":{"line":137,"column":null}},{"start":{"line":138,"column":6},"end":{"line":140,"column":null}},{"start":{"line":142,"column":6},"end":{"line":144,"column":null}}]}},"s":{"0":24,"1":24,"2":2,"3":23,"4":23,"5":168,"6":168,"7":168,"8":168,"9":168,"10":168,"11":159,"12":159,"13":159,"14":1275,"15":6,"16":6,"17":345,"18":32,"19":321,"20":3,"21":2,"22":1,"23":424,"24":33,"25":391,"26":1,"27":4,"28":7,"29":9,"30":0,"31":168,"32":168,"33":168,"34":168,"35":168,"36":168,"37":168,"38":168},"f":{"0":24,"1":23,"2":168,"3":1275,"4":6,"5":345,"6":32,"7":321,"8":3,"9":424,"10":1,"11":4,"12":7,"13":9,"14":0,"15":168},"b":{"0":[2,22],"1":[24,24],"2":[341],"3":[2,1],"4":[3,2],"5":[30,33,391]}}
,"/Users/benoitlahoz/Documents/Development/assemblerjs/packages/assemblerjs/src/features/assembler/lib/context-provider.ts": {"path":"/Users/benoitlahoz/Documents/Development/assemblerjs/packages/assemblerjs/src/features/assembler/lib/context-provider.ts","statementMap":{"0":{"start":{"line":8,"column":4},"end":{"line":19,"column":null}},"1":{"start":{"line":23,"column":4},"end":{"line":32,"column":null}},"2":{"start":{"line":5,"column":22},"end":{"line":5,"column":42}}},"fnMap":{"0":{"name":"(anonymous_0)","decl":{"start":{"line":7,"column":9},"end":{"line":7,"column":49}},"loc":{"start":{"line":7,"column":49},"end":{"line":20,"column":null}}},"1":{"name":"(anonymous_1)","decl":{"start":{"line":22,"column":9},"end":{"line":22,"column":30}},"loc":{"start":{"line":22,"column":88},"end":{"line":33,"column":null}}},"2":{"name":"(anonymous_2)","decl":{"start":{"line":5,"column":2},"end":{"line":5,"column":14}},"loc":{"start":{"line":5,"column":44},"end":{"line":5,"column":null}}}},"branchMap":{},"s":{"0":168,"1":168,"2":168},"f":{"0":168,"1":168,"2":168},"b":{}}
,"/Users/benoitlahoz/Documents/Development/assemblerjs/packages/assemblerjs/src/features/assembler/lib/cycle-detector.ts": {"path":"/Users/benoitlahoz/Documents/Development/assemblerjs/packages/assemblerjs/src/features/assembler/lib/cycle-detector.ts","statementMap":{"0":{"start":{"line":11,"column":0},"end":{"line":16,"column":null}},"1":{"start":{"line":21,"column":0},"end":{"line":25,"column":null}},"2":{"start":{"line":23,"column":4},"end":{"line":23,"column":null}},"3":{"start":{"line":30,"column":0},"end":{"line":95,"column":null}},"4":{"start":{"line":35,"column":43},"end":{"line":35,"column":45}},"5":{"start":{"line":36,"column":20},"end":{"line":36,"column":null}},"6":{"start":{"line":38,"column":4},"end":{"line":55,"column":null}},"7":{"start":{"line":39,"column":6},"end":{"line":39,"column":null}},"8":{"start":{"line":39,"column":35},"end":{"line":39,"column":null}},"9":{"start":{"line":41,"column":38},"end":{"line":41,"column":40}},"10":{"start":{"line":42,"column":21},"end":{"line":42,"column":null}},"11":{"start":{"line":44,"column":6},"end":{"line":54,"column":null}},"12":{"start":{"line":46,"column":30},"end":{"line":46,"column":null}},"13":{"start":{"line":46,"column":53},"end":{"line":46,"column":null}},"14":{"start":{"line":47,"column":8},"end":{"line":53,"column":null}},"15":{"start":{"line":48,"column":28},"end":{"line":48,"column":null}},"16":{"start":{"line":48,"column":66},"end":{"line":48,"column":null}},"17":{"start":{"line":49,"column":10},"end":{"line":52,"column":null}},"18":{"start":{"line":57,"column":4},"end":{"line":57,"column":null}},"19":{"start":{"line":70,"column":4},"end":{"line":73,"column":null}},"20":{"start":{"line":71,"column":6},"end":{"line":71,"column":null}},"21":{"start":{"line":72,"column":6},"end":{"line":72,"column":null}},"22":{"start":{"line":75,"column":4},"end":{"line":77,"column":null}},"23":{"start":{"line":76,"column":6},"end":{"line":76,"column":null}},"24":{"start":{"line":79,"column":4},"end":{"line":79,"column":null}},"25":{"start":{"line":80,"column":4},"end":{"line":80,"column":null}},"26":{"start":{"line":82,"column":23},"end":{"line":82,"column":null}},"27":{"start":{"line":83,"column":4},"end":{"line":89,"column":null}},"28":{"start":{"line":84,"column":6},"end":{"line":88,"column":null}},"29":{"start":{"line":85,"column":8},"end":{"line":87,"column":null}},"30":{"start":{"line":86,"column":10},"end":{"line":86,"column":null}},"31":{"start":{"line":91,"column":4},"end":{"line":91,"column":null}},"32":{"start":{"line":92,"column":4},"end":{"line":92,"column":null}},"33":{"start":{"line":93,"column":4},"end":{"line":93,"column":null}},"34":{"start":{"line":109,"column":4},"end":{"line":109,"column":null}},"35":{"start":{"line":113,"column":4},"end":{"line":113,"column":null}},"36":{"start":{"line":117,"column":4},"end":{"line":117,"column":null}},"37":{"start":{"line":105,"column":4},"end":{"line":105,"column":null}}},"fnMap":{"0":{"name":"(anonymous_0)","decl":{"start":{"line":22,"column":2},"end":{"line":22,"column":35}},"loc":{"start":{"line":22,"column":35},"end":{"line":24,"column":null}}},"1":{"name":"(anonymous_1)","decl":{"start":{"line":31,"column":2},"end":{"line":31,"column":null}},"loc":{"start":{"line":34,"column":28},"end":{"line":58,"column":null}}},"2":{"name":"(anonymous_2)","decl":{"start":{"line":46,"column":45},"end":{"line":46,"column":46}},"loc":{"start":{"line":46,"column":53},"end":{"line":46,"column":null}}},"3":{"name":"(anonymous_3)","decl":{"start":{"line":48,"column":58},"end":{"line":48,"column":59}},"loc":{"start":{"line":48,"column":66},"end":{"line":48,"column":null}}},"4":{"name":"(anonymous_4)","decl":{"start":{"line":63,"column":10},"end":{"line":63,"column":null}},"loc":{"start":{"line":69,"column":13},"end":{"line":94,"column":null}}},"5":{"name":"(anonymous_5)","decl":{"start":{"line":108,"column":2},"end":{"line":108,"column":16}},"loc":{"start":{"line":108,"column":53},"end":{"line":110,"column":null}}},"6":{"name":"(anonymous_6)","decl":{"start":{"line":112,"column":2},"end":{"line":112,"column":16}},"loc":{"start":{"line":112,"column":31},"end":{"line":114,"column":null}}},"7":{"name":"(anonymous_7)","decl":{"start":{"line":116,"column":2},"end":{"line":116,"column":16}},"loc":{"start":{"line":116,"column":32},"end":{"line":118,"column":null}}}},"branchMap":{"0":{"loc":{"start":{"line":39,"column":6},"end":{"line":39,"column":null}},"type":"if","locations":[{"start":{"line":39,"column":6},"end":{"line":39,"column":null}},{"start":{},"end":{}}]},"1":{"loc":{"start":{"line":44,"column":6},"end":{"line":54,"column":null}},"type":"if","locations":[{"start":{"line":44,"column":6},"end":{"line":54,"column":null}},{"start":{},"end":{}}]},"2":{"loc":{"start":{"line":47,"column":8},"end":{"line":53,"column":null}},"type":"if","locations":[{"start":{"line":47,"column":8},"end":{"line":53,"column":null}},{"start":{},"end":{}}]},"3":{"loc":{"start":{"line":70,"column":4},"end":{"line":73,"column":null}},"type":"if","locations":[{"start":{"line":70,"column":4},"end":{"line":73,"column":null}},{"start":{},"end":{}}]},"4":{"loc":{"start":{"line":75,"column":4},"end":{"line":77,"column":null}},"type":"if","locations":[{"start":{"line":75,"column":4},"end":{"line":77,"column":null}},{"start":{},"end":{}}]},"5":{"loc":{"start":{"line":83,"column":4},"end":{"line":89,"column":null}},"type":"if","locations":[{"start":{"line":83,"column":4},"end":{"line":89,"column":null}},{"start":{},"end":{}}]},"6":{"loc":{"start":{"line":83,"column":8},"end":{"line":83,"column":72}},"type":"binary-expr","locations":[{"start":{"line":83,"column":8},"end":{"line":83,"column":36}},{"start":{"line":83,"column":36},"end":{"line":83,"column":72}}]},"7":{"loc":{"start":{"line":85,"column":8},"end":{"line":87,"column":null}},"type":"if","locations":[{"start":{"line":85,"column":8},"end":{"line":87,"column":null}},{"start":{},"end":{}}]}},"s":{"0":33,"1":33,"2":161,"3":33,"4":0,"5":0,"6":0,"7":0,"8":0,"9":0,"10":0,"11":0,"12":0,"13":0,"14":0,"15":0,"16":0,"17":0,"18":0,"19":0,"20":0,"21":0,"22":0,"23":0,"24":0,"25":0,"26":0,"27":0,"28":0,"29":0,"30":0,"31":0,"32":0,"33":0,"34":161,"35":2,"36":23,"37":33},"f":{"0":161,"1":0,"2":0,"3":0,"4":0,"5":161,"6":2,"7":23},"b":{"0":[0,0],"1":[0,0],"2":[0,0],"3":[0,0],"4":[0,0],"5":[0,0],"6":[0,0],"7":[0,0]}}
,"/Users/benoitlahoz/Documents/Development/assemblerjs/packages/assemblerjs/src/features/assembler/lib/debug-logger.ts": {"path":"/Users/benoitlahoz/Documents/Development/assemblerjs/packages/assemblerjs/src/features/assembler/lib/debug-logger.ts","statementMap":{"0":{"start":{"line":9,"column":2},"end":{"line":9,"column":null}},"1":{"start":{"line":9,"column":28},"end":{"line":9,"column":null}},"2":{"start":{"line":10,"column":2},"end":{"line":10,"column":null}},"3":{"start":{"line":10,"column":23},"end":{"line":10,"column":null}},"4":{"start":{"line":13,"column":2},"end":{"line":23,"column":null}},"5":{"start":{"line":15,"column":4},"end":{"line":15,"column":null}},"6":{"start":{"line":15,"column":21},"end":{"line":15,"column":null}},"7":{"start":{"line":18,"column":4},"end":{"line":20,"column":null}},"8":{"start":{"line":19,"column":6},"end":{"line":19,"column":null}},"9":{"start":{"line":22,"column":4},"end":{"line":22,"column":null}},"10":{"start":{"line":26,"column":2},"end":{"line":39,"column":null}},"11":{"start":{"line":28,"column":4},"end":{"line":30,"column":null}},"12":{"start":{"line":29,"column":6},"end":{"line":29,"column":null}},"13":{"start":{"line":33,"column":28},"end":{"line":33,"column":null}},"14":{"start":{"line":34,"column":4},"end":{"line":36,"column":null}},"15":{"start":{"line":35,"column":6},"end":{"line":35,"column":null}},"16":{"start":{"line":38,"column":4},"end":{"line":38,"column":null}},"17":{"start":{"line":41,"column":2},"end":{"line":41,"column":null}},"18":{"start":{"line":65,"column":0},"end":{"line":76,"column":null}},"19":{"start":{"line":82,"column":0},"end":{"line":205,"column":null}},"20":{"start":{"line":98,"column":4},"end":{"line":105,"column":null}},"21":{"start":{"line":109,"column":4},"end":{"line":109,"column":null}},"22":{"start":{"line":113,"column":22},"end":{"line":113,"column":null}},"23":{"start":{"line":114,"column":4},"end":{"line":114,"column":null}},"24":{"start":{"line":114,"column":32},"end":{"line":114,"column":null}},"25":{"start":{"line":115,"column":4},"end":{"line":115,"column":null}},"26":{"start":{"line":119,"column":4},"end":{"line":119,"column":null}},"27":{"start":{"line":119,"column":41},"end":{"line":119,"column":null}},"28":{"start":{"line":121,"column":4},"end":{"line":126,"column":null}},"29":{"start":{"line":124,"column":53},"end":{"line":124,"column":null}},"30":{"start":{"line":130,"column":4},"end":{"line":130,"column":null}},"31":{"start":{"line":130,"column":34},"end":{"line":130,"column":null}},"32":{"start":{"line":132,"column":22},"end":{"line":132,"column":null}},"33":{"start":{"line":133,"column":4},"end":{"line":136,"column":null}},"34":{"start":{"line":138,"column":4},"end":{"line":143,"column":null}},"35":{"start":{"line":139,"column":6},"end":{"line":142,"column":null}},"36":{"start":{"line":140,"column":25},"end":{"line":140,"column":null}},"37":{"start":{"line":141,"column":8},"end":{"line":141,"column":null}},"38":{"start":{"line":147,"column":4},"end":{"line":147,"column":null}},"39":{"start":{"line":151,"column":17},"end":{"line":151,"column":null}},"40":{"start":{"line":152,"column":4},"end":{"line":154,"column":null}},"41":{"start":{"line":153,"column":6},"end":{"line":153,"column":null}},"42":{"start":{"line":155,"column":4},"end":{"line":155,"column":null}},"43":{"start":{"line":159,"column":4},"end":{"line":159,"column":null}},"44":{"start":{"line":159,"column":39},"end":{"line":159,"column":null}},"45":{"start":{"line":161,"column":4},"end":{"line":164,"column":null}},"46":{"start":{"line":168,"column":4},"end":{"line":168,"column":null}},"47":{"start":{"line":168,"column":41},"end":{"line":168,"column":null}},"48":{"start":{"line":169,"column":4},"end":{"line":169,"column":null}},"49":{"start":{"line":173,"column":4},"end":{"line":173,"column":null}},"50":{"start":{"line":177,"column":4},"end":{"line":190,"column":null}},"51":{"start":{"line":178,"column":6},"end":{"line":178,"column":null}},"52":{"start":{"line":180,"column":21},"end":{"line":180,"column":43}},"53":{"start":{"line":181,"column":28},"end":{"line":183,"column":null}},"54":{"start":{"line":184,"column":6},"end":{"line":189,"column":null}},"55":{"start":{"line":186,"column":8},"end":{"line":186,"column":null}},"56":{"start":{"line":188,"column":8},"end":{"line":188,"column":null}},"57":{"start":{"line":195,"column":19},"end":{"line":200,"column":null}},"58":{"start":{"line":202,"column":18},"end":{"line":202,"column":69}},"59":{"start":{"line":203,"column":4},"end":{"line":203,"column":null}},"60":{"start":{"line":83,"column":10},"end":{"line":95,"column":null}},"61":{"start":{"line":214,"column":4},"end":{"line":214,"column":null}},"62":{"start":{"line":219,"column":4},"end":{"line":222,"column":null}},"63":{"start":{"line":220,"column":6},"end":{"line":220,"column":null}},"64":{"start":{"line":221,"column":6},"end":{"line":221,"column":null}},"65":{"start":{"line":224,"column":4},"end":{"line":224,"column":null}},"66":{"start":{"line":225,"column":4},"end":{"line":227,"column":null}},"67":{"start":{"line":226,"column":6},"end":{"line":226,"column":null}},"68":{"start":{"line":231,"column":4},"end":{"line":231,"column":null}},"69":{"start":{"line":210,"column":13},"end":{"line":211,"column":null}}},"fnMap":{"0":{"name":"o","decl":{"start":{"line":7,"column":9},"end":{"line":7,"column":22}},"loc":{"start":{"line":7,"column":33},"end":{"line":42,"column":null}}},"1":{"name":"(anonymous_1)","decl":{"start":{"line":66,"column":2},"end":{"line":66,"column":12}},"loc":{"start":{"line":66,"column":51},"end":{"line":66,"column":null}}},"2":{"name":"(anonymous_2)","decl":{"start":{"line":67,"column":2},"end":{"line":67,"column":6}},"loc":{"start":{"line":67,"column":78},"end":{"line":67,"column":null}}},"3":{"name":"(anonymous_3)","decl":{"start":{"line":68,"column":2},"end":{"line":68,"column":16}},"loc":{"start":{"line":68,"column":35},"end":{"line":68,"column":null}}},"4":{"name":"(anonymous_4)","decl":{"start":{"line":69,"column":2},"end":{"line":69,"column":14}},"loc":{"start":{"line":69,"column":53},"end":{"line":69,"column":null}}},"5":{"name":"(anonymous_5)","decl":{"start":{"line":70,"column":2},"end":{"line":70,"column":18}},"loc":{"start":{"line":70,"column":54},"end":{"line":70,"column":null}}},"6":{"name":"(anonymous_6)","decl":{"start":{"line":71,"column":2},"end":{"line":71,"column":10}},"loc":{"start":{"line":71,"column":64},"end":{"line":71,"column":null}}},"7":{"name":"(anonymous_7)","decl":{"start":{"line":72,"column":2},"end":{"line":72,"column":16}},"loc":{"start":{"line":72,"column":54},"end":{"line":72,"column":null}}},"8":{"name":"(anonymous_8)","decl":{"start":{"line":73,"column":2},"end":{"line":73,"column":14}},"loc":{"start":{"line":73,"column":72},"end":{"line":73,"column":null}}},"9":{"name":"(anonymous_9)","decl":{"start":{"line":74,"column":2},"end":{"line":74,"column":16}},"loc":{"start":{"line":74,"column":101},"end":{"line":74,"column":null}}},"10":{"name":"(anonymous_10)","decl":{"start":{"line":75,"column":2},"end":{"line":75,"column":18}},"loc":{"start":{"line":75,"column":41},"end":{"line":75,"column":null}}},"11":{"name":"(anonymous_11)","decl":{"start":{"line":97,"column":2},"end":{"line":97,"column":12}},"loc":{"start":{"line":97,"column":50},"end":{"line":106,"column":null}}},"12":{"name":"(anonymous_12)","decl":{"start":{"line":108,"column":2},"end":{"line":108,"column":16}},"loc":{"start":{"line":108,"column":34},"end":{"line":110,"column":null}}},"13":{"name":"(anonymous_13)","decl":{"start":{"line":112,"column":2},"end":{"line":112,"column":14}},"loc":{"start":{"line":112,"column":51},"end":{"line":116,"column":null}}},"14":{"name":"(anonymous_14)","decl":{"start":{"line":118,"column":2},"end":{"line":118,"column":18}},"loc":{"start":{"line":118,"column":53},"end":{"line":127,"column":null}}},"15":{"name":"(anonymous_15)","decl":{"start":{"line":124,"column":48},"end":{"line":124,"column":53}},"loc":{"start":{"line":124,"column":53},"end":{"line":124,"column":null}}},"16":{"name":"(anonymous_16)","decl":{"start":{"line":129,"column":2},"end":{"line":129,"column":10}},"loc":{"start":{"line":129,"column":76},"end":{"line":144,"column":null}}},"17":{"name":"(anonymous_17)","decl":{"start":{"line":139,"column":13},"end":{"line":139,"column":null}},"loc":{"start":{"line":139,"column":13},"end":{"line":142,"column":null}}},"18":{"name":"(anonymous_18)","decl":{"start":{"line":146,"column":2},"end":{"line":146,"column":16}},"loc":{"start":{"line":146,"column":52},"end":{"line":148,"column":null}}},"19":{"name":"(anonymous_19)","decl":{"start":{"line":150,"column":2},"end":{"line":150,"column":14}},"loc":{"start":{"line":150,"column":69},"end":{"line":156,"column":null}}},"20":{"name":"(anonymous_20)","decl":{"start":{"line":158,"column":2},"end":{"line":158,"column":16}},"loc":{"start":{"line":158,"column":98},"end":{"line":165,"column":null}}},"21":{"name":"(anonymous_21)","decl":{"start":{"line":167,"column":2},"end":{"line":167,"column":18}},"loc":{"start":{"line":167,"column":40},"end":{"line":170,"column":null}}},"22":{"name":"(anonymous_22)","decl":{"start":{"line":172,"column":10},"end":{"line":172,"column":20}},"loc":{"start":{"line":172,"column":44},"end":{"line":174,"column":null}}},"23":{"name":"(anonymous_23)","decl":{"start":{"line":176,"column":9},"end":{"line":176,"column":13}},"loc":{"start":{"line":176,"column":82},"end":{"line":191,"column":null}}},"24":{"name":"(anonymous_24)","decl":{"start":{"line":193,"column":10},"end":{"line":193,"column":19}},"loc":{"start":{"line":193,"column":56},"end":{"line":204,"column":null}}},"25":{"name":"(anonymous_26)","decl":{"start":{"line":213,"column":2},"end":{"line":213,"column":16}},"loc":{"start":{"line":213,"column":51},"end":{"line":215,"column":null}}},"26":{"name":"(anonymous_27)","decl":{"start":{"line":217,"column":2},"end":{"line":217,"column":16}},"loc":{"start":{"line":217,"column":62},"end":{"line":228,"column":null}}},"27":{"name":"(anonymous_28)","decl":{"start":{"line":230,"column":2},"end":{"line":230,"column":16}},"loc":{"start":{"line":230,"column":32},"end":{"line":232,"column":null}}}},"branchMap":{"0":{"loc":{"start":{"line":9,"column":2},"end":{"line":9,"column":null}},"type":"if","locations":[{"start":{"line":9,"column":2},"end":{"line":9,"column":null}},{"start":{},"end":{}}]},"1":{"loc":{"start":{"line":10,"column":2},"end":{"line":10,"column":null}},"type":"if","locations":[{"start":{"line":10,"column":2},"end":{"line":10,"column":null}},{"start":{},"end":{}}]},"2":{"loc":{"start":{"line":13,"column":2},"end":{"line":23,"column":null}},"type":"if","locations":[{"start":{"line":13,"column":2},"end":{"line":23,"column":null}},{"start":{},"end":{}}]},"3":{"loc":{"start":{"line":15,"column":4},"end":{"line":15,"column":null}},"type":"if","locations":[{"start":{"line":15,"column":4},"end":{"line":15,"column":null}},{"start":{},"end":{}}]},"4":{"loc":{"start":{"line":18,"column":4},"end":{"line":20,"column":null}},"type":"if","locations":[{"start":{"line":18,"column":4},"end":{"line":20,"column":null}},{"start":{},"end":{}}]},"5":{"loc":{"start":{"line":18,"column":8},"end":{"line":18,"column":76}},"type":"binary-expr","locations":[{"start":{"line":18,"column":8},"end":{"line":18,"column":36}},{"start":{"line":18,"column":36},"end":{"line":18,"column":76}}]},"6":{"loc":{"start":{"line":26,"column":2},"end":{"line":39,"column":null}},"type":"if","locations":[{"start":{"line":26,"column":2},"end":{"line":39,"column":null}},{"start":{},"end":{}}]},"7":{"loc":{"start":{"line":28,"column":4},"end":{"line":30,"column":null}},"type":"if","locations":[{"start":{"line":28,"column":4},"end":{"line":30,"column":null}},{"start":{},"end":{}}]},"8":{"loc":{"start":{"line":28,"column":8},"end":{"line":28,"column":56}},"type":"binary-expr","locations":[{"start":{"line":28,"column":8},"end":{"line":28,"column":19}},{"start":{"line":28,"column":23},"end":{"line":28,"column":56}}]},"9":{"loc":{"start":{"line":34,"column":4},"end":{"line":36,"column":null}},"type":"if","locations":[{"start":{"line":34,"column":4},"end":{"line":36,"column":null}},{"start":{},"end":{}}]},"10":{"loc":{"start":{"line":34,"column":8},"end":{"line":34,"column":57}},"type":"binary-expr","locations":[{"start":{"line":34,"column":8},"end":{"line":34,"column":27}},{"start":{"line":34,"column":27},"end":{"line":34,"column":57}}]},"11":{"loc":{"start":{"line":103,"column":12},"end":{"line":103,"column":35}},"type":"binary-expr","locations":[{"start":{"line":103,"column":12},"end":{"line":103,"column":29}},{"start":{"line":103,"column":33},"end":{"line":103,"column":35}}]},"12":{"loc":{"start":{"line":114,"column":4},"end":{"line":114,"column":null}},"type":"if","locations":[{"start":{"line":114,"column":4},"end":{"line":114,"column":null}},{"start":{},"end":{}}]},"13":{"loc":{"start":{"line":119,"column":4},"end":{"line":119,"column":null}},"type":"if","locations":[{"start":{"line":119,"column":4},"end":{"line":119,"column":null}},{"start":{},"end":{}}]},"14":{"loc":{"start":{"line":130,"column":4},"end":{"line":130,"column":null}},"type":"if","locations":[{"start":{"line":130,"column":4},"end":{"line":130,"column":null}},{"start":{},"end":{}}]},"15":{"loc":{"start":{"line":132,"column":22},"end":{"line":132,"column":null}},"type":"cond-expr","locations":[{"start":{"line":132,"column":48},"end":{"line":132,"column":68}},{"start":{"line":132,"column":68},"end":{"line":132,"column":null}}]},"16":{"loc":{"start":{"line":138,"column":4},"end":{"line":143,"column":null}},"type":"if","locations":[{"start":{"line":138,"column":4},"end":{"line":143,"column":null}},{"start":{},"end":{}}]},"17":{"loc":{"start":{"line":151,"column":17},"end":{"line":151,"column":null}},"type":"cond-expr","locations":[{"start":{"line":151,"column":42},"end":{"line":151,"column":85}},{"start":{"line":151,"column":85},"end":{"line":151,"column":null}}]},"18":{"loc":{"start":{"line":152,"column":4},"end":{"line":154,"column":null}},"type":"if","locations":[{"start":{"line":152,"column":4},"end":{"line":154,"column":null}},{"start":{},"end":{}}]},"19":{"loc":{"start":{"line":155,"column":46},"end":{"line":155,"column":null}},"type":"cond-expr","locations":[{"start":{"line":155,"column":77},"end":{"line":155,"column":84}},{"start":{"line":155,"column":84},"end":{"line":155,"column":null}}]},"20":{"loc":{"start":{"line":159,"column":4},"end":{"line":159,"column":null}},"type":"if","locations":[{"start":{"line":159,"column":4},"end":{"line":159,"column":null}},{"start":{},"end":{}}]},"21":{"loc":{"start":{"line":163,"column":13},"end":{"line":163,"column":null}},"type":"cond-expr","locations":[{"start":{"line":163,"column":24},"end":{"line":163,"column":32}},{"start":{"line":163,"column":32},"end":{"line":163,"column":null}}]},"22":{"loc":{"start":{"line":168,"column":4},"end":{"line":168,"column":null}},"type":"if","locations":[{"start":{"line":168,"column":4},"end":{"line":168,"column":null}},{"start":{},"end":{}}]},"23":{"loc":{"start":{"line":173,"column":11},"end":{"line":173,"column":null}},"type":"binary-expr","locations":[{"start":{"line":173,"column":11},"end":{"line":173,"column":34}},{"start":{"line":173,"column":38},"end":{"line":173,"column":null}}]},"24":{"loc":{"start":{"line":177,"column":4},"end":{"line":190,"column":null}},"type":"if","locations":[{"start":{"line":177,"column":4},"end":{"line":190,"column":null}},{"start":{"line":179,"column":11},"end":{"line":190,"column":null}}]},"25":{"loc":{"start":{"line":181,"column":28},"end":{"line":183,"column":null}},"type":"cond-expr","locations":[{"start":{"line":182,"column":10},"end":{"line":182,"column":null}},{"start":{"line":183,"column":10},"end":{"line":183,"column":null}}]},"26":{"loc":{"start":{"line":184,"column":6},"end":{"line":189,"column":null}},"type":"if","locations":[{"start":{"line":184,"column":6},"end":{"line":189,"column":null}},{"start":{"line":187,"column":13},"end":{"line":189,"column":null}}]},"27":{"loc":{"start":{"line":202,"column":18},"end":{"line":202,"column":69}},"type":"binary-expr","locations":[{"start":{"line":202,"column":18},"end":{"line":202,"column":54}},{"start":{"line":202,"column":58},"end":{"line":202,"column":69}}]},"28":{"loc":{"start":{"line":219,"column":4},"end":{"line":222,"column":null}},"type":"if","locations":[{"start":{"line":219,"column":4},"end":{"line":222,"column":null}},{"start":{},"end":{}}]},"29":{"loc":{"start":{"line":225,"column":4},"end":{"line":227,"column":null}},"type":"if","locations":[{"start":{"line":225,"column":4},"end":{"line":227,"column":null}},{"start":{},"end":{}}]}},"s":{"0":116,"1":0,"2":116,"3":0,"4":116,"5":66,"6":66,"7":0,"8":0,"9":0,"10":50,"11":50,"12":0,"13":50,"14":50,"15":50,"16":0,"17":0,"18":33,"19":33,"20":16,"21":26,"22":20,"23":20,"24":20,"25":20,"26":30,"27":0,"28":30,"29":7,"30":82,"31":3,"32":79,"33":79,"34":79,"35":3,"36":3,"37":3,"38":87,"39":81,"40":81,"41":21,"42":81,"43":0,"44":0,"45":0,"46":0,"47":0,"48":0,"49":112,"50":333,"51":174,"52":159,"53":159,"54":159,"55":82,"56":77,"57":145,"58":145,"59":145,"60":24,"61":1711,"62":24,"63":0,"64":0,"65":24,"66":24,"67":16,"68":23,"69":33},"f":{"0":116,"1":0,"2":52,"3":142,"4":139,"5":301,"6":891,"7":560,"8":557,"9":0,"10":0,"11":16,"12":26,"13":20,"14":30,"15":7,"16":82,"17":3,"18":87,"19":81,"20":0,"21":0,"22":112,"23":333,"24":145,"25":1711,"26":24,"27":23},"b":{"0":[0,116],"1":[0,116],"2":[66,50],"3":[66,0],"4":[0,0],"5":[0,0],"6":[50,0],"7":[0,50],"8":[50,0],"9":[50,0],"10":[50,50],"11":[16,15],"12":[20,0],"13":[0,30],"14":[3,79],"15":[3,76],"16":[3,76],"17":[0,81],"18":[21,60],"19":[21,60],"20":[0,0],"21":[0,0],"22":[0,0],"23":[112,112],"24":[174,159],"25":[145,14],"26":[82,77],"27":[145,0],"28":[0,24],"29":[16,8]}}
,"/Users/benoitlahoz/Documents/Development/assemblerjs/packages/assemblerjs/src/features/assembler/lib/hook-manager.ts": {"path":"/Users/benoitlahoz/Documents/Development/assemblerjs/packages/assemblerjs/src/features/assembler/lib/hook-manager.ts","statementMap":{"0":{"start":{"line":86,"column":4},"end":{"line":89,"column":null}},"1":{"start":{"line":90,"column":4},"end":{"line":90,"column":null}},"2":{"start":{"line":95,"column":4},"end":{"line":102,"column":null}},"3":{"start":{"line":96,"column":6},"end":{"line":100,"column":null}},"4":{"start":{"line":107,"column":4},"end":{"line":114,"column":null}},"5":{"start":{"line":108,"column":6},"end":{"line":112,"column":null}},"6":{"start":{"line":118,"column":4},"end":{"line":118,"column":null}},"7":{"start":{"line":122,"column":4},"end":{"line":122,"column":null}},"8":{"start":{"line":80,"column":10},"end":{"line":80,"column":null}},"9":{"start":{"line":7,"column":13},"end":{"line":48,"column":null}},"10":{"start":{"line":14,"column":19},"end":{"line":14,"column":null}},"11":{"start":{"line":15,"column":19},"end":{"line":15,"column":null}},"12":{"start":{"line":17,"column":4},"end":{"line":47,"column":null}},"13":{"start":{"line":18,"column":41},"end":{"line":18,"column":81}},"14":{"start":{"line":20,"column":6},"end":{"line":46,"column":null}},"15":{"start":{"line":21,"column":8},"end":{"line":33,"column":null}},"16":{"start":{"line":22,"column":10},"end":{"line":31,"column":null}},"17":{"start":{"line":25,"column":14},"end":{"line":25,"column":null}},"18":{"start":{"line":25,"column":26},"end":{"line":25,"column":null}},"19":{"start":{"line":26,"column":14},"end":{"line":26,"column":null}},"20":{"start":{"line":29,"column":14},"end":{"line":29,"column":null}},"21":{"start":{"line":29,"column":26},"end":{"line":29,"column":null}},"22":{"start":{"line":30,"column":14},"end":{"line":30,"column":null}},"23":{"start":{"line":32,"column":10},"end":{"line":32,"column":null}},"24":{"start":{"line":35,"column":8},"end":{"line":42,"column":null}},"25":{"start":{"line":36,"column":10},"end":{"line":36,"column":null}},"26":{"start":{"line":37,"column":10},"end":{"line":37,"column":null}},"27":{"start":{"line":37,"column":22},"end":{"line":37,"column":null}},"28":{"start":{"line":38,"column":10},"end":{"line":38,"column":null}},"29":{"start":{"line":40,"column":10},"end":{"line":40,"column":null}},"30":{"start":{"line":40,"column":22},"end":{"line":40,"column":null}},"31":{"start":{"line":41,"column":10},"end":{"line":41,"column":null}},"32":{"start":{"line":44,"column":8},"end":{"line":44,"column":null}},"33":{"start":{"line":44,"column":20},"end":{"line":44,"column":null}},"34":{"start":{"line":45,"column":8},"end":{"line":45,"column":null}},"35":{"start":{"line":7,"column":13},"end":{"line":78,"column":null}},"36":{"start":{"line":56,"column":19},"end":{"line":56,"column":null}},"37":{"start":{"line":57,"column":19},"end":{"line":57,"column":null}},"38":{"start":{"line":59,"column":39},"end":{"line":59,"column":79}},"39":{"start":{"line":61,"column":4},"end":{"line":77,"column":null}},"40":{"start":{"line":62,"column":6},"end":{"line":70,"column":null}},"41":{"start":{"line":65,"column":8},"end":{"line":67,"column":null}},"42":{"start":{"line":68,"column":8},"end":{"line":68,"column":null}},"43":{"start":{"line":68,"column":20},"end":{"line":68,"column":null}},"44":{"start":{"line":69,"column":8},"end":{"line":69,"column":null}},"45":{"start":{"line":73,"column":6},"end":{"line":73,"column":null}},"46":{"start":{"line":74,"column":6},"end":{"line":74,"column":null}},"47":{"start":{"line":74,"column":18},"end":{"line":74,"column":null}},"48":{"start":{"line":76,"column":6},"end":{"line":76,"column":null}},"49":{"start":{"line":76,"column":18},"end":{"line":76,"column":null}}},"fnMap":{"0":{"name":"(anonymous_0)","decl":{"start":{"line":82,"column":9},"end":{"line":82,"column":null}},"loc":{"start":{"line":85,"column":15},"end":{"line":91,"column":null}}},"1":{"name":"(anonymous_1)","decl":{"start":{"line":93,"column":9},"end":{"line":93,"column":23}},"loc":{"start":{"line":93,"column":56},"end":{"line":103,"column":null}}},"2":{"name":"(anonymous_2)","decl":{"start":{"line":105,"column":9},"end":{"line":105,"column":25}},"loc":{"start":{"line":105,"column":58},"end":{"line":115,"column":null}}},"3":{"name":"(anonymous_3)","decl":{"start":{"line":117,"column":9},"end":{"line":117,"column":28}},"loc":{"start":{"line":117,"column":28},"end":{"line":119,"column":null}}},"4":{"name":"(anonymous_4)","decl":{"start":{"line":121,"column":9},"end":{"line":121,"column":78}},"loc":{"start":{"line":121,"column":78},"end":{"line":123,"column":null}}},"5":{"name":"(anonymous_6)","decl":{"start":{"line":8,"column":27},"end":{"line":8,"column":null}},"loc":{"start":{"line":12,"column":4},"end":{"line":48,"column":null}}},"6":{"name":"(anonymous_7)","decl":{"start":{"line":17,"column":23},"end":{"line":17,"column":24}},"loc":{"start":{"line":17,"column":33},"end":{"line":47,"column":null}}},"7":{"name":"(anonymous_8)","decl":{"start":{"line":24,"column":18},"end":{"line":24,"column":null}},"loc":{"start":{"line":24,"column":18},"end":{"line":27,"column":null}}},"8":{"name":"(anonymous_9)","decl":{"start":{"line":28,"column":19},"end":{"line":28,"column":20}},"loc":{"start":{"line":28,"column":20},"end":{"line":31,"column":null}}},"9":{"name":"(anonymous_10)","decl":{"start":{"line":50,"column":36},"end":{"line":50,"column":null}},"loc":{"start":{"line":54,"column":4},"end":{"line":78,"column":null}}},"10":{"name":"(anonymous_11)","decl":{"start":{"line":65,"column":60},"end":{"line":65,"column":null}},"loc":{"start":{"line":65,"column":60},"end":{"line":67,"column":null}}}},"branchMap":{"0":{"loc":{"start":{"line":20,"column":6},"end":{"line":46,"column":null}},"type":"if","locations":[{"start":{"line":20,"column":6},"end":{"line":46,"column":null}},{"start":{"line":43,"column":13},"end":{"line":46,"column":null}}]},"1":{"loc":{"start":{"line":21,"column":8},"end":{"line":33,"column":null}},"type":"if","locations":[{"start":{"line":21,"column":8},"end":{"line":33,"column":null}},{"start":{},"end":{}}]},"2":{"loc":{"start":{"line":25,"column":14},"end":{"line":25,"column":null}},"type":"if","locations":[{"start":{"line":25,"column":14},"end":{"line":25,"column":null}},{"start":{},"end":{}}]},"3":{"loc":{"start":{"line":29,"column":14},"end":{"line":29,"column":null}},"type":"if","locations":[{"start":{"line":29,"column":14},"end":{"line":29,"column":null}},{"start":{},"end":{}}]},"4":{"loc":{"start":{"line":37,"column":10},"end":{"line":37,"column":null}},"type":"if","locations":[{"start":{"line":37,"column":10},"end":{"line":37,"column":null}},{"start":{},"end":{}}]},"5":{"loc":{"start":{"line":40,"column":10},"end":{"line":40,"column":null}},"type":"if","locations":[{"start":{"line":40,"column":10},"end":{"line":40,"column":null}},{"start":{},"end":{}}]},"6":{"loc":{"start":{"line":44,"column":8},"end":{"line":44,"column":null}},"type":"if","locations":[{"start":{"line":44,"column":8},"end":{"line":44,"column":null}},{"start":{},"end":{}}]},"7":{"loc":{"start":{"line":61,"column":4},"end":{"line":77,"column":null}},"type":"if","locations":[{"start":{"line":61,"column":4},"end":{"line":77,"column":null}},{"start":{"line":75,"column":11},"end":{"line":77,"column":null}}]},"8":{"loc":{"start":{"line":62,"column":6},"end":{"line":70,"column":null}},"type":"if","locations":[{"start":{"line":62,"column":6},"end":{"line":70,"column":null}},{"start":{},"end":{}}]},"9":{"loc":{"start":{"line":68,"column":8},"end":{"line":68,"column":null}},"type":"if","locations":[{"start":{"line":68,"column":8},"end":{"line":68,"column":null}},{"start":{},"end":{}}]},"10":{"loc":{"start":{"line":74,"column":6},"end":{"line":74,"column":null}},"type":"if","locations":[{"start":{"line":74,"column":6},"end":{"line":74,"column":null}},{"start":{},"end":{}}]},"11":{"loc":{"start":{"line":76,"column":6},"end":{"line":76,"column":null}},"type":"if","locations":[{"start":{"line":76,"column":6},"end":{"line":76,"column":null}},{"start":{},"end":{}}]}},"s":{"0":321,"1":321,"2":159,"3":157,"4":159,"5":158,"6":159,"7":477,"8":168,"9":33,"10":340,"11":340,"12":340,"13":340,"14":340,"15":19,"16":1,"17":0,"18":0,"19":0,"20":0,"21":0,"22":0,"23":1,"24":18,"25":18,"26":18,"27":0,"28":18,"29":0,"30":0,"31":0,"32":321,"33":1,"34":321,"35":33,"36":633,"37":633,"38":633,"39":633,"40":63,"41":7,"42":7,"43":0,"44":7,"45":56,"46":56,"47":0,"48":570,"49":2},"f":{"0":321,"1":159,"2":159,"3":159,"4":477,"5":340,"6":340,"7":0,"8":0,"9":633,"10":0},"b":{"0":[19,321],"1":[1,18],"2":[0,0],"3":[0,0],"4":[0,18],"5":[0,0],"6":[1,320],"7":[63,570],"8":[7,56],"9":[0,7],"10":[0,56],"11":[2,568]}}
,"/Users/benoitlahoz/Documents/Development/assemblerjs/packages/assemblerjs/src/features/assembler/lib/injectable-manager.ts": {"path":"/Users/benoitlahoz/Documents/Development/assemblerjs/packages/assemblerjs/src/features/assembler/lib/injectable-manager.ts","statementMap":{"0":{"start":{"line":19,"column":2},"end":{"line":19,"column":null}},"1":{"start":{"line":19,"column":32},"end":{"line":19,"column":null}},"2":{"start":{"line":20,"column":2},"end":{"line":20,"column":null}},"3":{"start":{"line":20,"column":27},"end":{"line":20,"column":null}},"4":{"start":{"line":23,"column":2},"end":{"line":33,"column":null}},"5":{"start":{"line":25,"column":4},"end":{"line":25,"column":null}},"6":{"start":{"line":25,"column":25},"end":{"line":25,"column":null}},"7":{"start":{"line":28,"column":4},"end":{"line":30,"column":null}},"8":{"start":{"line":29,"column":6},"end":{"line":29,"column":null}},"9":{"start":{"line":32,"column":4},"end":{"line":32,"column":null}},"10":{"start":{"line":36,"column":2},"end":{"line":36,"column":null}},"11":{"start":{"line":36,"column":38},"end":{"line":36,"column":null}},"12":{"start":{"line":37,"column":2},"end":{"line":37,"column":null}},"13":{"start":{"line":37,"column":38},"end":{"line":37,"column":null}},"14":{"start":{"line":38,"column":2},"end":{"line":38,"column":null}},"15":{"start":{"line":38,"column":38},"end":{"line":38,"column":null}},"16":{"start":{"line":39,"column":2},"end":{"line":39,"column":null}},"17":{"start":{"line":39,"column":39},"end":{"line":39,"column":null}},"18":{"start":{"line":42,"column":2},"end":{"line":66,"column":null}},"19":{"start":{"line":44,"column":4},"end":{"line":46,"column":null}},"20":{"start":{"line":45,"column":6},"end":{"line":45,"column":null}},"21":{"start":{"line":49,"column":28},"end":{"line":49,"column":null}},"22":{"start":{"line":50,"column":4},"end":{"line":52,"column":null}},"23":{"start":{"line":51,"column":6},"end":{"line":51,"column":null}},"24":{"start":{"line":54,"column":4},"end":{"line":65,"column":null}},"25":{"start":{"line":56,"column":19},"end":{"line":56,"column":null}},"26":{"start":{"line":58,"column":6},"end":{"line":60,"column":null}},"27":{"start":{"line":59,"column":8},"end":{"line":59,"column":null}},"28":{"start":{"line":61,"column":6},"end":{"line":61,"column":null}},"29":{"start":{"line":64,"column":6},"end":{"line":64,"column":null}},"30":{"start":{"line":68,"column":2},"end":{"line":68,"column":null}},"31":{"start":{"line":76,"column":2},"end":{"line":84,"column":null}},"32":{"start":{"line":80,"column":32},"end":{"line":81,"column":null}},"33":{"start":{"line":83,"column":4},"end":{"line":83,"column":null}},"34":{"start":{"line":86,"column":2},"end":{"line":86,"column":null}},"35":{"start":{"line":86,"column":40},"end":{"line":86,"column":null}},"36":{"start":{"line":87,"column":2},"end":{"line":87,"column":null}},"37":{"start":{"line":87,"column":38},"end":{"line":87,"column":null}},"38":{"start":{"line":88,"column":2},"end":{"line":88,"column":null}},"39":{"start":{"line":88,"column":38},"end":{"line":88,"column":null}},"40":{"start":{"line":89,"column":2},"end":{"line":89,"column":null}},"41":{"start":{"line":89,"column":61},"end":{"line":89,"column":null}},"42":{"start":{"line":91,"column":2},"end":{"line":91,"column":null}},"43":{"start":{"line":103,"column":4},"end":{"line":103,"column":null}},"44":{"start":{"line":104,"column":4},"end":{"line":104,"column":null}},"45":{"start":{"line":108,"column":19},"end":{"line":108,"column":null}},"46":{"start":{"line":111,"column":6},"end":{"line":113,"column":null}},"47":{"start":{"line":115,"column":4},"end":{"line":124,"column":null}},"48":{"start":{"line":116,"column":27},"end":{"line":116,"column":112}},"49":{"start":{"line":118,"column":6},"end":{"line":121,"column":null}},"50":{"start":{"line":123,"column":6},"end":{"line":123,"column":null}},"51":{"start":{"line":127,"column":23},"end":{"line":130,"column":null}},"52":{"start":{"line":134,"column":4},"end":{"line":134,"column":null}},"53":{"start":{"line":137,"column":4},"end":{"line":137,"column":null}},"54":{"start":{"line":140,"column":4},"end":{"line":147,"column":null}},"55":{"start":{"line":141,"column":6},"end":{"line":145,"column":null}},"56":{"start":{"line":149,"column":4},"end":{"line":149,"column":null}},"57":{"start":{"line":153,"column":4},"end":{"line":153,"column":null}},"58":{"start":{"line":161,"column":4},"end":{"line":196,"column":null}},"59":{"start":{"line":162,"column":25},"end":{"line":162,"column":null}},"60":{"start":{"line":163,"column":24},"end":{"line":163,"column":null}},"61":{"start":{"line":164,"column":29},"end":{"line":164,"column":null}},"62":{"start":{"line":165,"column":29},"end":{"line":165,"column":null}},"63":{"start":{"line":166,"column":25},"end":{"line":166,"column":null}},"64":{"start":{"line":167,"column":25},"end":{"line":167,"column":null}},"65":{"start":{"line":168,"column":27},"end":{"line":168,"column":null}},"66":{"start":{"line":169,"column":27},"end":{"line":171,"column":116}},"67":{"start":{"line":173,"column":29},"end":{"line":178,"column":null}},"68":{"start":{"line":181,"column":6},"end":{"line":183,"column":null}},"69":{"start":{"line":182,"column":8},"end":{"line":182,"column":null}},"70":{"start":{"line":184,"column":6},"end":{"line":186,"column":null}},"71":{"start":{"line":185,"column":8},"end":{"line":185,"column":null}},"72":{"start":{"line":187,"column":6},"end":{"line":191,"column":null}},"73":{"start":{"line":189,"column":33},"end":{"line":189,"column":null}},"74":{"start":{"line":190,"column":8},"end":{"line":190,"column":null}},"75":{"start":{"line":193,"column":6},"end":{"line":193,"column":null}},"76":{"start":{"line":195,"column":6},"end":{"line":195,"column":null}},"77":{"start":{"line":198,"column":23},"end":{"line":199,"column":null}},"78":{"start":{"line":203,"column":4},"end":{"line":203,"column":null}},"79":{"start":{"line":205,"column":4},"end":{"line":214,"column":null}},"80":{"start":{"line":206,"column":6},"end":{"line":210,"column":null}},"81":{"start":{"line":207,"column":8},"end":{"line":207,"column":null}},"82":{"start":{"line":209,"column":8},"end":{"line":209,"column":null}},"83":{"start":{"line":213,"column":6},"end":{"line":213,"column
[...]
,"/Users/benoitlahoz/Documents/Development/assemblerjs/packages/assemblerjs/src/shared/decorators/parameters/helpers.ts": {"path":"/Users/benoitlahoz/Documents/Development/assemblerjs/packages/assemblerjs/src/shared/decorators/parameters/helpers.ts","statementMap":{"0":{"start":{"line":10,"column":32},"end":{"line":12,"column":2}},"1":{"start":{"line":11,"column":2},"end":{"line":11,"column":null}},"2":{"start":{"line":18,"column":32},"end":{"line":20,"column":2}},"3":{"start":{"line":19,"column":2},"end":{"line":19,"column":null}},"4":{"start":{"line":28,"column":35},"end":{"line":33,"column":2}},"5":{"start":{"line":32,"column":2},"end":{"line":32,"column":null}},"6":{"start":{"line":41,"column":34},"end":{"line":46,"column":2}},"7":{"start":{"line":45,"column":2},"end":{"line":45,"column":null}},"8":{"start":{"line":54,"column":45},"end":{"line":65,"column":2}},"9":{"start":{"line":57,"column":31},"end":{"line":57,"column":null}},"10":{"start":{"line":58,"column":46},"end":{"line":58,"column":null}},"11":{"start":{"line":60,"column":2},"end":{"line":62,"column":null}},"12":{"start":{"line":61,"column":4},"end":{"line":61,"column":null}},"13":{"start":{"line":64,"column":2},"end":{"line":64,"column":null}}},"fnMap":{"0":{"name":"(anonymous_0)","decl":{"start":{"line":10,"column":32},"end":{"line":10,"column":33}},"loc":{"start":{"line":10,"column":33},"end":{"line":12,"column":2}}},"1":{"name":"(anonymous_1)","decl":{"start":{"line":18,"column":32},"end":{"line":18,"column":33}},"loc":{"start":{"line":18,"column":33},"end":{"line":20,"column":2}}},"2":{"name":"(anonymous_2)","decl":{"start":{"line":28,"column":35},"end":{"line":28,"column":null}},"loc":{"start":{"line":30,"column":2},"end":{"line":33,"column":2}}},"3":{"name":"(anonymous_3)","decl":{"start":{"line":41,"column":34},"end":{"line":41,"column":null}},"loc":{"start":{"line":43,"column":2},"end":{"line":46,"column":2}}},"4":{"name":"(anonymous_4)","decl":{"start":{"line":54,"column":45},"end":{"line":54,"column":null}},"loc":{"start":{"line":55,"column":2},"end":{"line":65,"column":2}}}},"branchMap":{"0":{"loc":{"start":{"line":32,"column":9},"end":{"line":32,"column":78}},"type":"binary-expr","locations":[{"start":{"line":32,"column":9},"end":{"line":32,"column":76}},{"start":{"line":32,"column":76},"end":{"line":32,"column":78}}]}},"s":{"0":33,"1":4085,"2":33,"3":93,"4":33,"5":4067,"6":33,"7":0,"8":33,"9":581,"10":581,"11":581,"12":4067,"13":581},"f":{"0":4085,"1":93,"2":4067,"3":0,"4":581},"b":{"0":[4067,3790]}}
,"/Users/benoitlahoz/Documents/Development/assemblerjs/packages/assemblerjs/src/shared/decorators/parameters/index-factory.ts": {"path":"/Users/benoitlahoz/Documents/Development/assemblerjs/packages/assemblerjs/src/shared/decorators/parameters/index-factory.ts","statementMap":{"0":{"start":{"line":7,"column":35},"end":{"line":16,"column":null}},"1":{"start":{"line":7,"column":52},"end":{"line":16,"column":null}},"2":{"start":{"line":8,"column":2},"end":{"line":15,"column":null}},"3":{"start":{"line":9,"column":35},"end":{"line":9,"column":74}},"4":{"start":{"line":10,"column":4},"end":{"line":10,"column":null}},"5":{"start":{"line":14,"column":4},"end":{"line":14,"column":null}},"6":{"start":{"line":22,"column":41},"end":{"line":22,"column":68}}},"fnMap":{"0":{"name":"(anonymous_0)","decl":{"start":{"line":7,"column":35},"end":{"line":7,"column":36}},"loc":{"start":{"line":7,"column":52},"end":{"line":16,"column":null}}},"1":{"name":"(anonymous_1)","decl":{"start":{"line":7,"column":52},"end":{"line":7,"column":null}},"loc":{"start":{"line":7,"column":52},"end":{"line":16,"column":null}}},"2":{"name":"(anonymous_2)","decl":{"start":{"line":8,"column":9},"end":{"line":8,"column":10}},"loc":{"start":{"line":8,"column":55},"end":{"line":15,"column":null}}}},"branchMap":{"0":{"loc":{"start":{"line":9,"column":35},"end":{"line":9,"column":74}},"type":"binary-expr","locations":[{"start":{"line":9,"column":35},"end":{"line":9,"column":72}},{"start":{"line":9,"column":72},"end":{"line":9,"column":74}}]}},"s":{"0":34,"1":3,"2":5,"3":5,"4":5,"5":5,"6":34},"f":{"0":3,"1":5,"2":5},"b":{"0":[5,3]}}
,"/Users/benoitlahoz/Documents/Development/assemblerjs/packages/assemblerjs/src/shared/decorators/parameters/optional.ts": {"path":"/Users/benoitlahoz/Documents/Development/assemblerjs/packages/assemblerjs/src/shared/decorators/parameters/optional.ts","statementMap":{"0":{"start":{"line":14,"column":0},"end":{"line":34,"column":null}},"1":{"start":{"line":20,"column":4},"end":{"line":32,"column":null}},"2":{"start":{"line":21,"column":25},"end":{"line":21,"column":null}},"3":{"start":{"line":22,"column":25},"end":{"line":22,"column":42}},"4":{"start":{"line":25,"column":6},"end":{"line":25,"column":null}},"5":{"start":{"line":28,"column":28},"end":{"line":28,"column":null}},"6":{"start":{"line":31,"column":6},"end":{"line":31,"column":null}},"7":{"start":{"line":61,"column":24},"end":{"line":70,"column":5}},"8":{"start":{"line":63,"column":2},"end":{"line":63,"column":null}},"9":{"start":{"line":65,"column":2},"end":{"line":69,"column":null}}},"fnMap":{"0":{"name":"(anonymous_0)","decl":{"start":{"line":15,"column":2},"end":{"line":15,"column":null}},"loc":{"start":{"line":19,"column":9},"end":{"line":33,"column":null}}},"1":{"name":"(anonymous_1)","decl":{"start":{"line":61,"column":25},"end":{"line":61,"column":null}},"loc":{"start":{"line":61,"column":25},"end":{"line":70,"column":5}}}},"branchMap":{},"s":{"0":33,"1":51,"2":51,"3":51,"4":51,"5":48,"6":48,"7":33,"8":33,"9":33},"f":{"0":51,"1":33},"b":{}}
,"/Users/benoitlahoz/Documents/Development/assemblerjs/packages/assemblerjs/src/shared/decorators/parameters/parameter-decorator-factory.ts": {"path":"/Users/benoitlahoz/Documents/Development/assemblerjs/packages/assemblerjs/src/shared/decorators/parameters/parameter-decorator-factory.ts","statementMap":{"0":{"start":{"line":51,"column":52},"end":{"line":51,"column":null}},"1":{"start":{"line":54,"column":4},"end":{"line":56,"column":null}},"2":{"start":{"line":55,"column":6},"end":{"line":55,"column":null}},"3":{"start":{"line":59,"column":24},"end":{"line":59,"column":70}},"4":{"start":{"line":60,"column":24},"end":{"line":60,"column":70}},"5":{"start":{"line":63,"column":22},"end":{"line":63,"column":null}},"6":{"start":{"line":66,"column":4},"end":{"line":66,"column":null}},"7":{"start":{"line":68,"column":4},"end":{"line":68,"column":null}},"8":{"start":{"line":79,"column":4},"end":{"line":83,"column":null}},"9":{"start":{"line":80,"column":6},"end":{"line":82,"column":null}},"10":{"start":{"line":81,"column":8},"end":{"line":81,"column":null}},"11":{"start":{"line":95,"column":4},"end":{"line":110,"column":null}},"12":{"start":{"line":96,"column":33},"end":{"line":96,"column":88}},"13":{"start":{"line":99,"column":6},"end":{"line":101,"column":null}},"14":{"start":{"line":100,"column":8},"end":{"line":100,"column":null}},"15":{"start":{"line":103,"column":30},"end":{"line":103,"column":84}},"16":{"start":{"line":104,"column":6},"end":{"line":109,"column":null}},"17":{"start":{"line":105,"column":8},"end":{"line":107,"column":null}},"18":{"start":{"line":125,"column":4},"end":{"line":125,"column":null}},"19":{"start":{"line":128,"column":20},"end":{"line":128,"column":66}},"20":{"start":{"line":129,"column":4},"end":{"line":129,"column":null}},"21":{"start":{"line":130,"column":4},"end":{"line":130,"column":null}},"22":{"start":{"line":133,"column":4},"end":{"line":150,"column":null}},"23":{"start":{"line":135,"column":8},"end":{"line":135,"column":null}},"24":{"start":{"line":136,"column":8},"end":{"line":136,"column":null}},"25":{"start":{"line":139,"column":28},"end":{"line":139,"column":74}},"26":{"start":{"line":140,"column":8},"end":{"line":140,"column":null}},"27":{"start":{"line":141,"column":8},"end":{"line":141,"column":null}},"28":{"start":{"line":142,"column":8},"end":{"line":142,"column":null}},"29":{"start":{"line":145,"column":26},"end":{"line":145,"column":null}},"30":{"start":{"line":146,"column":8},"end":{"line":146,"column":null}},"31":{"start":{"line":147,"column":8},"end":{"line":147,"column":null}},"32":{"start":{"line":148,"column":8},"end":{"line":148,"column":null}},"33":{"start":{"line":159,"column":4},"end":{"line":161,"column":null}},"34":{"start":{"line":160,"column":6},"end":{"line":160,"column":null}},"35":{"start":{"line":173,"column":4},"end":{"line":175,"column":null}},"36":{"start":{"line":174,"column":6},"end":{"line":174,"column":null}},"37":{"start":{"line":183,"column":4},"end":{"line":183,"column":null}},"38":{"start":{"line":192,"column":4},"end":{"line":192,"column":null}},"39":{"start":{"line":201,"column":4},"end":{"line":201,"column":null}},"40":{"start":{"line":210,"column":4},"end":{"line":210,"column":null}},"41":{"start":{"line":41,"column":13},"end":{"line":42,"column":null}}},"fnMap":{"0":{"name":"(anonymous_0)","decl":{"start":{"line":50,"column":2},"end":{"line":50,"column":16}},"loc":{"start":{"line":50,"column":60},"end":{"line":69,"column":null}}},"1":{"name":"(anonymous_1)","decl":{"start":{"line":74,"column":2},"end":{"line":74,"column":17}},"loc":{"start":{"line":78,"column":4},"end":{"line":84,"column":null}}},"2":{"name":"(anonymous_2)","decl":{"start":{"line":79,"column":11},"end":{"line":79,"column":12}},"loc":{"start":{"line":79,"column":12},"end":{"line":83,"column":null}}},"3":{"name":"(anonymous_3)","decl":{"start":{"line":80,"column":13},"end":{"line":80,"column":14}},"loc":{"start":{"line":80,"column":59},"end":{"line":82,"column":null}}},"4":{"name":"(anonymous_4)","decl":{"start":{"line":93,"column":2},"end":{"line":93,"column":17}},"loc":{"start":{"line":93,"column":108},"end":{"line":111,"column":null}}},"5":{"name":"(anonymous_5)","decl":{"start":{"line":116,"column":2},"end":{"line":116,"column":17}},"loc":{"start":{"line":123,"column":4},"end":{"line":151,"column":null}}},"6":{"name":"(anonymous_6)","decl":{"start":{"line":158,"column":2},"end":{"line":158,"column":16}},"loc":{"start":{"line":158,"column":66},"end":{"line":162,"column":null}}},"7":{"name":"(anonymous_7)","decl":{"start":{"line":159,"column":11},"end":{"line":159,"column":15}},"loc":{"start":{"line":159,"column":15},"end":{"line":161,"column":null}}},"8":{"name":"(anonymous_8)","decl":{"start":{"line":170,"column":2},"end":{"line":170,"column":16}},"loc":{"start":{"line":170,"column":106},"end":{"line":176,"column":null}}},"9":{"name":"(anonymous_9)","decl":{"start":{"line":173,"column":11},"end":{"line":173,"column":15}},"loc":{"start":{"line":173,"column":15},"end":{"line":175,"column":null}}},"10":{"name":"(anonymous_10)","decl":{"start":{"line":182,"column":2},"end":{"line":182,"column":16}},"loc":{"start":{"line":182,"column":52},"end":{"line":184,"column":null}}},"11":{"name":"(anonymous_11)","decl":{"start":{"line":191,"column":2},"end":{"line":191,"column":16}},"loc":{"start":{"line":191,"column":52},"end":{"line":193,"column":null}}},"12":{"name":"(anonymous_12)","decl":{"start":{"line":200,"column":2},"end":{"line":200,"column":16}},"loc":{"start":{"line":200,"column":82},"end":{"line":202,"column":null}}},"13":{"name":"(anonymous_13)","decl":{"start":{"line":209,"column":2},"end":{"line":209,"column":16}},"loc":{"start":{"line":209,"column":80},"end":{"line":211,"column":null}}}},"branchMap":{"0":{"loc":{"start":{"line":51,"column":18},"end":{"line":51,"column":38}},"type":"default-arg","locations":[{"start":{"line":51,"column":30},"end":{"line":51,"column":38}}]},"1":{"loc":{"start":{"line":54,"column":4},"end":{"line":56,"column":null}},"type":"if","locations":[{"start":{"line":54,"column":4},"end":{"line":56,"column":null}},{"start":{},"end":{}}]},"2":{"loc":{"start":{"line":99,"column":6},"end":{"line":101,"column":null}},"type":"if","locations":[{"start":{"line":99,"column":6},"end":{"line":101,"column":null}},{"start":{},"end":{}}]},"3":{"loc":{"start":{"line":103,"column":30},"end":{"line":103,"column":84}},"type":"binary-expr","locations":[{"start":{"line":103,"column":30},"end":{"line":103,"column":82}},{"start":{"line":103,"column":82},"end":{"line":103,"column":84}}]},"4":{"loc":{"start":{"line":104,"column":6},"end":{"line":109,"column":null}},"type":"if","locations":[{"start":{"line":104,"column":6},"end":{"line":109,"column":null}},{"start":{},"end":{}}]},"5":{"loc":{"start":{"line":128,"column":20},"end":{"line":128,"column":66}},"type":"binary-expr","locations":[{"start":{"line":128,"column":20},"end":{"line":128,"column":64}},{"start":{"line":128,"column":64},"end":{"line":128,"column":66}}]},"6":{"loc":{"start":{"line":133,"column":4},"end":{"line":150,"column":null}},"type":"switch","locations":[{"start":{"line":134,"column":6},"end":{"line":137,"column":null}},{"start":{"line":138,"column":6},"end":{"line":143,"column":null}},{"start":{"line":144,"column":6},"end":{"line":149,"column":null}}]},"7":{"loc":{"start":{"line":139,"column":28},"end":{"line":139,"column":74}},"type":"binary-expr","locations":[{"start":{"line":139,"column":28},"end":{"line":139,"column":72}},{"start":{"line":139,"column":72},"end":{"line":139,"column":74}}]},"8":{"loc":{"start":{"line":145,"column":26},"end":{"line":145,"column":null}},"type":"binary-expr","locations":[{"start":{"line":145,"column":26},"end":{"line":145,"column":70}},{"start":{"line":145,"column":70},"end":{"line":145,"column":null}}]},"9":{"loc":{"start":{"line":160,"column":13},"end":{"line":160,"column":64}},"type":"binary-expr","locations":[{"start":{"line":160,"column":13},"end":{"line":160,"column":62}},{"start":{"line":160,"column":62},"end":{"line":160,"column":64}}]}},"s":{"0":257,"1":257,"2":1,"3":256,"4":256,"5":256,"6":256,"7":256,"8":256,"9":193,"10":193,"11":193,"12":1460,"13":1460,"14":192,"15":1268,"16":1268,"17":2,"18":193,"19":191,"20":191,"21":191,"22":191,"23":18,"24":18,"25":76,"26":76,"27":76,"28":76,"29":97,"30":97,"31":97,"32":97,"33":2,"34":2,"35":6,"36":6,"37":589,"38":2,"39":2,"40":19,"41":34},"f":{"0":257,"1":256,"2":193,"3":193,"4":193,"5":193,"6":2,"7":2,"8":6,"9":6,"10":589,"11":2,"12":2,"13":19},"b":{"0":[19],"1":[1,256],"2":[192,1268],"3":[1268,1212],"4":[2,1266],"5":[191,153],"6":[18,76,97],"7":[76,75],"8":[97,63],"9":[2,1]}}
,"/Users/benoitlahoz/Documents/Development/assemblerjs/packages/assemblerjs/src/shared/decorators/parameters/use.ts": {"path":"/Users/benoitlahoz/Documents/Development/assemblerjs/packages/assemblerjs/src/shared/decorators/parameters/use.ts","statementMap":{"0":{"start":{"line":17,"column":0},"end":{"line":23,"column":null}},"1":{"start":{"line":19,"column":24},"end":{"line":19,"column":null}},"2":{"start":{"line":20,"column":23},"end":{"line":20,"column":41}},"3":{"start":{"line":21,"column":4},"end":{"line":21,"column":null}},"4":{"start":{"line":31,"column":27},"end":{"line":38,"column":2}},"5":{"start":{"line":37,"column":2},"end":{"line":37,"column":null}},"6":{"start":{"line":50,"column":19},"end":{"line":60,"column":5}},"7":{"start":{"line":52,"column":2},"end":{"line":52,"column":null}},"8":{"start":{"line":54,"column":2},"end":{"line":59,"column":null}}},"fnMap":{"0":{"name":"(anonymous_0)","decl":{"start":{"line":18,"column":2},"end":{"line":18,"column":10}},"loc":{"start":{"line":18,"column":92},"end":{"line":22,"column":null}}},"1":{"name":"(anonymous_1)","decl":{"start":{"line":31,"column":27},"end":{"line":31,"column":null}},"loc":{"start":{"line":34,"column":2},"end":{"line":38,"column":2}}},"2":{"name":"(anonymous_2)","decl":{"start":{"line":50,"column":20},"end":{"line":50,"column":null}},"loc":{"start":{"line":50,"column":20},"end":{"line":60,"column":5}}}},"branchMap":{},"s":{"0":33,"1":33,"2":33,"3":33,"4":33,"5":4,"6":33,"7":33,"8":33},"f":{"0":33,"1":4,"2":33},"b":{}}
,"/Users/benoitlahoz/Documents/Development/assemblerjs/packages/assemblerjs/src/shared/decorators/resolvers/parameter-resolver.factory.ts": {"path":"/Users/benoitlahoz/Documents/Development/assemblerjs/packages/assemblerjs/src/shared/decorators/resolvers/parameter-resolver.factory.ts","statementMap":{"0":{"start":{"line":14,"column":4},"end":{"line":14,"column":null}},"1":{"start":{"line":23,"column":4},"end":{"line":23,"column":null}},"2":{"start":{"line":32,"column":4},"end":{"line":32,"column":null}}},"fnMap":{"0":{"name":"(anonymous_0)","decl":{"start":{"line":13,"column":2},"end":{"line":13,"column":9}},"loc":{"start":{"line":13,"column":35},"end":{"line":15,"column":null}}},"1":{"name":"(anonymous_1)","decl":{"start":{"line":22,"column":2},"end":{"line":22,"column":9}},"loc":{"start":{"line":22,"column":76},"end":{"line":24,"column":null}}},"2":{"name":"(anonymous_2)","decl":{"start":{"line":31,"column":2},"end":{"line":31,"column":9}},"loc":{"start":{"line":31,"column":44},"end":{"line":33,"column":null}}}},"branchMap":{},"s":{"0":173,"1":4,"2":4},"f":{"0":173,"1":4,"2":4},"b":{}}
,"/Users/benoitlahoz/Documents/Development/assemblerjs/packages/assemblerjs/src/shared/decorators/resolvers/resolver-store.ts": {"path":"/Users/benoitlahoz/Documents/Development/assemblerjs/packages/assemblerjs/src/shared/decorators/resolvers/resolver-store.ts","statementMap":{"0":{"start":{"line":16,"column":4},"end":{"line":16,"column":null}},"1":{"start":{"line":26,"column":26},"end":{"line":26,"column":null}},"2":{"start":{"line":27,"column":4},"end":{"line":29,"column":null}},"3":{"start":{"line":28,"column":6},"end":{"line":28,"column":null}},"4":{"start":{"line":30,"column":4},"end":{"line":30,"column":null}},"5":{"start":{"line":39,"column":4},"end":{"line":39,"column":null}},"6":{"start":{"line":47,"column":4},"end":{"line":47,"column":null}},"7":{"start":{"line":55,"column":4},"end":{"line":55,"column":null}},"8":{"start":{"line":7,"column":13},"end":{"line":8,"column":null}}},"fnMap":{"0":{"name":"(anonymous_0)","decl":{"start":{"line":15,"column":2},"end":{"line":15,"column":9}},"loc":{"start":{"line":15,"column":82},"end":{"line":17,"column":null}}},"1":{"name":"(anonymous_1)","decl":{"start":{"line":25,"column":2},"end":{"line":25,"column":9}},"loc":{"start":{"line":25,"column":54},"end":{"line":31,"column":null}}},"2":{"name":"(anonymous_2)","decl":{"start":{"line":38,"column":2},"end":{"line":38,"column":9}},"loc":{"start":{"line":38,"column":44},"end":{"line":40,"column":null}}},"3":{"name":"(anonymous_3)","decl":{"start":{"line":46,"column":2},"end":{"line":46,"column":9}},"loc":{"start":{"line":46,"column":40},"end":{"line":48,"column":null}}},"4":{"name":"(anonymous_4)","decl":{"start":{"line":54,"column":2},"end":{"line":54,"column":9}},"loc":{"start":{"line":54,"column":23},"end":{"line":56,"column":null}}}},"branchMap":{"0":{"loc":{"start":{"line":27,"column":4},"end":{"line":29,"column":null}},"type":"if","locations":[{"start":{"line":27,"column":4},"end":{"line":29,"column":null}},{"start":{},"end":{}}]}},"s":{"0":247,"1":177,"2":177,"3":2,"4":175,"5":12,"6":4,"7":17,"8":35},"f":{"0":247,"1":177,"2":12,"3":4,"4":17},"b":{"0":[2,175]}}
}
