{"/Users/benoitlahoz/Documents/Development/assemblerjs/packages/vite-plugin/src/plugin.ts": {"path":"/Users/benoitlahoz/Documents/Development/assemblerjs/packages/vite-plugin/src/plugin.ts","statementMap":{"0":{"start":{"line":5,"column":28},"end":{"line":5,"column":null}},"1":{"start":{"line":6,"column":29},"end":{"line":6,"column":null}},"2":{"start":{"line":12,"column":17},"end":{"line":12,"column":null}},"3":{"start":{"line":13,"column":2},"end":{"line":19,"column":null}},"4":{"start":{"line":14,"column":4},"end":{"line":18,"column":null}},"5":{"start":{"line":15,"column":6},"end":{"line":15,"column":null}},"6":{"start":{"line":17,"column":6},"end":{"line":17,"column":null}},"7":{"start":{"line":20,"column":2},"end":{"line":20,"column":null}},"8":{"start":{"line":26,"column":59},"end":{"line":36,"column":null}},"9":{"start":{"line":42,"column":2},"end":{"line":51,"column":null}},"10":{"start":{"line":59,"column":27},"end":{"line":79,"column":null}},"11":{"start":{"line":82,"column":21},"end":{"line":82,"column":null}},"12":{"start":{"line":84,"column":2},"end":{"line":84,"column":null}},"13":{"start":{"line":109,"column":18},"end":{"line":109,"column":null}},"14":{"start":{"line":110,"column":32},"end":{"line":110,"column":34}},"15":{"start":{"line":113,"column":2},"end":{"line":115,"column":null}},"16":{"start":{"line":114,"column":4},"end":{"line":114,"column":null}},"17":{"start":{"line":118,"column":2},"end":{"line":173,"column":null}},"18":{"start":{"line":119,"column":4},"end":{"line":172,"column":null}},"19":{"start":{"line":125,"column":8},"end":{"line":127,"column":null}},"20":{"start":{"line":126,"column":10},"end":{"line":126,"column":null}},"21":{"start":{"line":128,"column":8},"end":{"line":128,"column":null}},"22":{"start":{"line":133,"column":8},"end":{"line":139,"column":null}},"23":{"start":{"line":134,"column":10},"end":{"line":137,"column":null}},"24":{"start":{"line":136,"column":12},"end":{"line":136,"column":null}},"25":{"start":{"line":138,"column":10},"end":{"line":138,"column":null}},"26":{"start":{"line":140,"column":8},"end":{"line":140,"column":null}},"27":{"start":{"line":146,"column":8},"end":{"line":160,"column":null}},"28":{"start":{"line":147,"column":32},"end":{"line":150,"column":null}},"29":{"start":{"line":152,"column":26},"end":{"line":152,"column":null}},"30":{"start":{"line":152,"column":56},"end":{"line":152,"column":null}},"31":{"start":{"line":154,"column":10},"end":{"line":159,"column":null}},"32":{"start":{"line":155,"column":12},"end":{"line":158,"column":null}},"33":{"start":{"line":161,"column":8},"end":{"line":161,"column":null}},"34":{"start":{"line":166,"column":8},"end":{"line":170,"column":null}},"35":{"start":{"line":175,"column":2},"end":{"line":175,"column":null}}},"fnMap":{"0":{"name":"a","decl":{"start":{"line":11,"column":9},"end":{"line":11,"column":19}},"loc":{"start":{"line":11,"column":43},"end":{"line":21,"column":null}}},"1":{"name":"s","decl":{"start":{"line":41,"column":9},"end":{"line":41,"column":22}},"loc":{"start":{"line":41,"column":64},"end":{"line":52,"column":null}}},"2":{"name":"c","decl":{"start":{"line":57,"column":9},"end":{"line":57,"column":25}},"loc":{"start":{"line":57,"column":68},"end":{"line":85,"column":null}}},"3":{"name":"o","decl":{"start":{"line":108,"column":24},"end":{"line":108,"column":42}},"loc":{"start":{"line":108,"column":84},"end":{"line":176,"column":null}}},"4":{"name":"(anonymous_4)","decl":{"start":{"line":124,"column":6},"end":{"line":124,"column":16}},"loc":{"start":{"line":124,"column":26},"end":{"line":129,"column":null}}},"5":{"name":"(anonymous_5)","decl":{"start":{"line":132,"column":6},"end":{"line":132,"column":11}},"loc":{"start":{"line":132,"column":21},"end":{"line":141,"column":null}}},"6":{"name":"(anonymous_6)","decl":{"start":{"line":144,"column":6},"end":{"line":144,"column":16}},"loc":{"start":{"line":144,"column":40},"end":{"line":162,"column":null}}},"7":{"name":"(anonymous_7)","decl":{"start":{"line":152,"column":45},"end":{"line":152,"column":56}},"loc":{"start":{"line":152,"column":56},"end":{"line":152,"column":null}}},"8":{"name":"(anonymous_8)","decl":{"start":{"line":165,"column":6},"end":{"line":165,"column":null}},"loc":{"start":{"line":165,"column":6},"end":{"line":171,"column":null}}}},"branchMap":{"0":{"loc":{"start":{"line":14,"column":4},"end":{"line":18,"column":null}},"type":"if","locations":[{"start":{"line":14,"column":4},"end":{"line":18,"column":null}},{"start":{"line":16,"column":11},"end":{"line":18,"column":null}}]},"1":{"loc":{"start":{"line":14,"column":8},"end":{"line":14,"column":87}},"type":"binary-expr","locations":[{"start":{"line":14,"column":8},"end":{"line":14,"column":19}},{"start":{"line":14,"column":23},"end":{"line":14,"column":58}},{"start":{"line":14,"column":58},"end":{"line":14,"column":87}}]},"2":{"loc":{"start":{"line":15,"column":30},"end":{"line":15,"column":49}},"type":"binary-expr","locations":[{"start":{"line":15,"column":30},"end":{"line":15,"column":41}},{"start":{"line":15,"column":45},"end":{"line":15,"column":49}}]},"3":{"loc":{"start":{"line":41,"column":22},"end":{"line":41,"column":64}},"type":"default-arg","locations":[{"start":{"line":41,"column":62},"end":{"line":41,"column":64}}]},"4":{"loc":{"start":{"line":82,"column":49},"end":{"line":82,"column":null}},"type":"binary-expr","locations":[{"start":{"line":82,"column":49},"end":{"line":82,"column":68}},{"start":{"line":82,"column":72},"end":{"line":82,"column":null}}]},"5":{"loc":{"start":{"line":108,"column":42},"end":{"line":108,"column":84}},"type":"default-arg","locations":[{"start":{"line":108,"column":82},"end":{"line":108,"column":84}}]},"6":{"loc":{"start":{"line":113,"column":2},"end":{"line":115,"column":null}},"type":"if","locations":[{"start":{"line":113,"column":2},"end":{"line":115,"column":null}},{"start":{},"end":{}}]},"7":{"loc":{"start":{"line":118,"column":2},"end":{"line":173,"column":null}},"type":"if","locations":[{"start":{"line":118,"column":2},"end":{"line":173,"column":null}},{"start":{},"end":{}}]},"8":{"loc":{"start":{"line":118,"column":6},"end":{"line":118,"column":93}},"type":"binary-expr","locations":[{"start":{"line":118,"column":6},"end":{"line":118,"column":40}},{"start":{"line":118,"column":44},"end":{"line":118,"column":93}}]},"9":{"loc":{"start":{"line":125,"column":8},"end":{"line":127,"column":null}},"type":"if","locations":[{"start":{"line":125,"column":8},"end":{"line":127,"column":null}},{"start":{},"end":{}}]},"10":{"loc":{"start":{"line":133,"column":8},"end":{"line":139,"column":null}},"type":"if","locations":[{"start":{"line":133,"column":8},"end":{"line":139,"column":null}},{"start":{},"end":{}}]},"11":{"loc":{"start":{"line":134,"column":10},"end":{"line":137,"column":null}},"type":"if","locations":[{"start":{"line":134,"column":10},"end":{"line":137,"column":null}},{"start":{},"end":{}}]},"12":{"loc":{"start":{"line":146,"column":8},"end":{"line":160,"column":null}},"type":"if","locations":[{"start":{"line":146,"column":8},"end":{"line":160,"column":null}},{"start":{},"end":{}}]},"13":{"loc":{"start":{"line":154,"column":10},"end":{"line":159,"column":null}},"type":"if","locations":[{"start":{"line":154,"column":10},"end":{"line":159,"column":null}},{"start":{},"end":{}}]},"14":{"loc":{"start":{"line":154,"column":14},"end":{"line":154,"column":100}},"type":"binary-expr","locations":[{"start":{"line":154,"column":14},"end":{"line":154,"column":25}},{"start":{"line":154,"column":25},"end":{"line":154,"column":63}},{"start":{"line":154,"column":63},"end":{"line":154,"column":100}}]}},"s":{"0":2,"1":2,"2":23,"3":23,"4":3,"5":2,"6":1,"7":23,"8":2,"9":22,"10":21,"11":21,"12":21,"13":22,"14":22,"15":22,"16":21,"17":22,"18":20,"19":1,"20":1,"21":0,"22":1,"23":1,"24":0,"25":1,"26":0,"27":3,"28":3,"29":3,"30":4,"31":3,"32":1,"33":2,"34":1,"35":22},"f":{"0":23,"1":22,"2":21,"3":22,"4":1,"5":1,"6":3,"7":4,"8":1},"b":{"0":[2,1],"1":[3,3,3],"2":[2,2],"3":[0],"4":[21,20],"5":[11],"6":[21,1],"7":[20,2],"8":[22,21],"9":[1,0],"10":[1,0],"11":[0,1],"12":[3,0],"13":[1,2],"14":[3,2,1]}}
}
