{"/Users/benoitlahoz/Documents/Development/assemblerjs/packages/vite-plugin/src/plugin.ts": {"path":"/Users/benoitlahoz/Documents/Development/assemblerjs/packages/vite-plugin/src/plugin.ts","statementMap":{"0":{"start":{"line":6,"column":28},"end":{"line":6,"column":null}},"1":{"start":{"line":7,"column":29},"end":{"line":7,"column":null}},"2":{"start":{"line":13,"column":17},"end":{"line":13,"column":null}},"3":{"start":{"line":14,"column":2},"end":{"line":20,"column":null}},"4":{"start":{"line":15,"column":4},"end":{"line":19,"column":null}},"5":{"start":{"line":16,"column":6},"end":{"line":16,"column":null}},"6":{"start":{"line":18,"column":6},"end":{"line":18,"column":null}},"7":{"start":{"line":21,"column":2},"end":{"line":21,"column":null}},"8":{"start":{"line":27,"column":59},"end":{"line":44,"column":null}},"9":{"start":{"line":50,"column":2},"end":{"line":50,"column":null}},"10":{"start":{"line":57,"column":2},"end":{"line":110,"column":null}},"11":{"start":{"line":63,"column":6},"end":{"line":65,"column":null}},"12":{"start":{"line":64,"column":8},"end":{"line":64,"column":null}},"13":{"start":{"line":66,"column":6},"end":{"line":66,"column":null}},"14":{"start":{"line":71,"column":6},"end":{"line":77,"column":null}},"15":{"start":{"line":72,"column":8},"end":{"line":75,"column":null}},"16":{"start":{"line":74,"column":10},"end":{"line":74,"column":null}},"17":{"start":{"line":76,"column":8},"end":{"line":76,"column":null}},"18":{"start":{"line":78,"column":6},"end":{"line":78,"column":null}},"19":{"start":{"line":84,"column":6},"end":{"line":98,"column":null}},"20":{"start":{"line":85,"column":30},"end":{"line":88,"column":null}},"21":{"start":{"line":90,"column":24},"end":{"line":90,"column":null}},"22":{"start":{"line":90,"column":54},"end":{"line":90,"column":null}},"23":{"start":{"line":92,"column":8},"end":{"line":97,"column":null}},"24":{"start":{"line":93,"column":10},"end":{"line":96,"column":null}},"25":{"start":{"line":99,"column":6},"end":{"line":99,"column":null}},"26":{"start":{"line":104,"column":6},"end":{"line":108,"column":null}},"27":{"start":{"line":118,"column":27},"end":{"line":138,"column":null}},"28":{"start":{"line":141,"column":21},"end":{"line":141,"column":null}},"29":{"start":{"line":143,"column":2},"end":{"line":143,"column":null}},"30":{"start":{"line":171,"column":18},"end":{"line":171,"column":null}},"31":{"start":{"line":172,"column":32},"end":{"line":172,"column":34}},"32":{"start":{"line":175,"column":2},"end":{"line":177,"column":null}},"33":{"start":{"line":176,"column":4},"end":{"line":176,"column":null}},"34":{"start":{"line":180,"column":2},"end":{"line":182,"column":null}},"35":{"start":{"line":181,"column":4},"end":{"line":181,"column":null}},"36":{"start":{"line":185,"column":2},"end":{"line":187,"column":null}},"37":{"start":{"line":186,"column":4},"end":{"line":186,"column":null}},"38":{"start":{"line":189,"column":2},"end":{"line":189,"column":null}}},"fnMap":{"0":{"name":"n","decl":{"start":{"line":12,"column":9},"end":{"line":12,"column":19}},"loc":{"start":{"line":12,"column":43},"end":{"line":22,"column":null}}},"1":{"name":"c","decl":{"start":{"line":49,"column":9},"end":{"line":49,"column":22}},"loc":{"start":{"line":49,"column":64},"end":{"line":51,"column":null}}},"2":{"name":"o","decl":{"start":{"line":56,"column":9},"end":{"line":56,"column":37}},"loc":{"start":{"line":56,"column":80},"end":{"line":111,"column":null}}},"3":{"name":"(anonymous_3)","decl":{"start":{"line":62,"column":4},"end":{"line":62,"column":14}},"loc":{"start":{"line":62,"column":24},"end":{"line":67,"column":null}}},"4":{"name":"(anonymous_4)","decl":{"start":{"line":70,"column":4},"end":{"line":70,"column":9}},"loc":{"start":{"line":70,"column":19},"end":{"line":79,"column":null}}},"5":{"name":"(anonymous_5)","decl":{"start":{"line":82,"column":4},"end":{"line":82,"column":14}},"loc":{"start":{"line":82,"column":38},"end":{"line":100,"column":null}}},"6":{"name":"(anonymous_6)","decl":{"start":{"line":90,"column":43},"end":{"line":90,"column":54}},"loc":{"start":{"line":90,"column":54},"end":{"line":90,"column":null}}},"7":{"name":"(anonymous_7)","decl":{"start":{"line":103,"column":4},"end":{"line":103,"column":null}},"loc":{"start":{"line":103,"column":4},"end":{"line":109,"column":null}}},"8":{"name":"i","decl":{"start":{"line":116,"column":9},"end":{"line":116,"column":25}},"loc":{"start":{"line":116,"column":68},"end":{"line":144,"column":null}}},"9":{"name":"u","decl":{"start":{"line":170,"column":24},"end":{"line":170,"column":42}},"loc":{"start":{"line":170,"column":84},"end":{"line":190,"column":null}}}},"branchMap":{"0":{"loc":{"start":{"line":15,"column":4},"end":{"line":19,"column":null}},"type":"if","locations":[{"start":{"line":15,"column":4},"end":{"line":19,"column":null}},{"start":{"line":17,"column":11},"end":{"line":19,"column":null}}]},"1":{"loc":{"start":{"line":15,"column":8},"end":{"line":15,"column":87}},"type":"binary-expr","locations":[{"start":{"line":15,"column":8},"end":{"line":15,"column":19}},{"start":{"line":15,"column":23},"end":{"line":15,"column":58}},{"start":{"line":15,"column":58},"end":{"line":15,"column":87}}]},"2":{"loc":{"start":{"line":16,"column":30},"end":{"line":16,"column":49}},"type":"binary-expr","locations":[{"start":{"line":16,"column":30},"end":{"line":16,"column":41}},{"start":{"line":16,"column":45},"end":{"line":16,"column":49}}]},"3":{"loc":{"start":{"line":49,"column":22},"end":{"line":49,"column":64}},"type":"default-arg","locations":[{"start":{"line":49,"column":62},"end":{"line":49,"column":64}}]},"4":{"loc":{"start":{"line":63,"column":6},"end":{"line":65,"column":null}},"type":"if","locations":[{"start":{"line":63,"column":6},"end":{"line":65,"column":null}},{"start":{},"end":{}}]},"5":{"loc":{"start":{"line":71,"column":6},"end":{"line":77,"column":null}},"type":"if","locations":[{"start":{"line":71,"column":6},"end":{"line":77,"column":null}},{"start":{},"end":{}}]},"6":{"loc":{"start":{"line":72,"column":8},"end":{"line":75,"column":null}},"type":"if","locations":[{"start":{"line":72,"column":8},"end":{"line":75,"column":null}},{"start":{},"end":{}}]},"7":{"loc":{"start":{"line":84,"column":6},"end":{"line":98,"column":null}},"type":"if","locations":[{"start":{"line":84,"column":6},"end":{"line":98,"column":null}},{"start":{},"end":{}}]},"8":{"loc":{"start":{"line":92,"column":8},"end":{"line":97,"column":null}},"type":"if","locations":[{"start":{"line":92,"column":8},"end":{"line":97,"column":null}},{"start":{},"end":{}}]},"9":{"loc":{"start":{"line":92,"column":12},"end":{"line":92,"column":98}},"type":"binary-expr","locations":[{"start":{"line":92,"column":12},"end":{"line":92,"column":23}},{"start":{"line":92,"column":23},"end":{"line":92,"column":61}},{"start":{"line":92,"column":61},"end":{"line":92,"column":98}}]},"10":{"loc":{"start":{"line":141,"column":49},"end":{"line":141,"column":null}},"type":"binary-expr","locations":[{"start":{"line":141,"column":49},"end":{"line":141,"column":68}},{"start":{"line":141,"column":72},"end":{"line":141,"column":null}}]},"11":{"loc":{"start":{"line":170,"column":42},"end":{"line":170,"column":84}},"type":"default-arg","locations":[{"start":{"line":170,"column":82},"end":{"line":170,"column":84}}]},"12":{"loc":{"start":{"line":175,"column":2},"end":{"line":177,"column":null}},"type":"if","locations":[{"start":{"line":175,"column":2},"end":{"line":177,"column":null}},{"start":{},"end":{}}]},"13":{"loc":{"start":{"line":180,"column":2},"end":{"line":182,"column":null}},"type":"if","locations":[{"start":{"line":180,"column":2},"end":{"line":182,"column":null}},{"start":{},"end":{}}]},"14":{"loc":{"start":{"line":180,"column":6},"end":{"line":180,"column":93}},"type":"binary-expr","locations":[{"start":{"line":180,"column":6},"end":{"line":180,"column":40}},{"start":{"line":180,"column":44},"end":{"line":180,"column":93}}]},"15":{"loc":{"start":{"line":185,"column":2},"end":{"line":187,"column":null}},"type":"if","locations":[{"start":{"line":185,"column":2},"end":{"line":187,"column":null}},{"start":{},"end":{}}]}},"s":{"0":2,"1":2,"2":80,"3":80,"4":47,"5":23,"6":24,"7":80,"8":2,"9":29,"10":27,"11":1,"12":1,"13":0,"14":1,"15":1,"16":0,"17":1,"18":0,"19":3,"20":3,"21":3,"22":4,"23":3,"24":1,"25":2,"26":1,"27":28,"28":28,"29":28,"30":29,"31":29,"32":29,"33":28,"34":29,"35":27,"36":29,"37":27,"38":29},"f":{"0":80,"1":29,"2":27,"3":1,"4":1,"5":3,"6":4,"7":1,"8":28,"9":29},"b":{"0":[23,24],"1":[47,42,25],"2":[23,5],"3":[0],"4":[1,0],"5":[1,0],"6":[0,1],"7":[3,0],"8":[1,2],"9":[3,2,1],"10":[28,27],"11":[10],"12":[28,1],"13":[27,2],"14":[29,28],"15":[27,2]}}
,"/Users/benoitlahoz/Documents/Development/assemblerjs/packages/vite-plugin/src/validation.ts": {"path":"/Users/benoitlahoz/Documents/Development/assemblerjs/packages/vite-plugin/src/validation.ts","statementMap":{"0":{"start":{"line":8,"column":2},"end":{"line":10,"column":null}},"1":{"start":{"line":9,"column":4},"end":{"line":9,"column":null}},"2":{"start":{"line":12,"column":22},"end":{"line":12,"column":null}},"3":{"start":{"line":13,"column":29},"end":{"line":13,"column":31}},"4":{"start":{"line":14,"column":27},"end":{"line":14,"column":29}},"5":{"start":{"line":16,"column":2},"end":{"line":55,"column":null}},"6":{"start":{"line":20,"column":6},"end":{"line":20,"column":null}},"7":{"start":{"line":21,"column":6},"end":{"line":21,"column":null}},"8":{"start":{"line":22,"column":6},"end":{"line":22,"column":null}},"9":{"start":{"line":23,"column":6},"end":{"line":23,"column":null}},"10":{"start":{"line":27,"column":6},"end":{"line":27,"column":null}},"11":{"start":{"line":27,"column":32},"end":{"line":27,"column":null}},"12":{"start":{"line":30,"column":6},"end":{"line":30,"column":null}},"13":{"start":{"line":35,"column":6},"end":{"line":35,"column":null}},"14":{"start":{"line":36,"column":6},"end":{"line":36,"column":null}},"15":{"start":{"line":37,"column":6},"end":{"line":37,"column":null}},"16":{"start":{"line":40,"column":6},"end":{"line":44,"column":null}},"17":{"start":{"line":41,"column":8},"end":{"line":41,"column":null}},"18":{"start":{"line":42,"column":8},"end":{"line":42,"column":null}},"19":{"start":{"line":42,"column":32},"end":{"line":42,"column":null}},"20":{"start":{"line":43,"column":8},"end":{"line":43,"column":null}},"21":{"start":{"line":46,"column":6},"end":{"line":49,"column":null}},"22":{"start":{"line":47,"column":8},"end":{"line":47,"column":null}},"23":{"start":{"line":48,"column":8},"end":{"line":48,"column":null}},"24":{"start":{"line":48,"column":36},"end":{"line":48,"column":null}},"25":{"start":{"line":51,"column":6},"end":{"line":53,"column":null}},"26":{"start":{"line":52,"column":8},"end":{"line":52,"column":null}},"27":{"start":{"line":62,"column":2},"end":{"line":71,"column":null}},"28":{"start":{"line":85,"column":16},"end":{"line":85,"column":null}},"29":{"start":{"line":87,"column":2},"end":{"line":169,"column":null}},"30":{"start":{"line":87,"column":15},"end":{"line":87,"column":18}},"31":{"start":{"line":88,"column":17},"end":{"line":88,"column":null}},"32":{"start":{"line":91,"column":4},"end":{"line":143,"column":null}},"33":{"start":{"line":92,"column":25},"end":{"line":92,"column":null}},"34":{"start":{"line":93,"column":6},"end":{"line":142,"column":null}},"35":{"start":{"line":94,"column":26},"end":{"line":94,"column":46}},"36":{"start":{"line":95,"column":31},"end":{"line":99,"column":null}},"37":{"start":{"line":102,"column":28},"end":{"line":102,"column":null}},"38":{"start":{"line":103,"column":8},"end":{"line":139,"column":null}},"39":{"start":{"line":105,"column":32},"end":{"line":105,"column":null}},"40":{"start":{"line":106,"column":10},"end":{"line":122,"column":null}},"41":{"start":{"line":107,"column":34},"end":{"line":107,"column":50}},"42":{"start":{"line":109,"column":30},"end":{"line":109,"column":null}},"43":{"start":{"line":110,"column":12},"end":{"line":121,"column":null}},"44":{"start":{"line":111,"column":14},"end":{"line":120,"column":null}},"45":{"start":{"line":113,"column":35},"end":{"line":113,"column":null}},"46":{"start":{"line":114,"column":16},"end":{"line":119,"column":null}},"47":{"start":{"line":117,"column":41},"end":{"line":117,"column":54}},"48":{"start":{"line":118,"column":18},"end":{"line":118,"column":null}},"49":{"start":{"line":125,"column":30},"end":{"line":125,"column":null}},"50":{"start":{"line":126,"column":10},"end":{"line":132,"column":null}},"51":{"start":{"line":127,"column":32},"end":{"line":127,"column":46}},"52":{"start":{"line":128,"column":31},"end":{"line":128,"column":null}},"53":{"start":{"line":129,"column":12},"end":{"line":131,"column":null}},"54":{"start":{"line":130,"column":14},"end":{"line":130,"column":null}},"55":{"start":{"line":130,"column":58},"end":{"line":130,"column":null}},"56":{"start":{"line":135,"column":33},"end":{"line":135,"column":null}},"57":{"start":{"line":136,"column":10},"end":{"line":138,"column":null}},"58":{"start":{"line":137,"column":12},"end":{"line":137,"column":null}},"59":{"start":{"line":141,"column":8},"end":{"line":141,"column":null}},"60":{"start":{"line":146,"column":4},"end":{"line":168,"column":null}},"61":{"start":{"line":147,"column":32},"end":{"line":147,"column":null}},"62":{"start":{"line":147,"column":75},"end":{"line":147,"column":null}},"63":{"start":{"line":148,"column":6},"end":{"line":167,"column":null}},"64":{"start":{"line":150,"column":27},"end":{"line":150,"column":null}},"65":{"start":{"line":151,"column":8},"end":{"line":166,"column":null}},"66":{"start":{"line":152,"column":25},"end":{"line":152,"column":38}},"67":{"start":{"line":154,"column":30},"end":{"line":154,"column":null}},"68":{"start":{"line":155,"column":10},"end":{"line":165,"column":null}},"69":{"start":{"line":156,"column":36},"end":{"line":156,"column":null}},"70":{"start":{"line":156,"column":61},"end":{"line":156,"column":null}},"71":{"start":{"line":158,"column":12},"end":{"line":164,"column":null}},"72":{"start":{"line":159,"column":14},"end":{"line":163,"column":null}},"73":{"start":{"line":160,"column":16},"end":{"line":162,"column":null}},"74":{"start":{"line":161,"column":18},"end":{"line":161,"column":null}},"75":{"start":{"line":161,"column":112},"end":{"line":161,"column":156}},"76":{"start":{"line":176,"column":2},"end":{"line":186,"column":null}},"77":{"start":{"line":176,"column":15},"end":{"line":176,"column":39}},"78":{"start":{"line":177,"column":17},"end":{"line":177,"column":null}},"79":{"start":{"line":178,"column":23},"end":{"line":178,"column":null}},"80":{"start":{"line":179,"column":4},"end":{"line":181,"column":null}},"81":{"start":{"line":180,"column":6},"end":{"line":180,"column":null}},"82":{"start":{"line":183,"column":4},"end":{"line":185,"column":null}},"83":{"start":{"line":184,"column":6},"end":{"line":184,"column":null}},"84":{"start":{"line":187,"column":2},"end":{"line":187,"column":null}},"85":{"start":{"line":194,"column":20},"end":{"line":194,"column":null}},"86":{"start":{"line":195,"column":19},"end":{"line":195,"column":null}},"87":{"start":{"line":196,"column":17},"end":{"line":196,"column":null}},"88":{"start":{"line":198,"column":2},"end":{"line":223,"column":null}},"89":{"start":{"line":198,"column":15},"end":{"line":198,"column":35}},"90":{"start":{"line":199,"column":17},"end":{"line":199,"column":null}},"91":{"start":{"line":201,"column":4},"end":{"line":206,"column":null}},"92":{"start":{"line":202,"column":6},"end":{"line":202,"column":null}},"93":{"start":{"line":203,"column":6},"end":{"line":203,"column":null}},"94":{"start":{"line":204,"column":6},"end":{"line":204,"column":null}},"95":{"start":{"line":205,"column":6},"end":{"line":205,"column":null}},"96":{"start":{"line":208,"column":4},"end":{"line":217,"column":null}},"97":{"start":{"line":209,"column":6},"end":{"line":209,"column":null}},"98":{"start":{"line":210,"column":6},"end":{"line":210,"column":null}},"99":{"start":{"line":212,"column":6},"end":{"line":216,"column":null}},"100":{"start":{"line":214,"column":28},"end":{"line":214,"column":null}},"101":{"start":{"line":215,"column":8},"end":{"line":215,"column":null}},"102":{"start":{"line":220,"column":4},"end":{"line":222,"column":null}},"103":{"start":{"line":221,"column":6},"end":{"line":221,"column":null}},"104":{"start":{"line":225,"column":2},"end":{"line":225,"column":null}},"105":{"start":{"line":237,"column":2},"end":{"line":237,"column":null}},"106":{"start":{"line":237,"column":43},"end":{"line":237,"column":null}},"107":{"start":{"line":239,"column":24},"end":{"line":239,"column":null}},"108":{"start":{"line":241,"column":2},"end":{"line":247,"column":null}},"109":{"start":{"line":242,"column":4},"end":{"line":246,"column":null}},"110":{"start":{"line":243,"column":6},"end":{"line":245,"column":null}},"111":{"start":{"line":244,"column":8},"end":{"line":244,"column":null}},"112":{"start":{"line":259,"column":2},"end":{"line":259,"column":null}},"113":{"start":{"line":259,"column":41},"end":{"line":259,"column":null}},"114":{"start":{"line":261,"column":18},"end":{"line":261,"column":null}},"115":{"start":{"line":262,"column":25},"end":{"line":262,"column":null}},"116":{"start":{"line":265,"column":4},"end":{"line":265,"column":null}},"117":{"start":{"line":265,"column":39},"end":{"line":265,"column":null}},"118":{"start":{"line":266,"column":4},"end":{"line":266,"column":null}},"119":{"start":{"line":266,"column":32},"end":{"line":266,"column":null}},"120":{"start":{"line":268,"column":4},"end":{"line":268,"column":null}},"121":{"start":{"line":269,"column":4},"end":{"line":269,"column":null}},"122":{"start":{"line":271,"column":17},"end":{"line":271,"column":null}},"123":{"start":{"line":272,"column":4},"end":{"line":278,"column":null}},"124":{"start":{"line":273,"column":6},"end":{"line":277,"column":null}},"125":{"start":{"line":274,"column":8},"end":{"line":276,"column":null}},"126":{"start":{"line":275,"column":10},"end":{"line":275,"column":null}},"127":{"start":{"line":280,"column":4},"end":{"line":280,"column":null}},"128":{"start":{"line":281,"column":4},"end":{"line":281,"column":null}},"129":{"start":{"line":284,"column":2},"end":{"line":289,"column":null}},"130":{"start":{"line":285,"column":4},"end":{"line":288,"column":null}},"131":{"start":{"line":286,"column":6},"end":{"line":286,"column":null}},"132":{"start":{"line":287,"column":6},"end":{"line":287,"column":null}},"133":{"start":{"line":301,"column":2},"end":{"line":301,"column":null}},"134":{"start":{"line":301,"column":40},"end":{"line":301,"column":null}},"135":{"start":{"line":304,"column":18},"end":{"line":304,"column":null}},"136":{"start":{"line":305,"column":2},"end":{"line":307,"column":null}},"137":{"start":{"line":306,"column":4},"end":{"line":306,"column":null}},"138":{"start":{"line":306,"column":29},"end":{"line":306,"column":null}},"139":{"start":{"line":312,"column":2},"end":{"line":314,"column":null}},"140":{"start":{"line":313,"column":4},"end":{"line":313,"column":null}}},"fnMap":{"0":{"name":"createValidationPlugin","decl":{"start":{"line":7,"column":16},"end":{"line":7,"column":39}},"loc":{"start":{"line":7,"column":82},"end":{"line":56,"column":null}}},"1":{"name":"(anonymous_1)","decl":{"start":{"line":19,"column":4},"end":{"line":19,"column":null}},"loc":{"start":{"line":19,"column":4},"end":{"line":24,"column":null}}},"2":{"name":"(anonymous_2)","decl":{"start":{"line":26,"column":4},"end":{"line":26,"column":14}},"loc":{"start":{"line":26,"column":38},"end":{"line":31,"column":null}}},"3":{"name":"(anonymous_3)","decl":{"start":{"line":33,"column":4},"end":{"line":33,"column":null}},"loc":{"start":{"line":33,"column":4},"end":{"line":54,"column":null}}},"4":{"name":"(anonymous_4)","decl":{"start":{"line":42,"column":23},"end":{"line":42,"column":32}},"loc":{"start":{"line":42,"column":32},"end":{"line":42,"column":null}}},"5":{"name":"(anonymous_5)","decl":{"start":{"line":48,"column":25},"end":{"line":48,"column":36}},"loc":{"start":{"line":48,"column":36},"end":{"line":48,"column":null}}},"6":{"name":"e","decl":{"start":{"line":61,"column":9},"end":{"line":61,"column":25}},"loc":{"start":{"line":61,"column":35},"end":{"line":72,"column":null}}},"7":{"name":"n","decl":{"start":{"line":77,"column":9},"end":{"line":77,"column":null}},"loc":{"start":{"line":83,"column":45},"end":{"line":170,"column":null}}},"8":{"name":"(anonymous_8)","decl":{"start":{"line":130,"column":51},"end":{"line":130,"column":58}},"loc":{"start":{"line":130,"column":58},"end":{"line":130,"column":null}}},"9":{"name":"(anonymous_9)","decl":{"start":{"line":147,"column":70},"end":{"line":147,"column":75}},"loc":{"start":{"line":147,"column":75},"end":{"line":147,"column":null}}},"10":{"name":"(anonymous_10)","decl":{"start":{"line":156,"column":52},"end":{"line":156,"column":61}},"loc":{"start":{"line":156,"column":61},"end":{"line":156,"column":null}}},"11":{"name":"(anonymous_11)","decl":{"start":{"line":161,"column":105},"end":{"line":161,"column":112}},"loc":{"start":{"line":161,"column":112},"end":{"line":161,"column":156}}},"12":{"name":"t","decl":{"start":{"line":175,"column":9},"end":{"line":175,"column":30}},"loc":{"start":{"line":175,"column":73},"end":{"line":188,"column":null}}},"13":{"name":"s","decl":{"start":{"line":193,"column":9},"end":{"line":193,"column":33}},"loc":{"start":{"line":193,"column":76},"end":{"line":226,"column":null}}},"14":{"name":"i","decl":{"start":{"line":231,"column":9},"end":{"line":231,"column":null}},"loc":{"start":{"line":235,"column":45},"end":{"line":248,"column":null}}},"15":{"name":"o","decl":{"start":{"line":253,"column":9},"end":{"line":253,"column":null}},"loc":{"start":{"line":257,"column":45},"end":{"line":290,"column":null}}},"16":{"name":"c","decl":{"start":{"line":264,"column":11},"end":{"line":264,"column":33}},"loc":{"start":{"line":264,"column":50},"end":{"line":282,"column":null}}},"17":{"name":"c","decl":{"start":{"line":295,"column":9},"end":{"line":295,"column":null}},"loc":{"start":{"line":299,"column":45},"end":{"line":315,"column":null}}},"18":{"name":"(anonymous_18)","decl":{"start":{"line":306,"column":22},"end":{"line":306,"column":29}},"loc":{"start":{"line":306,"column":29},"end":{"line":306,"column":null}}}},"branchMap":{"0":{"loc":{"start":{"line":8,"column":2},"end":{"line":10,"column":null}},"type":"if","locations":[{"start":{"line":8,"column":2},"end":{"line":10,"column":null}},{"start":{},"end":{}}]},"1":{"loc":{"start":{"line":27,"column":6},"end":{"line":27,"column":null}},"type":"if","locations":[{"start":{"line":27,"column":6},"end":{"line":27,"column":null}},{"start":{},"end":{}}]},"2":{"loc":{"start":{"line":40,"column":6},"end":{"line":44,"column":null}},"type":"if","locations":[{"start":{"line":40,"column":6},"end":{"line":44,"column":null}},{"start":{},"end":{}}]},"3":{"loc":{"start":{"line":46,"column":6},"end":{"line":49,"column":null}},"type":"if","locations":[{"start":{"line":46,"column":6},"end":{"line":49,"column":null}},{"start":{},"end":{}}]},"4":{"loc":{"start":{"line":46,"column":10},"end":{"line":46,"column":73}},"type":"binary-expr","locations":[{"start":{"line":46,"column":10},"end":{"line":46,"column":33}},{"start":{"line":46,"column":33},"end":{"line":46,"column":73}}]},"5":{"loc":{"start":{"line":51,"column":6},"end":{"line":53,"column":null}},"type":"if","locations":[{"start":{"line":51,"column":6},"end":{"line":53,"column":null}},{"start":{},"end":{}}]},"6":{"loc":{"start":{"line":62,"column":9},"end":{"line":71,"column":null}},"type":"binary-expr","locations":[{"start":{"line":62,"column":9},"end":{"line":62,"column":null}},{"start":{"line":63,"column":9},"end":{"line":63,"column":null}},{"start":{"line":64,"column":9},"end":{"line":64,"column":null}},{"start":{"line":65,"column":9},"end":{"line":65,"column":null}},{"start":{"line":66,"column":9},"end":{"line":66,"column":null}},{"start":{"line":67,"column":9},"end":{"line":67,"column":null}},{"start":{"line":68,"column":9},"end":{"line":68,"column":null}},{"start":{"line":69,"column":9},"end":{"line":69,"column":null}},{"start":{"line":70,"column":9},"end":{"line":70,"column":null}},{"start":{"line":71,"column":9},"end":{"line":71,"column":null}}]},"7":{"loc":{"start":{"line":91,"column":4},"end":{"line":143,"column":null}},"type":"if","locations":[{"start":{"line":91,"column":4},"end":{"line":143,"column":null}},{"start":{},"end":{}}]},"8":{"loc":{"start":{"line":93,"column":6},"end":{"line":142,"column":null}},"type":"if","locations":[{"start":{"line":93,"column":6},"end":{"line":142,"column":null}},{"start":{},"end":{}}]},"9":{"loc":{"start":{"line":103,"column":8},"end":{"line":139,"column":null}},"type":"if","locations":[{"start":{"line":103,"column":8},"end":{"line":139,"column":null}},{"start":{},"end":{}}]},"10":{"loc":{"start":{"line":106,"column":10},"end":{"line":122,"column":null}},"type":"if","locations":[{"start":{"line":106,"column":10},"end":{"line":122,"column":null}},{"start":{},"end":{}}]},"11":{"loc":{"start":{"line":110,"column":12},"end":{"line":121,"column":null}},"type":"if","locations":[{"start":{"line":110,"column":12},"end":{"line":121,"column":null}},{"start":{},"end":{}}]},"12":{"loc":{"start":{"line":114,"column":16},"end":{"line":119,"column":null}},"type":"if","locations":[{"start":{"line":114,"column":16},"end":{"line":119,"column":null}},{"start":{},"end":{}}]},"13":{"loc":{"start":{"line":114,"column":20},"end":{"line":114,"column":57}},"type":"binary-expr","locations":[{"start":{"line":114,"column":20},"end":{"line":114,"column":34}},{"start":{"line":114,"column":34},"end":{"line":114,"column":57}}]},"14":{"loc":{"start":{"line":126,"column":10},"end":{"line":132,"column":null}},"type":"if","locations":[{"start":{"line":126,"column":10},"end":{"line":132,"column":null}},{"start":{},"end":{}}]},"15":{"loc":{"start":{"line":129,"column":12},"end":{"line":131,"column":null}},"type":"if","locations":[{"start":{"line":129,"column":12},"end":{"line":131,"column":null}},{"start":{},"end":{}}]},"16":{"loc":{"start":{"line":136,"column":10},"end":{"line":138,"column":null}},"type":"if","locations":[{"start":{"line":136,"column":10},"end":{"line":138,"column":null}},{"start":{},"end":{}}]},"17":{"loc":{"start":{"line":146,"column":4},"end":{"line":168,"column":null}},"type":"if","locations":[{"start":{"line":146,"column":4},"end":{"line":168,"column":null}},{"start":{},"end":{}}]},"18":{"loc":{"start":{"line":146,"column":8},"end":{"line":146,"column":63}},"type":"binary-expr","locations":[{"start":{"line":146,"column":8},"end":{"line":146,"column":41}},{"start":{"line":146,"column":41},"end":{"line":146,"column":63}}]},"19":{"loc":{"start":{"line":148,"column":6},"end":{"line":167,"column":null}},"type":"if","locations":[{"start":{"line":148,"column":6},"end":{"line":167,"column":null}},{"start":{},"end":{}}]},"20":{"loc":{"start":{"line":151,"column":8},"end":{"line":166,"column":null}},"type":"if","locations":[{"start":{"line":151,"column":8},"end":{"line":166,"column":null}},{"start":{},"end":{}}]},"21":{"loc":{"start":{"line":155,"column":10},"end":{"line":165,"column":null}},"type":"if","locations":[{"start":{"line":155,"column":10},"end":{"line":165,"column":null}},{"start":{},"end":{}}]},"22":{"loc":{"start":{"line":158,"column":12},"end":{"line":164,"column":null}},"type":"if","locations":[{"start":{"line":158,"column":12},"end":{"line":164,"column":null}},{"start":{},"end":{}}]},"23":{"loc":{"start":{"line":160,"column":16},"end":{"line":162,"column":null}},"type":"if","locations":[{"start":{"line":160,"column":16},"end":{"line":162,"column":null}},{"start":{},"end":{}}]},"24":{"loc":{"start":{"line":179,"column":4},"end":{"line":181,"column":null}},"type":"if","locations":[{"start":{"line":179,"column":4},"end":{"line":181,"column":null}},{"start":{},"end":{}}]},"25":{"loc":{"start":{"line":183,"column":4},"end":{"line":185,"column":null}},"type":"if","locations":[{"start":{"line":183,"column":4},"end":{"line":185,"column":null}},{"start":{},"end":{}}]},"26":{"loc":{"start":{"line":183,"column":8},"end":{"line":183,"column":99}},"type":"binary-expr","locations":[{"start":{"line":183,"column":8},"end":{"line":183,"column":33}},{"start":{"line":183,"column":33},"end":{"line":183,"column":48}},{"start":{"line":183,"column":48},"end":{"line":183,"column":74}},{"start":{"line":183,"column":74},"end":{"line":183,"column":99}}]},"27":{"loc":{"start":{"line":201,"column":4},"end":{"line":206,"column":null}},"type":"if","locations":[{"start":{"line":201,"column":4},"end":{"line":206,"column":null}},{"start":{},"end":{}}]},"28":{"loc":{"start":{"line":204,"column":20},"end":{"line":204,"column":43}},"type":"binary-expr","locations":[{"start":{"line":204,"column":20},"end":{"line":204,"column":41}},{"start":{"line":204,"column":41},"end":{"line":204,"column":43}}]},"29":{"loc":{"start":{"line":204,"column":55},"end":{"line":204,"column":78}},"type":"binary-expr","locations":[{"start":{"line":204,"column":55},"end":{"line":204,"column":76}},{"start":{"line":204,"column":76},"end":{"line":204,"column":78}}]},"30":{"loc":{"start":{"line":208,"column":4},"end":{"line":217,"column":null}},"type":"if","locations":[{"start":{"line":208,"column":4},"end":{"line":217,"column":null}},{"start":{},"end":{}}]},"31":{"loc":{"start":{"line":209,"column":21},"end":{"line":209,"column":44}},"type":"binary-expr","locations":[{"start":{"line":209,"column":21},"end":{"line":209,"column":42}},{"start":{"line":209,"column":42},"end":{"line":209,"column":44}}]},"32":{"loc":{"start":{"line":210,"column":21},"end":{"line":210,"column":44}},"type":"binary-expr","locations":[{"start":{"line":210,"column":21},"end":{"line":210,"column":42}},{"start":{"line":210,"column":42},"end":{"line":210,"column":44}}]},"33":{"loc":{"start":{"line":212,"column":6},"end":{"line":216,"column":null}},"type":"if","locations":[{"start":{"line":212,"column":6},"end":{"line":216,"column":null}},{"start":{},"end":{}}]},"34":{"loc":{"start":{"line":220,"column":4},"end":{"line":222,"column":null}},"type":"if","locations":[{"start":{"line":220,"column":4},"end":{"line":222,"column":null}},{"start":{},"end":{}}]},"35":{"loc":{"start":{"line":237,"column":2},"end":{"line":237,"column":null}},"type":"if","locations":[{"start":{"line":237,"column":2},"end":{"line":237,"column":null}},{"start":{},"end":{}}]},"36":{"loc":{"start":{"line":243,"column":6},"end":{"line":245,"column":null}},"type":"if","locations":[{"start":{"line":243,"column":6},"end":{"line":245,"column":null}},{"start":{},"end":{}}]},"37":{"loc":{"start":{"line":259,"column":2},"end":{"line":259,"column":null}},"type":"if","locations":[{"start":{"line":259,"column":2},"end":{"line":259,"column":null}},{"start":{},"end":{}}]},"38":{"loc":{"start":{"line":265,"column":4},"end":{"line":265,"column":null}},"type":"if","locations":[{"start":{"line":265,"column":4},"end":{"line":265,"column":null}},{"start":{},"end":{}}]},"39":{"loc":{"start":{"line":266,"column":4},"end":{"line":266,"column":null}},"type":"if","locations":[{"start":{"line":266,"column":4},"end":{"line":266,"column":null}},{"start":{},"end":{}}]},"40":{"loc":{"start":{"line":272,"column":4},"end":{"line":278,"column":null}},"type":"if","locations":[{"start":{"line":272,"column":4},"end":{"line":278,"column":null}},{"start":{},"end":{}}]},"41":{"loc":{"start":{"line":274,"column":8},"end":{"line":276,"column":null}},"type":"if","locations":[{"start":{"line":274,"column":8},"end":{"line":276,"column":null}},{"start":{},"end":{}}]},"42":{"loc":{"start":{"line":285,"column":4},"end":{"line":288,"column":null}},"type":"if","locations":[{"start":{"line":285,"column":4},"end":{"line":288,"column":null}},{"start":{},"end":{}}]},"43":{"loc":{"start":{"line":301,"column":2},"end":{"line":301,"column":null}},"type":"if","locations":[{"start":{"line":301,"column":2},"end":{"line":301,"column":null}},{"start":{},"end":{}}]},"44":{"loc":{"start":{"line":312,"column":2},"end":{"line":314,"column":null}},"type":"if","locations":[{"start":{"line":312,"column":2},"end":{"line":314,"column":null}},{"start":{},"end":{}}]}},"s":{"0":27,"1":0,"2":27,"3":27,"4":27,"5":27,"6":0,"7":0,"8":0,"9":0,"10":1,"11":1,"12":0,"13":0,"14":0,"15":0,"16":0,"17":0,"18":0,"19":0,"20":0,"21":0,"22":0,"23":0,"24":0,"25":0,"26":0,"27":1,"28":0,"29":0,"30":0,"31":0,"32":0,"33":0,"34":0,"35":0,"36":0,"37":0,"38":0,"39":0,"40":0,"41":0,"42":0,"43":0,"44":0,"45":0,"46":0,"47":0,"48":0,"49":0,"50":0,"51":0,"52":0,"53":0,"54":0,"55":0,"56":0,"57":0,"58":0,"59":0,"60":0,"61":0,"62":0,"63":0,"64":0,"65":0,"66":0,"67":0,"68":0,"69":0,"70":0,"71":0,"72":0,"73":0,"74":0,"75":0,"76":0,"77":0,"78":0,"79":0,"80":0,"81":0,"82":0,"83":0,"84":0,"85":0,"86":0,"87":0,"88":0,"89":0,"90":0,"91":0,"92":0,"93":0,"94":0,"95":0,"96":0,"97":0,"98":0,"99":0,"100":0,"101":0,"102":0,"103":0,"104":0,"105":0,"106":0,"107":0,"108":0,"109":0,"110":0,"111":0,"112":0,"113":0,"114":0,"115":0,"116":0,"117":0,"118":0,"119":0,"120":0,"121":0,"122":0,"123":0,"124":0,"125":0,"126":0,"127":0,"128":0,"129":0,"130":0,"131":0,"132":0,"133":0,"134":0,"135":0,"136":0,"137":0,"138":0,"139":0,"140":0},"f":{"0":27,"1":0,"2":1,"3":0,"4":0,"5":0,"6":1,"7":0,"8":0,"9":0,"10":0,"11":0,"12":0,"13":0,"14":0,"15":0,"16":0,"17":0,"18":0},"b":{"0":[0,27],"1":[1,0],"2":[0,0],"3":[0,0],"4":[0,0],"5":[0,0],"6":[1,1,1,1,1,1,1,1,1,1],"7":[0,0],"8":[0,0],"9":[0,0],"10":[0,0],"11":[0,0],"12":[0,0],"13":[0,0],"14":[0,0],"15":[0,0],"16":[0,0],"17":[0,0],"18":[0,0],"19":[0,0],"20":[0,0],"21":[0,0],"22":[0,0],"23":[0,0],"24":[0,0],"25":[0,0],"26":[0,0,0,0],"27":[0,0],"28":[0,0],"29":[0,0],"30":[0,0],"31":[0,0],"32":[0,0],"33":[0,0],"34":[0,0],"35":[0,0],"36":[0,0],"37":[0,0],"38":[0,0],"39":[0,0],"40":[0,0],"41":[0,0],"42":[0,0],"43":[0,0],"44":[0,0]}}
}
