{"total": {"lines":{"total":456,"covered":338,"skipped":0,"pct":74.12},"statements":{"total":475,"covered":349,"skipped":0,"pct":73.47},"functions":{"total":173,"covered":105,"skipped":0,"pct":60.69},"branches":{"total":201,"covered":112,"skipped":0,"pct":55.72},"branchesTrue":{"total":0,"covered":0,"skipped":0,"pct":100}}
,"/Users/benoitlahoz/Documents/oz/assemblerjs/src/utils.ts": {"lines":{"total":57,"covered":44,"skipped":0,"pct":77.19},"functions":{"total":30,"covered":20,"skipped":0,"pct":66.66},"statements":{"total":67,"covered":51,"skipped":0,"pct":76.11},"branches":{"total":30,"covered":15,"skipped":0,"pct":50}}
,"/Users/benoitlahoz/Documents/oz/assemblerjs/src/core/assemblage.abstract.ts": {"lines":{"total":0,"covered":0,"skipped":0,"pct":100},"functions":{"total":1,"covered":0,"skipped":0,"pct":0},"statements":{"total":0,"covered":0,"skipped":0,"pct":100},"branches":{"total":0,"covered":0,"skipped":0,"pct":100}}
,"/Users/benoitlahoz/Documents/oz/assemblerjs/src/core/assemblage.decorator.ts": {"lines":{"total":8,"covered":8,"skipped":0,"pct":100},"functions":{"total":3,"covered":3,"skipped":0,"pct":100},"statements":{"total":8,"covered":8,"skipped":0,"pct":100},"branches":{"total":4,"covered":2,"skipped":0,"pct":50}}
,"/Users/benoitlahoz/Documents/oz/assemblerjs/src/core/assemblage.definition.ts": {"lines":{"total":56,"covered":29,"skipped":0,"pct":51.78},"functions":{"total":28,"covered":12,"skipped":0,"pct":42.85},"statements":{"total":58,"covered":30,"skipped":0,"pct":51.72},"branches":{"total":44,"covered":17,"skipped":0,"pct":38.63}}
,"/Users/benoitlahoz/Documents/oz/assemblerjs/src/core/assemblage.hooks.ts": {"lines":{"total":9,"covered":9,"skipped":0,"pct":100},"functions":{"total":3,"covered":3,"skipped":0,"pct":100},"statements":{"total":9,"covered":9,"skipped":0,"pct":100},"branches":{"total":4,"covered":4,"skipped":0,"pct":100}}
,"/Users/benoitlahoz/Documents/oz/assemblerjs/src/core/assembler.ts": {"lines":{"total":32,"covered":23,"skipped":0,"pct":71.87},"functions":{"total":9,"covered":7,"skipped":0,"pct":77.77},"statements":{"total":32,"covered":23,"skipped":0,"pct":71.87},"branches":{"total":8,"covered":3,"skipped":0,"pct":37.5}}
,"/Users/benoitlahoz/Documents/oz/assemblerjs/src/core/dependencies.helpers.ts": {"lines":{"total":37,"covered":31,"skipped":0,"pct":83.78},"functions":{"total":2,"covered":2,"skipped":0,"pct":100},"statements":{"total":37,"covered":31,"skipped":0,"pct":83.78},"branches":{"total":14,"covered":12,"skipped":0,"pct":85.71}}
,"/Users/benoitlahoz/Documents/oz/assemblerjs/src/core/events.helpers.ts": {"lines":{"total":19,"covered":19,"skipped":0,"pct":100},"functions":{"total":3,"covered":3,"skipped":0,"pct":100},"statements":{"total":21,"covered":21,"skipped":0,"pct":100},"branches":{"total":8,"covered":6,"skipped":0,"pct":75}}
,"/Users/benoitlahoz/Documents/oz/assemblerjs/src/core/injectable.ts": {"lines":{"total":45,"covered":39,"skipped":0,"pct":86.66},"functions":{"total":13,"covered":9,"skipped":0,"pct":69.23},"statements":{"total":46,"covered":40,"skipped":0,"pct":86.95},"branches":{"total":22,"covered":12,"skipped":0,"pct":54.54}}
,"/Users/benoitlahoz/Documents/oz/assemblerjs/src/core/injection.helpers.ts": {"lines":{"total":19,"covered":6,"skipped":0,"pct":31.57},"functions":{"total":16,"covered":3,"skipped":0,"pct":18.75},"statements":{"total":21,"covered":6,"skipped":0,"pct":28.57},"branches":{"total":4,"covered":0,"skipped":0,"pct":0}}
,"/Users/benoitlahoz/Documents/oz/assemblerjs/src/core/parameters.decorators.ts": {"lines":{"total":9,"covered":9,"skipped":0,"pct":100},"functions":{"total":2,"covered":2,"skipped":0,"pct":100},"statements":{"total":9,"covered":9,"skipped":0,"pct":100},"branches":{"total":2,"covered":2,"skipped":0,"pct":100}}
,"/Users/benoitlahoz/Documents/oz/assemblerjs/src/core/parameters.helpers.ts": {"lines":{"total":14,"covered":14,"skipped":0,"pct":100},"functions":{"total":5,"covered":5,"skipped":0,"pct":100},"statements":{"total":14,"covered":14,"skipped":0,"pct":100},"branches":{"total":16,"covered":12,"skipped":0,"pct":75}}
,"/Users/benoitlahoz/Documents/oz/assemblerjs/src/core/reflection.constants.ts": {"lines":{"total":9,"covered":9,"skipped":0,"pct":100},"functions":{"total":0,"covered":0,"skipped":0,"pct":100},"statements":{"total":9,"covered":9,"skipped":0,"pct":100},"branches":{"total":0,"covered":0,"skipped":0,"pct":100}}
,"/Users/benoitlahoz/Documents/oz/assemblerjs/src/core/reflection.helpers.ts": {"lines":{"total":8,"covered":7,"skipped":0,"pct":87.5},"functions":{"total":4,"covered":3,"skipped":0,"pct":75},"statements":{"total":8,"covered":7,"skipped":0,"pct":87.5},"branches":{"total":2,"covered":2,"skipped":0,"pct":100}}
,"/Users/benoitlahoz/Documents/oz/assemblerjs/src/decorators/awaitable.decorator.ts": {"lines":{"total":13,"covered":11,"skipped":0,"pct":84.61},"functions":{"total":5,"covered":5,"skipped":0,"pct":100},"statements":{"total":13,"covered":11,"skipped":0,"pct":84.61},"branches":{"total":5,"covered":4,"skipped":0,"pct":80}}
,"/Users/benoitlahoz/Documents/oz/assemblerjs/src/events/event-manager.ts": {"lines":{"total":65,"covered":48,"skipped":0,"pct":73.84},"functions":{"total":18,"covered":13,"skipped":0,"pct":72.22},"statements":{"total":65,"covered":48,"skipped":0,"pct":73.84},"branches":{"total":24,"covered":16,"skipped":0,"pct":66.66}}
,"/Users/benoitlahoz/Documents/oz/assemblerjs/src/events/listener-collection.ts": {"lines":{"total":56,"covered":32,"skipped":0,"pct":57.14},"functions":{"total":31,"covered":15,"skipped":0,"pct":48.38},"statements":{"total":58,"covered":32,"skipped":0,"pct":55.17},"branches":{"total":14,"covered":5,"skipped":0,"pct":35.71}}
}
