{"total": {"lines":{"total":410,"covered":344,"skipped":0,"pct":83.9},"statements":{"total":427,"covered":360,"skipped":0,"pct":84.3},"functions":{"total":162,"covered":132,"skipped":0,"pct":81.48},"branches":{"total":181,"covered":135,"skipped":0,"pct":74.58},"branchesTrue":{"total":0,"covered":0,"skipped":0,"pct":100}}
,"/Users/benoitlahoz/Documents/oz/assemblerjs/src/assemblage/decorator.ts": {"lines":{"total":8,"covered":7,"skipped":0,"pct":87.5},"functions":{"total":3,"covered":2,"skipped":0,"pct":66.66},"statements":{"total":8,"covered":7,"skipped":0,"pct":87.5},"branches":{"total":4,"covered":2,"skipped":0,"pct":50}}
,"/Users/benoitlahoz/Documents/oz/assemblerjs/src/assemblage/definition.ts": {"lines":{"total":56,"covered":41,"skipped":0,"pct":73.21},"functions":{"total":28,"covered":21,"skipped":0,"pct":75},"statements":{"total":58,"covered":43,"skipped":0,"pct":74.13},"branches":{"total":44,"covered":32,"skipped":0,"pct":72.72}}
,"/Users/benoitlahoz/Documents/oz/assemblerjs/src/assemblage/hooks.ts": {"lines":{"total":9,"covered":9,"skipped":0,"pct":100},"functions":{"total":3,"covered":3,"skipped":0,"pct":100},"statements":{"total":9,"covered":9,"skipped":0,"pct":100},"branches":{"total":4,"covered":4,"skipped":0,"pct":100}}
,"/Users/benoitlahoz/Documents/oz/assemblerjs/src/assemblage/reflection.ts": {"lines":{"total":16,"covered":15,"skipped":0,"pct":93.75},"functions":{"total":4,"covered":3,"skipped":0,"pct":75},"statements":{"total":16,"covered":15,"skipped":0,"pct":93.75},"branches":{"total":2,"covered":2,"skipped":0,"pct":100}}
,"/Users/benoitlahoz/Documents/oz/assemblerjs/src/assemblage/types.ts": {"lines":{"total":0,"covered":0,"skipped":0,"pct":100},"functions":{"total":1,"covered":0,"skipped":0,"pct":0},"statements":{"total":0,"covered":0,"skipped":0,"pct":100},"branches":{"total":0,"covered":0,"skipped":0,"pct":100}}
,"/Users/benoitlahoz/Documents/oz/assemblerjs/src/assembler/assembler.ts": {"lines":{"total":31,"covered":24,"skipped":0,"pct":77.41},"functions":{"total":9,"covered":7,"skipped":0,"pct":77.77},"statements":{"total":32,"covered":25,"skipped":0,"pct":78.12},"branches":{"total":8,"covered":5,"skipped":0,"pct":62.5}}
,"/Users/benoitlahoz/Documents/oz/assemblerjs/src/common/utils.ts": {"lines":{"total":57,"covered":50,"skipped":0,"pct":87.71},"functions":{"total":30,"covered":26,"skipped":0,"pct":86.66},"statements":{"total":67,"covered":60,"skipped":0,"pct":89.55},"branches":{"total":30,"covered":25,"skipped":0,"pct":83.33}}
,"/Users/benoitlahoz/Documents/oz/assemblerjs/src/events/event-manager.ts": {"lines":{"total":65,"covered":45,"skipped":0,"pct":69.23},"functions":{"total":18,"covered":13,"skipped":0,"pct":72.22},"statements":{"total":65,"covered":45,"skipped":0,"pct":69.23},"branches":{"total":24,"covered":15,"skipped":0,"pct":62.5}}
,"/Users/benoitlahoz/Documents/oz/assemblerjs/src/events/collection/listener-collection.ts": {"lines":{"total":56,"covered":49,"skipped":0,"pct":87.5},"functions":{"total":31,"covered":27,"skipped":0,"pct":87.09},"statements":{"total":58,"covered":50,"skipped":0,"pct":86.2},"branches":{"total":14,"covered":9,"skipped":0,"pct":64.28}}
,"/Users/benoitlahoz/Documents/oz/assemblerjs/src/injection/decorators.ts": {"lines":{"total":19,"covered":19,"skipped":0,"pct":100},"functions":{"total":6,"covered":6,"skipped":0,"pct":100},"statements":{"total":19,"covered":19,"skipped":0,"pct":100},"branches":{"total":14,"covered":11,"skipped":0,"pct":78.57}}
,"/Users/benoitlahoz/Documents/oz/assemblerjs/src/injection/dependencies.ts": {"lines":{"total":33,"covered":33,"skipped":0,"pct":100},"functions":{"total":2,"covered":2,"skipped":0,"pct":100},"statements":{"total":33,"covered":33,"skipped":0,"pct":100},"branches":{"total":11,"covered":11,"skipped":0,"pct":100}}
,"/Users/benoitlahoz/Documents/oz/assemblerjs/src/injection/injectable.ts": {"lines":{"total":41,"covered":36,"skipped":0,"pct":87.8},"functions":{"total":11,"covered":9,"skipped":0,"pct":81.81},"statements":{"total":42,"covered":37,"skipped":0,"pct":88.09},"branches":{"total":22,"covered":15,"skipped":0,"pct":68.18}}
,"/Users/benoitlahoz/Documents/oz/assemblerjs/src/injection/resolvers.ts": {"lines":{"total":19,"covered":16,"skipped":0,"pct":84.21},"functions":{"total":16,"covered":13,"skipped":0,"pct":81.25},"statements":{"total":20,"covered":17,"skipped":0,"pct":85},"branches":{"total":4,"covered":4,"skipped":0,"pct":100}}
}
